Using pre-set license
Built from '2022.3/staging' branch; Version is '2022.3.9f1 (ea401c316338) revision 15351836'; Using compiler version '192829333'; Build Type 'Release'
OS: 'Windows 11  (10.0.22631) 64bit CoreSingleLanguage' Language: 'en' Physical Memory: 24355 MB
BatchMode: 1, IsHumanControllingUs: 0, StartBugReporterOnCrash: 0, Is64bit: 1, IsPro: 1

COMMAND LINE ARGUMENTS:
E:\Unity\2022.3.9f1\Editor\Unity.exe
-adb2
-batchMode
-noUpm
-name
AssetImportWorker17
-projectPath
F:/Unity Project/Final Project VTCA-PirateGame
-logFile
Logs/AssetImportWorker17.log
-srvPort
51336
Successfully changed project path to: F:/Unity Project/Final Project VTCA-PirateGame
F:/Unity Project/Final Project VTCA-PirateGame
[UnityMemory] Configuration Parameters - Can be set up in boot.config
    "memorysetup-bucket-allocator-granularity=16"
    "memorysetup-bucket-allocator-bucket-count=8"
    "memorysetup-bucket-allocator-block-size=33554432"
    "memorysetup-bucket-allocator-block-count=8"
    "memorysetup-main-allocator-block-size=16777216"
    "memorysetup-thread-allocator-block-size=16777216"
    "memorysetup-gfx-main-allocator-block-size=16777216"
    "memorysetup-gfx-thread-allocator-block-size=16777216"
    "memorysetup-cache-allocator-block-size=4194304"
    "memorysetup-typetree-allocator-block-size=2097152"
    "memorysetup-profiler-bucket-allocator-granularity=16"
    "memorysetup-profiler-bucket-allocator-bucket-count=8"
    "memorysetup-profiler-bucket-allocator-block-size=33554432"
    "memorysetup-profiler-bucket-allocator-block-count=8"
    "memorysetup-profiler-allocator-block-size=16777216"
    "memorysetup-profiler-editor-allocator-block-size=1048576"
    "memorysetup-temp-allocator-size-main=16777216"
    "memorysetup-job-temp-allocator-block-size=2097152"
    "memorysetup-job-temp-allocator-block-size-background=1048576"
    "memorysetup-job-temp-allocator-reduction-small-platforms=262144"
    "memorysetup-allocator-temp-initial-block-size-main=262144"
    "memorysetup-allocator-temp-initial-block-size-worker=262144"
    "memorysetup-temp-allocator-size-background-worker=32768"
    "memorysetup-temp-allocator-size-job-worker=262144"
    "memorysetup-temp-allocator-size-preload-manager=33554432"
    "memorysetup-temp-allocator-size-nav-mesh-worker=65536"
    "memorysetup-temp-allocator-size-audio-worker=65536"
    "memorysetup-temp-allocator-size-cloud-worker=32768"
    "memorysetup-temp-allocator-size-gi-baking-worker=262144"
    "memorysetup-temp-allocator-size-gfx=262144"
Player connection [39096] Host "[IP] 192.168.1.112 [Port] 0 [Flags] 2 [Guid] 2043003798 [EditorId] 2043003798 [Version] 1048832 [Id] WindowsEditor(7,LAPTOP-LPCI8Q8O) [Debug] 1 [PackageName] WindowsEditor [ProjectName] Editor" joined multi-casting on [225.0.0.222:54997]...

Player connection [39096] Host "[IP] 192.168.1.112 [Port] 0 [Flags] 2 [Guid] 2043003798 [EditorId] 2043003798 [Version] 1048832 [Id] WindowsEditor(7,LAPTOP-LPCI8Q8O) [Debug] 1 [PackageName] WindowsEditor [ProjectName] Editor" joined alternative multi-casting on [225.0.0.222:34997]...

[Physics::Module] Initialized MultithreadedJobDispatcher with 15 workers.
Refreshing native plugins compatible for Editor in 5.20 ms, found 3 plugins.
Preloading 0 native plugins for Editor in 0.00 ms.
Initialize engine version: 2022.3.9f1 (ea401c316338)
[Subsystems] Discovering subsystems at path E:/Unity/2022.3.9f1/Editor/Data/Resources/UnitySubsystems
[Subsystems] Discovering subsystems at path F:/Unity Project/Final Project VTCA-PirateGame/Assets
GfxDevice: creating device client; threaded=0; jobified=0
Direct3D:
    Version:  Direct3D 11.0 [level 11.1]
    Renderer: NVIDIA GeForce RTX 3050 Ti Laptop GPU (ID=0x25a0)
    Vendor:   NVIDIA
    VRAM:     3962 MB
    Driver:   32.0.15.6070
Initialize mono
Mono path[0] = 'E:/Unity/2022.3.9f1/Editor/Data/Managed'
Mono path[1] = 'E:/Unity/2022.3.9f1/Editor/Data/MonoBleedingEdge/lib/mono/unityjit-win32'
Mono config path = 'E:/Unity/2022.3.9f1/Editor/Data/MonoBleedingEdge/etc'
Using monoOptions --debugger-agent=transport=dt_socket,embedding=1,server=y,suspend=n,address=127.0.0.1:56380
Begin MonoManager ReloadAssembly
Registering precompiled unity dll's ...
Register platform support module: E:/Unity/2022.3.9f1/Editor/Data/PlaybackEngines/AndroidPlayer/UnityEditor.Android.Extensions.dll
Register platform support module: E:/Unity/2022.3.9f1/Editor/Data/PlaybackEngines/WindowsStandaloneSupport/UnityEditor.WindowsStandalone.Extensions.dll
Registered in 0.002600 seconds.
- Loaded All Assemblies, in  0.261 seconds
Native extension for WindowsStandalone target not found
Native extension for Android target not found
Android Extension - Scanning For ADB Devices 250 ms
Mono: successfully reloaded assembly
- Finished resetting the current domain, in  0.492 seconds
Domain Reload Profiling: 753ms
	BeginReloadAssembly (82ms)
		ExecutionOrderSort (0ms)
		DisableScriptedObjects (0ms)
		BackupInstance (0ms)
		ReleaseScriptingObjects (0ms)
		CreateAndSetChildDomain (1ms)
	RebuildCommonClasses (27ms)
	RebuildNativeTypeToScriptingClass (8ms)
	initialDomainReloadingComplete (35ms)
	LoadAllAssembliesAndSetupDomain (109ms)
		LoadAssemblies (82ms)
		RebuildTransferFunctionScriptingTraits (0ms)
		AnalyzeDomain (108ms)
			TypeCache.Refresh (106ms)
				TypeCache.ScanAssembly (96ms)
			ScanForSourceGeneratedMonoScriptInfo (0ms)
			ResolveRequiredComponents (0ms)
	FinalizeReload (492ms)
		ReleaseScriptCaches (0ms)
		RebuildScriptCaches (0ms)
		SetupLoadedEditorAssemblies (446ms)
			LogAssemblyErrors (0ms)
			InitializePlatformSupportModulesInManaged (331ms)
			SetLoadedEditorAssemblies (4ms)
			RefreshPlugins (0ms)
			BeforeProcessingInitializeOnLoad (2ms)
			ProcessInitializeOnLoadAttributes (76ms)
			ProcessInitializeOnLoadMethodAttributes (34ms)
			AfterProcessingInitializeOnLoad (0ms)
			EditorAssembliesLoaded (0ms)
		ExecutionOrderSort2 (0ms)
		AwakeInstancesAfterBackupRestoration (0ms)
========================================================================
Worker process is ready to serve import requests
Begin MonoManager ReloadAssembly
- Loaded All Assemblies, in  0.483 seconds
Refreshing native plugins compatible for Editor in 1.88 ms, found 3 plugins.
Native extension for WindowsStandalone target not found
Native extension for Android target not found
Package Manager log level set to [2]
[Package Manager] Server::EnsureServerProcessIsRunning -- launch failed, reason: Unity was launched with the -noUpm command-line argument
[Package Manager] UpmClient::Send -- Unable to send message (not connected to UPM process).
[Package Manager] Cannot connect to Unity Package Manager local server
Mono: successfully reloaded assembly
- Finished resetting the current domain, in  0.544 seconds
Domain Reload Profiling: 1028ms
	BeginReloadAssembly (115ms)
		ExecutionOrderSort (0ms)
		DisableScriptedObjects (4ms)
		BackupInstance (0ms)
		ReleaseScriptingObjects (0ms)
		CreateAndSetChildDomain (20ms)
	RebuildCommonClasses (25ms)
	RebuildNativeTypeToScriptingClass (9ms)
	initialDomainReloadingComplete (28ms)
	LoadAllAssembliesAndSetupDomain (306ms)
		LoadAssemblies (217ms)
		RebuildTransferFunctionScriptingTraits (0ms)
		AnalyzeDomain (154ms)
			TypeCache.Refresh (137ms)
				TypeCache.ScanAssembly (118ms)
			ScanForSourceGeneratedMonoScriptInfo (12ms)
			ResolveRequiredComponents (3ms)
	FinalizeReload (545ms)
		ReleaseScriptCaches (0ms)
		RebuildScriptCaches (0ms)
		SetupLoadedEditorAssemblies (427ms)
			LogAssemblyErrors (0ms)
			InitializePlatformSupportModulesInManaged (17ms)
			SetLoadedEditorAssemblies (3ms)
			RefreshPlugins (0ms)
			BeforeProcessingInitializeOnLoad (63ms)
			ProcessInitializeOnLoadAttributes (327ms)
			ProcessInitializeOnLoadMethodAttributes (15ms)
			AfterProcessingInitializeOnLoad (2ms)
			EditorAssembliesLoaded (0ms)
		ExecutionOrderSort2 (0ms)
		AwakeInstancesAfterBackupRestoration (4ms)
Launched and connected shader compiler UnityShaderCompiler.exe after 0.04 seconds
Refreshing native plugins compatible for Editor in 1.63 ms, found 3 plugins.
Preloading 0 native plugins for Editor in 0.00 ms.
Unloading 3088 Unused Serialized files (Serialized files now loaded: 0)
Unloading 31 unused Assets / (56.4 KB). Loaded Objects now: 3553.
Memory consumption went from 122.6 MB to 122.6 MB.
Total: 3.381500 ms (FindLiveObjects: 0.431100 ms CreateObjectMapping: 0.115200 ms MarkObjects: 2.707700 ms  DeleteObjects: 0.124600 ms)

AssetImportParameters requested are different than current active one (requested -> active):
  custom:container-demuxer-ogg: 62fdf1f143b41e24485cea50d1cbac27 -> 
  custom:video-decoder-ogg-theora: a1e56fd34408186e4bbccfd4996cb3dc -> 
  custom:framework-win-MediaFoundation: 216162199b28c13a410421893ffa2e32 -> 
  custom:CustomObjectIndexerAttribute: 756ad292c208cfabdd7b50bc23989ffe -> 
  custom:container-demuxer-webm: 4f35f7cbe854078d1ac9338744f61a02 -> 
  custom:container-muxer-webm: aa71ff27fc2769a1b78a27578f13a17b -> 
  custom:video-decoder-webm-vp8: 9c59270c3fd7afecdb556c50c9e8de78 -> 
  custom:SearchIndexIgnoredProperties: e643bd26f0fe6173181afceb89e7c659 -> 
  custom:AudioImporter_EditorPlatform: d09bf68614088b80899f8185d706f6e7 -> 
  custom:video-encoder-webm-vp8: eb34c28f22e8b96e1ab97ce403110664 -> 
  custom:audio-decoder-ogg-vorbis: bf7c407c2cedff20999df2af8eb42d56 -> 
  custom:audio-encoder-webm-vorbis: bf7c407c2cedff20999df2af8eb42d56 -> 
========================================================================
Received Import Request.
  Time since last request: 519578.703397 seconds.
  path: Assets/Prefabs/Character/Captain.prefab
  artifactKey: Guid(7da0ade193eb29246819a74c56f83b3a) Importer(815301076,1909f56bfc062723c751e8b465ee728b)
Start importing Assets/Prefabs/Character/Captain.prefab using Guid(7da0ade193eb29246819a74c56f83b3a) Importer(815301076,1909f56bfc062723c751e8b465ee728b)  -> (artifact id: '30415e173ad23b3259a00624b764ae32') in 0.093072 seconds
Number of updated asset objects reloaded before import = 0
Number of asset objects unloaded after import = 588
========================================================================
Received Import Request.
  Time since last request: 43.743948 seconds.
  path: Assets/PolygonPirates/Prefabs/Environments/SM_Env_Rock_Huge_01.prefab
  artifactKey: Guid(b2422d159a2884643ba9d94d7a1c57de) Importer(815301076,1909f56bfc062723c751e8b465ee728b)
Start importing Assets/PolygonPirates/Prefabs/Environments/SM_Env_Rock_Huge_01.prefab using Guid(b2422d159a2884643ba9d94d7a1c57de) Importer(815301076,1909f56bfc062723c751e8b465ee728b)  -> (artifact id: '6a6473efbdbbbebf5be3128e1c10d7a8') in 0.018453 seconds
Number of updated asset objects reloaded before import = 0
Number of asset objects unloaded after import = 11
========================================================================
Received Import Request.
  Time since last request: 0.013387 seconds.
  path: Assets/PolygonPirates/Prefabs/Environments/SM_Env_Rock_Huge_03.prefab
  artifactKey: Guid(e0c965224454eb34e84586d6fe313eae) Importer(815301076,1909f56bfc062723c751e8b465ee728b)
Start importing Assets/PolygonPirates/Prefabs/Environments/SM_Env_Rock_Huge_03.prefab using Guid(e0c965224454eb34e84586d6fe313eae) Importer(815301076,1909f56bfc062723c751e8b465ee728b)  -> (artifact id: '89f6037461206ebb932405049ebc1ab2') in 0.018768 seconds
Number of updated asset objects reloaded before import = 0
Number of asset objects unloaded after import = 11
========================================================================
Received Import Request.
  Time since last request: 0.012912 seconds.
  path: Assets/PolygonPirates/Prefabs/Environments/SM_Env_Rock_Large_02.prefab
  artifactKey: Guid(5bc229dfc40d9ae47be77c071dfa4e08) Importer(815301076,1909f56bfc062723c751e8b465ee728b)
Start importing Assets/PolygonPirates/Prefabs/Environments/SM_Env_Rock_Large_02.prefab using Guid(5bc229dfc40d9ae47be77c071dfa4e08) Importer(815301076,1909f56bfc062723c751e8b465ee728b)  -> (artifact id: '1eefb262282f4d8ab47913d6ce11396a') in 0.020570 seconds
Number of updated asset objects reloaded before import = 0
Number of asset objects unloaded after import = 11
========================================================================
Received Import Request.
  Time since last request: 0.000020 seconds.
  path: Assets/PolygonPirates/Prefabs/Environments/SM_Env_Rock_Large_06.prefab
  artifactKey: Guid(32c513dd4f75bc24692549a1a831b5c3) Importer(815301076,1909f56bfc062723c751e8b465ee728b)
Start importing Assets/PolygonPirates/Prefabs/Environments/SM_Env_Rock_Large_06.prefab using Guid(32c513dd4f75bc24692549a1a831b5c3) Importer(815301076,1909f56bfc062723c751e8b465ee728b)  -> (artifact id: 'f6500fd7665df663841f7c2ed297a448') in 0.020910 seconds
Number of updated asset objects reloaded before import = 0
Number of asset objects unloaded after import = 11
========================================================================
Received Import Request.
  Time since last request: 0.000023 seconds.
  path: Assets/PolygonPirates/Prefabs/Environments/SM_Env_Rock_Large_07.prefab
  artifactKey: Guid(59c46909f95e9a94fae7eea9a6ddc7d9) Importer(815301076,1909f56bfc062723c751e8b465ee728b)
Start importing Assets/PolygonPirates/Prefabs/Environments/SM_Env_Rock_Large_07.prefab using Guid(59c46909f95e9a94fae7eea9a6ddc7d9) Importer(815301076,1909f56bfc062723c751e8b465ee728b)  -> (artifact id: '288791d304d78e7395dbc60e5d6fc52e') in 0.015897 seconds
Number of updated asset objects reloaded before import = 0
Number of asset objects unloaded after import = 11
========================================================================
Received Import Request.
  Time since last request: 0.000015 seconds.
  path: Assets/PolygonPirates/Prefabs/Environments/SM_Env_Rock_Skull_01.prefab
  artifactKey: Guid(f7a9904488fffb8458355a1532858d62) Importer(815301076,1909f56bfc062723c751e8b465ee728b)
Start importing Assets/PolygonPirates/Prefabs/Environments/SM_Env_Rock_Skull_01.prefab using Guid(f7a9904488fffb8458355a1532858d62) Importer(815301076,1909f56bfc062723c751e8b465ee728b)  -> (artifact id: '262913139a4b12145aaf37d197b71bfd') in 0.018329 seconds
Number of updated asset objects reloaded before import = 0
Number of asset objects unloaded after import = 11
========================================================================
Received Import Request.
  Time since last request: 0.000023 seconds.
  path: Assets/PolygonPirates/Prefabs/Environments/SM_Env_SmallRock_01.prefab
  artifactKey: Guid(9259de520b01f014399227190d1a6e94) Importer(815301076,1909f56bfc062723c751e8b465ee728b)
Start importing Assets/PolygonPirates/Prefabs/Environments/SM_Env_SmallRock_01.prefab using Guid(9259de520b01f014399227190d1a6e94) Importer(815301076,1909f56bfc062723c751e8b465ee728b)  -> (artifact id: '976aa4d30313b5ea3b1c1af36c6b2635') in 0.017340 seconds
Number of updated asset objects reloaded before import = 0
Number of asset objects unloaded after import = 10
========================================================================
Received Import Request.
  Time since last request: 0.000030 seconds.
  path: Assets/PolygonPirates/Prefabs/Environments/SM_Env_Rock_Large_08.prefab
  artifactKey: Guid(d9990814fad01bc40982daa055540d5a) Importer(815301076,1909f56bfc062723c751e8b465ee728b)
Start importing Assets/PolygonPirates/Prefabs/Environments/SM_Env_Rock_Large_08.prefab using Guid(d9990814fad01bc40982daa055540d5a) Importer(815301076,1909f56bfc062723c751e8b465ee728b)  -> (artifact id: '3bc68b06f6083a3dd6e1d95de267155f') in 0.105175 seconds
Number of updated asset objects reloaded before import = 0
Number of asset objects unloaded after import = 11
========================================================================
Received Import Request.
  Time since last request: 0.000016 seconds.
  path: Assets/PolygonPirates/Prefabs/Environments/SM_Env_Rock_Large_03.prefab
  artifactKey: Guid(2d3f20e70723c1c44bd53c786fdc7b7b) Importer(815301076,1909f56bfc062723c751e8b465ee728b)
Start importing Assets/PolygonPirates/Prefabs/Environments/SM_Env_Rock_Large_03.prefab using Guid(2d3f20e70723c1c44bd53c786fdc7b7b) Importer(815301076,1909f56bfc062723c751e8b465ee728b)  -> (artifact id: '52399464eedcb5c2feeedd1297f37754') in 0.051684 seconds
Number of updated asset objects reloaded before import = 0
Number of asset objects unloaded after import = 11
========================================================================
Received Import Request.
  Time since last request: 0.000017 seconds.
  path: Assets/PolygonPirates/Prefabs/Environments/SM_Env_Rock_Large_04.prefab
  artifactKey: Guid(178878bcf5455764d89195155eee7e66) Importer(815301076,1909f56bfc062723c751e8b465ee728b)
Start importing Assets/PolygonPirates/Prefabs/Environments/SM_Env_Rock_Large_04.prefab using Guid(178878bcf5455764d89195155eee7e66) Importer(815301076,1909f56bfc062723c751e8b465ee728b)  -> (artifact id: 'eb16b571e7185ed70d3066b2f641cc85') in 0.075470 seconds
Number of updated asset objects reloaded before import = 0
Number of asset objects unloaded after import = 11
========================================================================
Received Import Request.
  Time since last request: 0.000026 seconds.
  path: Assets/PolygonPirates/Prefabs/Environments/SM_Env_SugarCane_02.prefab
  artifactKey: Guid(5666d57f599f2a04383a26b03b4c2b7e) Importer(815301076,1909f56bfc062723c751e8b465ee728b)
Start importing Assets/PolygonPirates/Prefabs/Environments/SM_Env_SugarCane_02.prefab using Guid(5666d57f599f2a04383a26b03b4c2b7e) Importer(815301076,1909f56bfc062723c751e8b465ee728b)  -> (artifact id: '8c7a699dc938800c088539b63a08333c') in 0.018889 seconds
Number of updated asset objects reloaded before import = 0
Number of asset objects unloaded after import = 10
========================================================================
Received Import Request.
  Time since last request: 0.000029 seconds.
  path: Assets/PolygonPirates/Prefabs/Environments/SM_Env_Rock_Large_01.prefab
  artifactKey: Guid(d2402c37ee91cab4498a66672680e0c0) Importer(815301076,1909f56bfc062723c751e8b465ee728b)
Start importing Assets/PolygonPirates/Prefabs/Environments/SM_Env_Rock_Large_01.prefab using Guid(d2402c37ee91cab4498a66672680e0c0) Importer(815301076,1909f56bfc062723c751e8b465ee728b)  -> (artifact id: '8b17ce7cba5113204a1a721e0b45dbdd') in 0.018278 seconds
Number of updated asset objects reloaded before import = 0
Number of asset objects unloaded after import = 11
========================================================================
Received Import Request.
  Time since last request: 0.000020 seconds.
  path: Assets/PolygonPirates/Prefabs/Environments/SM_Env_Rock_Large_010.prefab
  artifactKey: Guid(6872f29794017c04cb0ae1e89e6828a5) Importer(815301076,1909f56bfc062723c751e8b465ee728b)
Start importing Assets/PolygonPirates/Prefabs/Environments/SM_Env_Rock_Large_010.prefab using Guid(6872f29794017c04cb0ae1e89e6828a5) Importer(815301076,1909f56bfc062723c751e8b465ee728b)  -> (artifact id: '02a870fec5a5291dc261fe020681ddf4') in 0.021861 seconds
Number of updated asset objects reloaded before import = 0
Number of asset objects unloaded after import = 11
========================================================================
Received Import Request.
  Time since last request: 32.487056 seconds.
  path: Assets/Prefabs/Character/Captain.prefab
  artifactKey: Guid(7da0ade193eb29246819a74c56f83b3a) Importer(815301076,1909f56bfc062723c751e8b465ee728b)
Start importing Assets/Prefabs/Character/Captain.prefab using Guid(7da0ade193eb29246819a74c56f83b3a) Importer(815301076,1909f56bfc062723c751e8b465ee728b)  -> (artifact id: 'c336eb4f5a853cf6f168c4239e6143eb') in 0.027723 seconds
Number of updated asset objects reloaded before import = 0
Number of asset objects unloaded after import = 589
========================================================================
Received Import Request.
  Time since last request: 4.345834 seconds.
  path: Assets/Prefabs/Character/Characters 1.prefab
  artifactKey: Guid(073823b02f429064495eaa08cc9e94be) Importer(815301076,1909f56bfc062723c751e8b465ee728b)
Start importing Assets/Prefabs/Character/Characters 1.prefab using Guid(073823b02f429064495eaa08cc9e94be) Importer(815301076,1909f56bfc062723c751e8b465ee728b)  -> (artifact id: 'd764ef72aa4b25341b738ac6fee14a32') in 0.015509 seconds
Number of updated asset objects reloaded before import = 0
Number of asset objects unloaded after import = 582
========================================================================
Received Import Request.
  Time since last request: 29.092926 seconds.
  path: Assets/Prefabs/Character/Characters 1.prefab
  artifactKey: Guid(073823b02f429064495eaa08cc9e94be) Importer(815301076,1909f56bfc062723c751e8b465ee728b)
Start importing Assets/Prefabs/Character/Characters 1.prefab using Guid(073823b02f429064495eaa08cc9e94be) Importer(815301076,1909f56bfc062723c751e8b465ee728b)  -> (artifact id: '196dba258d63f7f37bf8971a41cb08fe') in 0.022089 seconds
Number of updated asset objects reloaded before import = 0
Number of asset objects unloaded after import = 583
========================================================================
Received Import Request.
  Time since last request: 10.419216 seconds.
  path: Assets/Prefabs/Character/Govenor.prefab
  artifactKey: Guid(073823b02f429064495eaa08cc9e94be) Importer(815301076,1909f56bfc062723c751e8b465ee728b)
Start importing Assets/Prefabs/Character/Govenor.prefab using Guid(073823b02f429064495eaa08cc9e94be) Importer(815301076,1909f56bfc062723c751e8b465ee728b)  -> (artifact id: 'b04f81e52acdc59789e5e126b9612960') in 0.020270 seconds
Number of updated asset objects reloaded before import = 0
Number of asset objects unloaded after import = 583
========================================================================
Received Import Request.
  Time since last request: 239.916191 seconds.
  path: Assets/Prefabs/Character/Govenor.prefab
  artifactKey: Guid(073823b02f429064495eaa08cc9e94be) Importer(815301076,1909f56bfc062723c751e8b465ee728b)
Start importing Assets/Prefabs/Character/Govenor.prefab using Guid(073823b02f429064495eaa08cc9e94be) Importer(815301076,1909f56bfc062723c751e8b465ee728b)  -> (artifact id: 'dfb8d8c472a348ce040c48322bcf5b90') in 0.025698 seconds
Number of updated asset objects reloaded before import = 0
Number of asset objects unloaded after import = 591
========================================================================
Received Import Request.
  Time since last request: 9.238613 seconds.
  path: Assets/Prefabs/Character/Captain.prefab
  artifactKey: Guid(7da0ade193eb29246819a74c56f83b3a) Importer(815301076,1909f56bfc062723c751e8b465ee728b)
Start importing Assets/Prefabs/Character/Captain.prefab using Guid(7da0ade193eb29246819a74c56f83b3a) Importer(815301076,1909f56bfc062723c751e8b465ee728b)  -> (artifact id: '41b758fc9b0f644091c005d1456a4ac2') in 0.121777 seconds
Number of updated asset objects reloaded before import = 0
Number of asset objects unloaded after import = 589
========================================================================
Received Import Request.
  Time since last request: 4.128367 seconds.
  path: Assets/Prefabs/Character/Captain.prefab
  artifactKey: Guid(7da0ade193eb29246819a74c56f83b3a) Importer(815301076,1909f56bfc062723c751e8b465ee728b)
Start importing Assets/Prefabs/Character/Captain.prefab using Guid(7da0ade193eb29246819a74c56f83b3a) Importer(815301076,1909f56bfc062723c751e8b465ee728b)  -> (artifact id: '9480c85d70c18c795e6f589f87fa1fba') in 0.030603 seconds
Number of updated asset objects reloaded before import = 0
Number of asset objects unloaded after import = 589
========================================================================
Received Import Request.
  Time since last request: 4.204325 seconds.
  path: Assets/Prefabs/Character/Captain.prefab
  artifactKey: Guid(7da0ade193eb29246819a74c56f83b3a) Importer(815301076,1909f56bfc062723c751e8b465ee728b)
Start importing Assets/Prefabs/Character/Captain.prefab using Guid(7da0ade193eb29246819a74c56f83b3a) Importer(815301076,1909f56bfc062723c751e8b465ee728b)  -> (artifact id: 'd86f79f478714c8aa0a4fc3e056df5a0') in 0.106297 seconds
Number of updated asset objects reloaded before import = 0
Number of asset objects unloaded after import = 589
========================================================================
Received Import Request.
  Time since last request: 40.303670 seconds.
  path: Assets/Prefabs/Character/Captain.prefab
  artifactKey: Guid(7da0ade193eb29246819a74c56f83b3a) Importer(815301076,1909f56bfc062723c751e8b465ee728b)
Start importing Assets/Prefabs/Character/Captain.prefab using Guid(7da0ade193eb29246819a74c56f83b3a) Importer(815301076,1909f56bfc062723c751e8b465ee728b)  -> (artifact id: '6c2e9a6517f328531b15265bf0275722') in 0.025042 seconds
Number of updated asset objects reloaded before import = 0
Number of asset objects unloaded after import = 589
========================================================================
Received Import Request.
  Time since last request: 14.968715 seconds.
  path: Assets/Prefabs/Character/Player.prefab
  artifactKey: Guid(d592be9906b5a794b9f158e2b13f2e21) Importer(815301076,1909f56bfc062723c751e8b465ee728b)
Start importing Assets/Prefabs/Character/Player.prefab using Guid(d592be9906b5a794b9f158e2b13f2e21) Importer(815301076,1909f56bfc062723c751e8b465ee728b)  -> (artifact id: 'e1e0fda53e763c664649f0d15aed21e3') in 0.113866 seconds
Number of updated asset objects reloaded before import = 0
Number of asset objects unloaded after import = 564
========================================================================
Received Import Request.
  Time since last request: 8.444350 seconds.
  path: Assets/Prefabs/Character/Player 1.prefab
  artifactKey: Guid(f90f20c4bd92935458534cdbdd044f31) Importer(815301076,1909f56bfc062723c751e8b465ee728b)
Start importing Assets/Prefabs/Character/Player 1.prefab using Guid(f90f20c4bd92935458534cdbdd044f31) Importer(815301076,1909f56bfc062723c751e8b465ee728b)  -> (artifact id: '2286ea12cb8eefa3ab97f7844725fe9b') in 0.115100 seconds
Number of updated asset objects reloaded before import = 0
Number of asset objects unloaded after import = 564
========================================================================
Received Import Request.
  Time since last request: 3.464990 seconds.
  path: Assets/Prefabs/Character/Characters 1.prefab
  artifactKey: Guid(36da1df65a3480745b46a561492689e9) Importer(815301076,1909f56bfc062723c751e8b465ee728b)
Start importing Assets/Prefabs/Character/Characters 1.prefab using Guid(36da1df65a3480745b46a561492689e9) Importer(815301076,1909f56bfc062723c751e8b465ee728b)  -> (artifact id: 'c889fe8dd009e655e66a1733ffe2266a') in 0.010441 seconds
Number of updated asset objects reloaded before import = 0
Number of asset objects unloaded after import = 582
========================================================================
Received Import Request.
  Time since last request: 5.982864 seconds.
  path: Assets/Prefabs/Character/Characters 1.prefab
  artifactKey: Guid(36da1df65a3480745b46a561492689e9) Importer(815301076,1909f56bfc062723c751e8b465ee728b)
Start importing Assets/Prefabs/Character/Characters 1.prefab using Guid(36da1df65a3480745b46a561492689e9) Importer(815301076,1909f56bfc062723c751e8b465ee728b)  -> (artifact id: '9d499c978d9a2654d0ff2c8962358a35') in 0.174511 seconds
Number of updated asset objects reloaded before import = 0
Number of asset objects unloaded after import = 583
========================================================================
Received Import Request.
  Time since last request: 30.782573 seconds.
  path: Assets/Prefabs/Character/Solider.prefab
  artifactKey: Guid(36da1df65a3480745b46a561492689e9) Importer(815301076,1909f56bfc062723c751e8b465ee728b)
Start importing Assets/Prefabs/Character/Solider.prefab using Guid(36da1df65a3480745b46a561492689e9) Importer(815301076,1909f56bfc062723c751e8b465ee728b)  -> (artifact id: '05ccb4c7b70dd17f1a30eac23103faab') in 0.016565 seconds
Number of updated asset objects reloaded before import = 0
Number of asset objects unloaded after import = 583
========================================================================
Received Import Request.
  Time since last request: 7.098153 seconds.
  path: Assets/Prefabs/Character/Solider 1.prefab
  artifactKey: Guid(36da1df65a3480745b46a561492689e9) Importer(815301076,1909f56bfc062723c751e8b465ee728b)
Start importing Assets/Prefabs/Character/Solider 1.prefab using Guid(36da1df65a3480745b46a561492689e9) Importer(815301076,1909f56bfc062723c751e8b465ee728b)  -> (artifact id: 'd72864c339fa22cc3df6310bd468e35f') in 0.075992 seconds
Number of updated asset objects reloaded before import = 0
Number of asset objects unloaded after import = 583
========================================================================
Received Import Request.
  Time since last request: 4.807345 seconds.
  path: Assets/PolygonPirates/Materials/PolygonPirates_Material_04_C.mat
  artifactKey: Guid(68cc9bc1692dabf4596c958ffe06eae6) Importer(815301076,1909f56bfc062723c751e8b465ee728b)
Start importing Assets/PolygonPirates/Materials/PolygonPirates_Material_04_C.mat using Guid(68cc9bc1692dabf4596c958ffe06eae6) Importer(815301076,1909f56bfc062723c751e8b465ee728b)  -> (artifact id: '7a51ed9814af37f6327371f0c178bd83') in 0.026191 seconds
Number of updated asset objects reloaded before import = 0
Number of asset objects unloaded after import = 3
========================================================================
Received Import Request.
  Time since last request: 169.921082 seconds.
  path: Assets/Prefabs/Character/Solider 1.prefab
  artifactKey: Guid(36da1df65a3480745b46a561492689e9) Importer(815301076,1909f56bfc062723c751e8b465ee728b)
Start importing Assets/Prefabs/Character/Solider 1.prefab using Guid(36da1df65a3480745b46a561492689e9) Importer(815301076,1909f56bfc062723c751e8b465ee728b)  -> (artifact id: '18154c70fc37883354acf85bc7230b6e') in 0.027488 seconds
Number of updated asset objects reloaded before import = 0
Number of asset objects unloaded after import = 593
========================================================================
Received Import Request.
  Time since last request: 3.716155 seconds.
  path: Assets/Prefabs/Character/Solider 2.prefab
  artifactKey: Guid(b354497a9ff99d543a1e818d73a8eb67) Importer(815301076,1909f56bfc062723c751e8b465ee728b)
Start importing Assets/Prefabs/Character/Solider 2.prefab using Guid(b354497a9ff99d543a1e818d73a8eb67) Importer(815301076,1909f56bfc062723c751e8b465ee728b)  -> (artifact id: '7ab17e8d949edeada84ce25192f31e46') in 0.020531 seconds
Number of updated asset objects reloaded before import = 0
Number of asset objects unloaded after import = 593
========================================================================
Received Import Request.
  Time since last request: 26.161748 seconds.
  path: Assets/PolygonPirates/Prefabs/Weapons/SM_Wep_Axe_01.prefab
  artifactKey: Guid(d5073af628fcad643916d0b42aefc3ca) Importer(815301076,1909f56bfc062723c751e8b465ee728b)
Start importing Assets/PolygonPirates/Prefabs/Weapons/SM_Wep_Axe_01.prefab using Guid(d5073af628fcad643916d0b42aefc3ca) Importer(815301076,1909f56bfc062723c751e8b465ee728b)  -> (artifact id: 'f7381093cfbcd814173c50820c591914') in 0.017604 seconds
Number of updated asset objects reloaded before import = 0
Number of asset objects unloaded after import = 12
========================================================================
Received Import Request.
  Time since last request: 0.015451 seconds.
  path: Assets/PolygonPirates/Prefabs/Weapons/SM_Wep_BlunderBuss_02_Separate.prefab
  artifactKey: Guid(6841562d5f5c23941a92f831a607600f) Importer(815301076,1909f56bfc062723c751e8b465ee728b)
Start importing Assets/PolygonPirates/Prefabs/Weapons/SM_Wep_BlunderBuss_02_Separate.prefab using Guid(6841562d5f5c23941a92f831a607600f) Importer(815301076,1909f56bfc062723c751e8b465ee728b)  -> (artifact id: 'f01e5dd6b8813bcb0d18ff903a09b461') in 0.019717 seconds
Number of updated asset objects reloaded before import = 0
Number of asset objects unloaded after import = 17
========================================================================
Received Import Request.
  Time since last request: 0.014071 seconds.
  path: Assets/PolygonPirates/Prefabs/Weapons/SM_Wep_BlunderBuss_02.prefab
  artifactKey: Guid(f307c758f9f292242bdcae726ecbe722) Importer(815301076,1909f56bfc062723c751e8b465ee728b)
Start importing Assets/PolygonPirates/Prefabs/Weapons/SM_Wep_BlunderBuss_02.prefab using Guid(f307c758f9f292242bdcae726ecbe722) Importer(815301076,1909f56bfc062723c751e8b465ee728b)  -> (artifact id: '91d26c7c199c8e2dd1e90384bcdb57f3') in 0.023165 seconds
Number of updated asset objects reloaded before import = 0
Number of asset objects unloaded after import = 12
========================================================================
Received Import Request.
  Time since last request: 0.000019 seconds.
  path: Assets/PolygonPirates/Prefabs/Weapons/SM_Wep_Cutlass_01.prefab
  artifactKey: Guid(6e20f0d3eb67ca04c86f350bf30bc93b) Importer(815301076,1909f56bfc062723c751e8b465ee728b)
Start importing Assets/PolygonPirates/Prefabs/Weapons/SM_Wep_Cutlass_01.prefab using Guid(6e20f0d3eb67ca04c86f350bf30bc93b) Importer(815301076,1909f56bfc062723c751e8b465ee728b)  -> (artifact id: '143ac168e38ce95b8eaf1c109fadad60') in 0.020812 seconds
Number of updated asset objects reloaded before import = 0
Number of asset objects unloaded after import = 12
========================================================================
Received Import Request.
  Time since last request: 0.000016 seconds.
  path: Assets/PolygonPirates/Prefabs/Weapons/SM_Wep_Dagger_01.prefab
  artifactKey: Guid(35eb5f7f35ca8e54889c663db5ee4520) Importer(815301076,1909f56bfc062723c751e8b465ee728b)
Start importing Assets/PolygonPirates/Prefabs/Weapons/SM_Wep_Dagger_01.prefab using Guid(35eb5f7f35ca8e54889c663db5ee4520) Importer(815301076,1909f56bfc062723c751e8b465ee728b)  -> (artifact id: '13af50a2f317e3454fd9e53a22319f5a') in 0.018273 seconds
Number of updated asset objects reloaded before import = 0
Number of asset objects unloaded after import = 12
========================================================================
Received Import Request.
  Time since last request: 0.000016 seconds.
  path: Assets/PolygonPirates/Prefabs/Weapons/SM_Wep_MusketPistol_01.prefab
  artifactKey: Guid(585b903caa4df504d855f8d5a7080dbc) Importer(815301076,1909f56bfc062723c751e8b465ee728b)
Start importing Assets/PolygonPirates/Prefabs/Weapons/SM_Wep_MusketPistol_01.prefab using Guid(585b903caa4df504d855f8d5a7080dbc) Importer(815301076,1909f56bfc062723c751e8b465ee728b)  -> (artifact id: '4d907f008fd42c59de9c673a69c24837') in 0.016355 seconds
Number of updated asset objects reloaded before import = 0
Number of asset objects unloaded after import = 12
========================================================================
Received Import Request.
  Time since last request: 0.000016 seconds.
  path: Assets/PolygonPirates/Prefabs/Weapons/SM_Wep_MusketPistol_03_Separate.prefab
  artifactKey: Guid(b0601962ad2766f46908d123128acb15) Importer(815301076,1909f56bfc062723c751e8b465ee728b)
Start importing Assets/PolygonPirates/Prefabs/Weapons/SM_Wep_MusketPistol_03_Separate.prefab using Guid(b0601962ad2766f46908d123128acb15) Importer(815301076,1909f56bfc062723c751e8b465ee728b)  -> (artifact id: 'b79ae484b653b7eeb9717f86b53c0f51') in 0.021018 seconds
Number of updated asset objects reloaded before import = 0
Number of asset objects unloaded after import = 17
========================================================================
Received Import Request.
  Time since last request: 0.000019 seconds.
  path: Assets/PolygonPirates/Prefabs/Weapons/SM_Wep_BlunderBuss_01_Separate.prefab
  artifactKey: Guid(6d8e16f52dd03e24492e6f6e5435bd0c) Importer(815301076,1909f56bfc062723c751e8b465ee728b)
Start importing Assets/PolygonPirates/Prefabs/Weapons/SM_Wep_BlunderBuss_01_Separate.prefab using Guid(6d8e16f52dd03e24492e6f6e5435bd0c) Importer(815301076,1909f56bfc062723c751e8b465ee728b)  -> (artifact id: '1a7cc5efc2be34613c771d77084acf23') in 0.025074 seconds
Number of updated asset objects reloaded before import = 0
Number of asset objects unloaded after import = 17
========================================================================
Received Import Request.
  Time since last request: 0.000021 seconds.
  path: Assets/PolygonPirates/Prefabs/Weapons/SM_Wep_Cutlass_03.prefab
  artifactKey: Guid(622fc8383c73fb04bbc9754dd1899041) Importer(815301076,1909f56bfc062723c751e8b465ee728b)
Start importing Assets/PolygonPirates/Prefabs/Weapons/SM_Wep_Cutlass_03.prefab using Guid(622fc8383c73fb04bbc9754dd1899041) Importer(815301076,1909f56bfc062723c751e8b465ee728b)  -> (artifact id: '8953181341238e70c40c7b7311e03325') in 0.023141 seconds
Number of updated asset objects reloaded before import = 0
Number of asset objects unloaded after import = 12
========================================================================
Received Import Request.
  Time since last request: 0.000027 seconds.
  path: Assets/PolygonPirates/Prefabs/Weapons/SM_Wep_Cutlass_02_Sheath.prefab
  artifactKey: Guid(eee0924d40d816742a527fee3153e493) Importer(815301076,1909f56bfc062723c751e8b465ee728b)
Start importing Assets/PolygonPirates/Prefabs/Weapons/SM_Wep_Cutlass_02_Sheath.prefab using Guid(eee0924d40d816742a527fee3153e493) Importer(815301076,1909f56bfc062723c751e8b465ee728b)  -> (artifact id: 'f4efedf5bcb6e58b3f8eb5dbc7222b49') in 0.020778 seconds
Number of updated asset objects reloaded before import = 0
Number of asset objects unloaded after import = 12
========================================================================
Received Import Request.
  Time since last request: 0.000017 seconds.
  path: Assets/PolygonPirates/Prefabs/Weapons/SM_Wep_Cutlass_03_Sheath.prefab
  artifactKey: Guid(463e7a6ed7d74d5478bd5a3c2daa6ca7) Importer(815301076,1909f56bfc062723c751e8b465ee728b)
Start importing Assets/PolygonPirates/Prefabs/Weapons/SM_Wep_Cutlass_03_Sheath.prefab using Guid(463e7a6ed7d74d5478bd5a3c2daa6ca7) Importer(815301076,1909f56bfc062723c751e8b465ee728b)  -> (artifact id: '5c11dd12a3aaaa22979b017f70bb89da') in 0.027289 seconds
Number of updated asset objects reloaded before import = 0
Number of asset objects unloaded after import = 12
========================================================================
Received Import Request.
  Time since last request: 0.000017 seconds.
  path: Assets/PolygonPirates/Prefabs/Weapons/SM_Wep_Broken_01.prefab
  artifactKey: Guid(c807682e6de745747ad7c546fd2d3517) Importer(815301076,1909f56bfc062723c751e8b465ee728b)
Start importing Assets/PolygonPirates/Prefabs/Weapons/SM_Wep_Broken_01.prefab using Guid(c807682e6de745747ad7c546fd2d3517) Importer(815301076,1909f56bfc062723c751e8b465ee728b)  -> (artifact id: 'ed024d42d755b9d3fb02fd5dd3ba9a24') in 0.018509 seconds
Number of updated asset objects reloaded before import = 0
Number of asset objects unloaded after import = 12
========================================================================
Received Import Request.
  Time since last request: 0.000018 seconds.
  path: Assets/PolygonPirates/Prefabs/Weapons/SM_Wep_MusketPistol_02_Separate.prefab
  artifactKey: Guid(e69e16aaf6b57334682cd67950d59df1) Importer(815301076,1909f56bfc062723c751e8b465ee728b)
Start importing Assets/PolygonPirates/Prefabs/Weapons/SM_Wep_MusketPistol_02_Separate.prefab using Guid(e69e16aaf6b57334682cd67950d59df1) Importer(815301076,1909f56bfc062723c751e8b465ee728b)  -> (artifact id: 'd83cf2c6015575cb2d0d7a77b8349e34') in 0.030185 seconds
Number of updated asset objects reloaded before import = 0
Number of asset objects unloaded after import = 17
========================================================================
Received Import Request.
  Time since last request: 0.000016 seconds.
  path: Assets/PolygonPirates/Prefabs/Weapons/SM_Wep_MusketPistol_01_Separate.prefab
  artifactKey: Guid(7a2bd86e5fbe5614cbf6c3d2edcd89ac) Importer(815301076,1909f56bfc062723c751e8b465ee728b)
Start importing Assets/PolygonPirates/Prefabs/Weapons/SM_Wep_MusketPistol_01_Separate.prefab using Guid(7a2bd86e5fbe5614cbf6c3d2edcd89ac) Importer(815301076,1909f56bfc062723c751e8b465ee728b)  -> (artifact id: 'e7c9be045a7f7802e746c2bd5ad20423') in 0.025129 seconds
Number of updated asset objects reloaded before import = 0
Number of asset objects unloaded after import = 17
========================================================================
Received Import Request.
  Time since last request: 3.587905 seconds.
  path: Assets/PolygonPirates/Prefabs/Weapons/SM_Wep_MusketPistol_DoubleBarrel_01.prefab
  artifactKey: Guid(2c8aba36d65d32246bd774695ebc41a6) Importer(815301076,1909f56bfc062723c751e8b465ee728b)
Start importing Assets/PolygonPirates/Prefabs/Weapons/SM_Wep_MusketPistol_DoubleBarrel_01.prefab using Guid(2c8aba36d65d32246bd774695ebc41a6) Importer(815301076,1909f56bfc062723c751e8b465ee728b)  -> (artifact id: 'b68db74f28f1792ef0c020df235bdf17') in 0.018423 seconds
Number of updated asset objects reloaded before import = 0
Number of asset objects unloaded after import = 12
========================================================================
Received Import Request.
  Time since last request: 0.000019 seconds.
  path: Assets/PolygonPirates/Prefabs/Weapons/SM_Wep_MusketPistol_DoubleBarrel_02.prefab
  artifactKey: Guid(9adbe53aacf5f6d4491b67bb5f2a5166) Importer(815301076,1909f56bfc062723c751e8b465ee728b)
Start importing Assets/PolygonPirates/Prefabs/Weapons/SM_Wep_MusketPistol_DoubleBarrel_02.prefab using Guid(9adbe53aacf5f6d4491b67bb5f2a5166) Importer(815301076,1909f56bfc062723c751e8b465ee728b)  -> (artifact id: '1eaf3502eed2e54352d58d478083835d') in 0.024629 seconds
Number of updated asset objects reloaded before import = 0
Number of asset objects unloaded after import = 12
========================================================================
Received Import Request.
  Time since last request: 0.006036 seconds.
  path: Assets/PolygonPirates/Prefabs/Weapons/SM_Wep_Pistol_01.prefab
  artifactKey: Guid(29706bab6f351e64982fca9af5aa9851) Importer(815301076,1909f56bfc062723c751e8b465ee728b)
Start importing Assets/PolygonPirates/Prefabs/Weapons/SM_Wep_Pistol_01.prefab using Guid(29706bab6f351e64982fca9af5aa9851) Importer(815301076,1909f56bfc062723c751e8b465ee728b)  -> (artifact id: '6bc70f466813d95537e459d409b5b191') in 0.021656 seconds
Number of updated asset objects reloaded before import = 0
Number of asset objects unloaded after import = 12
========================================================================
Received Import Request.
  Time since last request: 0.000024 seconds.
  path: Assets/PolygonPirates/Prefabs/Weapons/SM_Wep_Pistol_DoubleBarrel_01_Separate.prefab
  artifactKey: Guid(34fdda6b27540c4418aff07770b61717) Importer(815301076,1909f56bfc062723c751e8b465ee728b)
Start importing Assets/PolygonPirates/Prefabs/Weapons/SM_Wep_Pistol_DoubleBarrel_01_Separate.prefab using Guid(34fdda6b27540c4418aff07770b61717) Importer(815301076,1909f56bfc062723c751e8b465ee728b)  -> (artifact id: 'ecf2cfca4e87b05c5b1594118a2ab092') in 0.026049 seconds
Number of updated asset objects reloaded before import = 0
Number of asset objects unloaded after import = 17
========================================================================
Received Import Request.
  Time since last request: 0.046372 seconds.
  path: Assets/PolygonPirates/Prefabs/Weapons/SM_Wep_Rifle_DoubleBarrel_01_Separate.prefab
  artifactKey: Guid(39967adf9c642c9409b734c109b4d0d3) Importer(815301076,1909f56bfc062723c751e8b465ee728b)
Start importing Assets/PolygonPirates/Prefabs/Weapons/SM_Wep_Rifle_DoubleBarrel_01_Separate.prefab using Guid(39967adf9c642c9409b734c109b4d0d3) Importer(815301076,1909f56bfc062723c751e8b465ee728b)  -> (artifact id: 'e45bcbf91a70787af8b4febed055fdbe') in 0.024229 seconds
Number of updated asset objects reloaded before import = 0
Number of asset objects unloaded after import = 22
========================================================================
Received Import Request.
  Time since last request: 5.966269 seconds.
  path: Assets/PolygonPirates/Prefabs/Weapons/SM_Wep_Shortsword_02.prefab
  artifactKey: Guid(2257b8e9e5285ef4dbf2d3cecab0309f) Importer(815301076,1909f56bfc062723c751e8b465ee728b)
Start importing Assets/PolygonPirates/Prefabs/Weapons/SM_Wep_Shortsword_02.prefab using Guid(2257b8e9e5285ef4dbf2d3cecab0309f) Importer(815301076,1909f56bfc062723c751e8b465ee728b)  -> (artifact id: 'bcb6062d708ed72668a4afcecad4b837') in 0.070410 seconds
Number of updated asset objects reloaded before import = 0
Number of asset objects unloaded after import = 12
========================================================================
Received Import Request.
  Time since last request: 15.230518 seconds.
  path: Assets/PolygonPirates/Prefabs/Environments/SM_Env_Grass_01.prefab
  artifactKey: Guid(4e8a28d96f745674ea61218c6b1c2b0f) Importer(815301076,1909f56bfc062723c751e8b465ee728b)
Start importing Assets/PolygonPirates/Prefabs/Environments/SM_Env_Grass_01.prefab using Guid(4e8a28d96f745674ea61218c6b1c2b0f) Importer(815301076,1909f56bfc062723c751e8b465ee728b)  -> (artifact id: 'b58dcaae465e407838be92a071772489') in 0.017110 seconds
Number of updated asset objects reloaded before import = 0
Number of asset objects unloaded after import = 10
========================================================================
Received Import Request.
  Time since last request: 0.003077 seconds.
  path: Assets/PolygonPirates/Prefabs/Environments/SM_Env_GrassPatch_02.prefab
  artifactKey: Guid(3d3746ee08967fa4fa80989f56318af1) Importer(815301076,1909f56bfc062723c751e8b465ee728b)
Start importing Assets/PolygonPirates/Prefabs/Environments/SM_Env_GrassPatch_02.prefab using Guid(3d3746ee08967fa4fa80989f56318af1) Importer(815301076,1909f56bfc062723c751e8b465ee728b)  -> (artifact id: '6b5ccf5585098b6e2e9052f45f377c0a') in 0.017032 seconds
Number of updated asset objects reloaded before import = 0
Number of asset objects unloaded after import = 12
========================================================================
Received Import Request.
  Time since last request: 0.002807 seconds.
  path: Assets/PolygonPirates/Prefabs/Environments/SM_Env_GroundLeaves_03.prefab
  artifactKey: Guid(47345e15c55c26b45b02acadb66b1944) Importer(815301076,1909f56bfc062723c751e8b465ee728b)
Start importing Assets/PolygonPirates/Prefabs/Environments/SM_Env_GroundLeaves_03.prefab using Guid(47345e15c55c26b45b02acadb66b1944) Importer(815301076,1909f56bfc062723c751e8b465ee728b)  -> (artifact id: '276cf6ea3ddc58c78da07268c50bd29b') in 0.018315 seconds
Number of updated asset objects reloaded before import = 0
Number of asset objects unloaded after import = 10
Editor requested this worker to shutdown with reason: Scaling down because of idle timeout
TcpMessagingSession - receive error: operation aborted. errorcode: 995, details: The I/O operation has been aborted because of either a thread exit or an application request.
AssetImportWorker is now disconnected from the server
Process exiting
Exiting without the bug reporter. Application will terminate with return code 0