Using pre-set license
Built from '2022.3/staging' branch; Version is '2022.3.9f1 (ea401c316338) revision 15351836'; Using compiler version '192829333'; Build Type 'Release'
OS: 'Windows 11  (10.0.22631) 64bit CoreSingleLanguage' Language: 'en' Physical Memory: 24355 MB
BatchMode: 1, IsHumanControllingUs: 0, StartBugReporterOnCrash: 0, Is64bit: 1, IsPro: 1

COMMAND LINE ARGUMENTS:
E:\Unity\2022.3.9f1\Editor\Unity.exe
-adb2
-batchMode
-noUpm
-name
AssetImportWorker8
-projectPath
F:/Unity Project/Final Project VTCA-PirateGame
-logFile
Logs/AssetImportWorker8.log
-srvPort
51336
Successfully changed project path to: F:/Unity Project/Final Project VTCA-PirateGame
F:/Unity Project/Final Project VTCA-PirateGame
[UnityMemory] Configuration Parameters - Can be set up in boot.config
    "memorysetup-bucket-allocator-granularity=16"
    "memorysetup-bucket-allocator-bucket-count=8"
    "memorysetup-bucket-allocator-block-size=33554432"
    "memorysetup-bucket-allocator-block-count=8"
    "memorysetup-main-allocator-block-size=16777216"
    "memorysetup-thread-allocator-block-size=16777216"
    "memorysetup-gfx-main-allocator-block-size=16777216"
    "memorysetup-gfx-thread-allocator-block-size=16777216"
    "memorysetup-cache-allocator-block-size=4194304"
    "memorysetup-typetree-allocator-block-size=2097152"
    "memorysetup-profiler-bucket-allocator-granularity=16"
    "memorysetup-profiler-bucket-allocator-bucket-count=8"
    "memorysetup-profiler-bucket-allocator-block-size=33554432"
    "memorysetup-profiler-bucket-allocator-block-count=8"
    "memorysetup-profiler-allocator-block-size=16777216"
    "memorysetup-profiler-editor-allocator-block-size=1048576"
    "memorysetup-temp-allocator-size-main=16777216"
    "memorysetup-job-temp-allocator-block-size=2097152"
    "memorysetup-job-temp-allocator-block-size-background=1048576"
    "memorysetup-job-temp-allocator-reduction-small-platforms=262144"
    "memorysetup-allocator-temp-initial-block-size-main=262144"
    "memorysetup-allocator-temp-initial-block-size-worker=262144"
    "memorysetup-temp-allocator-size-background-worker=32768"
    "memorysetup-temp-allocator-size-job-worker=262144"
    "memorysetup-temp-allocator-size-preload-manager=33554432"
    "memorysetup-temp-allocator-size-nav-mesh-worker=65536"
    "memorysetup-temp-allocator-size-audio-worker=65536"
    "memorysetup-temp-allocator-size-cloud-worker=32768"
    "memorysetup-temp-allocator-size-gi-baking-worker=262144"
    "memorysetup-temp-allocator-size-gfx=262144"
Player connection [36772] Host "[IP] 192.168.1.112 [Port] 0 [Flags] 2 [Guid] 1475329230 [EditorId] 1475329230 [Version] 1048832 [Id] WindowsEditor(7,LAPTOP-LPCI8Q8O) [Debug] 1 [PackageName] WindowsEditor [ProjectName] Editor" joined multi-casting on [225.0.0.222:54997]...

Player connection [36772] Host "[IP] 192.168.1.112 [Port] 0 [Flags] 2 [Guid] 1475329230 [EditorId] 1475329230 [Version] 1048832 [Id] WindowsEditor(7,LAPTOP-LPCI8Q8O) [Debug] 1 [PackageName] WindowsEditor [ProjectName] Editor" joined alternative multi-casting on [225.0.0.222:34997]...

[Physics::Module] Initialized MultithreadedJobDispatcher with 15 workers.
Refreshing native plugins compatible for Editor in 6.07 ms, found 3 plugins.
Preloading 0 native plugins for Editor in 0.00 ms.
Initialize engine version: 2022.3.9f1 (ea401c316338)
[Subsystems] Discovering subsystems at path E:/Unity/2022.3.9f1/Editor/Data/Resources/UnitySubsystems
[Subsystems] Discovering subsystems at path F:/Unity Project/Final Project VTCA-PirateGame/Assets
GfxDevice: creating device client; threaded=0; jobified=0
Direct3D:
    Version:  Direct3D 11.0 [level 11.1]
    Renderer: NVIDIA GeForce RTX 3050 Ti Laptop GPU (ID=0x25a0)
    Vendor:   NVIDIA
    VRAM:     3962 MB
    Driver:   32.0.15.6070
Initialize mono
Mono path[0] = 'E:/Unity/2022.3.9f1/Editor/Data/Managed'
Mono path[1] = 'E:/Unity/2022.3.9f1/Editor/Data/MonoBleedingEdge/lib/mono/unityjit-win32'
Mono config path = 'E:/Unity/2022.3.9f1/Editor/Data/MonoBleedingEdge/etc'
Using monoOptions --debugger-agent=transport=dt_socket,embedding=1,server=y,suspend=n,address=127.0.0.1:56336
Begin MonoManager ReloadAssembly
Registering precompiled unity dll's ...
Register platform support module: E:/Unity/2022.3.9f1/Editor/Data/PlaybackEngines/AndroidPlayer/UnityEditor.Android.Extensions.dll
Register platform support module: E:/Unity/2022.3.9f1/Editor/Data/PlaybackEngines/WindowsStandaloneSupport/UnityEditor.WindowsStandalone.Extensions.dll
Registered in 0.002859 seconds.
- Loaded All Assemblies, in  0.257 seconds
Native extension for WindowsStandalone target not found
Native extension for Android target not found
Android Extension - Scanning For ADB Devices 232 ms
Mono: successfully reloaded assembly
- Finished resetting the current domain, in  0.471 seconds
Domain Reload Profiling: 728ms
	BeginReloadAssembly (78ms)
		ExecutionOrderSort (0ms)
		DisableScriptedObjects (0ms)
		BackupInstance (0ms)
		ReleaseScriptingObjects (0ms)
		CreateAndSetChildDomain (1ms)
	RebuildCommonClasses (26ms)
	RebuildNativeTypeToScriptingClass (9ms)
	initialDomainReloadingComplete (37ms)
	LoadAllAssembliesAndSetupDomain (107ms)
		LoadAssemblies (78ms)
		RebuildTransferFunctionScriptingTraits (0ms)
		AnalyzeDomain (105ms)
			TypeCache.Refresh (103ms)
				TypeCache.ScanAssembly (92ms)
			ScanForSourceGeneratedMonoScriptInfo (0ms)
			ResolveRequiredComponents (0ms)
	FinalizeReload (471ms)
		ReleaseScriptCaches (0ms)
		RebuildScriptCaches (0ms)
		SetupLoadedEditorAssemblies (425ms)
			LogAssemblyErrors (0ms)
			InitializePlatformSupportModulesInManaged (313ms)
			SetLoadedEditorAssemblies (4ms)
			RefreshPlugins (0ms)
			BeforeProcessingInitializeOnLoad (2ms)
			ProcessInitializeOnLoadAttributes (72ms)
			ProcessInitializeOnLoadMethodAttributes (34ms)
			AfterProcessingInitializeOnLoad (0ms)
			EditorAssembliesLoaded (0ms)
		ExecutionOrderSort2 (0ms)
		AwakeInstancesAfterBackupRestoration (0ms)
========================================================================
Worker process is ready to serve import requests
Begin MonoManager ReloadAssembly
- Loaded All Assemblies, in  0.468 seconds
Refreshing native plugins compatible for Editor in 1.48 ms, found 3 plugins.
Native extension for WindowsStandalone target not found
Native extension for Android target not found
Package Manager log level set to [2]
[Package Manager] Server::EnsureServerProcessIsRunning -- launch failed, reason: Unity was launched with the -noUpm command-line argument
[Package Manager] UpmClient::Send -- Unable to send message (not connected to UPM process).
[Package Manager] Cannot connect to Unity Package Manager local server
Mono: successfully reloaded assembly
- Finished resetting the current domain, in  0.533 seconds
Domain Reload Profiling: 1001ms
	BeginReloadAssembly (115ms)
		ExecutionOrderSort (0ms)
		DisableScriptedObjects (6ms)
		BackupInstance (0ms)
		ReleaseScriptingObjects (0ms)
		CreateAndSetChildDomain (20ms)
	RebuildCommonClasses (27ms)
	RebuildNativeTypeToScriptingClass (9ms)
	initialDomainReloadingComplete (28ms)
	LoadAllAssembliesAndSetupDomain (290ms)
		LoadAssemblies (209ms)
		RebuildTransferFunctionScriptingTraits (0ms)
		AnalyzeDomain (142ms)
			TypeCache.Refresh (122ms)
				TypeCache.ScanAssembly (109ms)
			ScanForSourceGeneratedMonoScriptInfo (11ms)
			ResolveRequiredComponents (7ms)
	FinalizeReload (533ms)
		ReleaseScriptCaches (0ms)
		RebuildScriptCaches (0ms)
		SetupLoadedEditorAssemblies (416ms)
			LogAssemblyErrors (0ms)
			InitializePlatformSupportModulesInManaged (17ms)
			SetLoadedEditorAssemblies (4ms)
			RefreshPlugins (0ms)
			BeforeProcessingInitializeOnLoad (62ms)
			ProcessInitializeOnLoadAttributes (316ms)
			ProcessInitializeOnLoadMethodAttributes (14ms)
			AfterProcessingInitializeOnLoad (2ms)
			EditorAssembliesLoaded (0ms)
		ExecutionOrderSort2 (0ms)
		AwakeInstancesAfterBackupRestoration (4ms)
Launched and connected shader compiler UnityShaderCompiler.exe after 0.03 seconds
Refreshing native plugins compatible for Editor in 1.56 ms, found 3 plugins.
Preloading 0 native plugins for Editor in 0.00 ms.
Unloading 3088 Unused Serialized files (Serialized files now loaded: 0)
Unloading 31 unused Assets / (56.4 KB). Loaded Objects now: 3553.
Memory consumption went from 122.7 MB to 122.7 MB.
Total: 3.241500 ms (FindLiveObjects: 0.209700 ms CreateObjectMapping: 0.125200 ms MarkObjects: 2.802100 ms  DeleteObjects: 0.103700 ms)

AssetImportParameters requested are different than current active one (requested -> active):
  custom:container-demuxer-ogg: 62fdf1f143b41e24485cea50d1cbac27 -> 
  custom:video-decoder-ogg-theora: a1e56fd34408186e4bbccfd4996cb3dc -> 
  custom:framework-win-MediaFoundation: 216162199b28c13a410421893ffa2e32 -> 
  custom:CustomObjectIndexerAttribute: 756ad292c208cfabdd7b50bc23989ffe -> 
  custom:container-demuxer-webm: 4f35f7cbe854078d1ac9338744f61a02 -> 
  custom:container-muxer-webm: aa71ff27fc2769a1b78a27578f13a17b -> 
  custom:video-decoder-webm-vp8: 9c59270c3fd7afecdb556c50c9e8de78 -> 
  custom:SearchIndexIgnoredProperties: e643bd26f0fe6173181afceb89e7c659 -> 
  custom:AudioImporter_EditorPlatform: d09bf68614088b80899f8185d706f6e7 -> 
  custom:video-encoder-webm-vp8: eb34c28f22e8b96e1ab97ce403110664 -> 
  custom:audio-decoder-ogg-vorbis: bf7c407c2cedff20999df2af8eb42d56 -> 
  custom:audio-encoder-webm-vorbis: bf7c407c2cedff20999df2af8eb42d56 -> 
========================================================================
Received Import Request.
  Time since last request: 517870.596554 seconds.
  path: Assets/Animation/Characters/Man_Idle.anim
  artifactKey: Guid(1e31c42f8ba856e4ab87dcc86b321216) Importer(815301076,1909f56bfc062723c751e8b465ee728b)
Start importing Assets/Animation/Characters/Man_Idle.anim using Guid(1e31c42f8ba856e4ab87dcc86b321216) Importer(815301076,1909f56bfc062723c751e8b465ee728b)  -> (artifact id: 'de4839574799e519dedde2d2f4652ec5') in 0.036048 seconds
Number of updated asset objects reloaded before import = 0
Number of asset objects unloaded after import = 1
========================================================================
Received Import Request.
  Time since last request: 7.676135 seconds.
  path: Assets/Animation/Characters/Man_Talk.anim
  artifactKey: Guid(d4b9316a9ca20e044966905f26b4e7bd) Importer(815301076,1909f56bfc062723c751e8b465ee728b)
Start importing Assets/Animation/Characters/Man_Talk.anim using Guid(d4b9316a9ca20e044966905f26b4e7bd) Importer(815301076,1909f56bfc062723c751e8b465ee728b)  -> (artifact id: 'c6eeec8214fe5e8ca0321eb3b9cbf425') in 0.022346 seconds
Number of updated asset objects reloaded before import = 0
Number of asset objects unloaded after import = 1
========================================================================
Received Import Request.
  Time since last request: 6.994232 seconds.
  path: Assets/Animation/Characters/Man_Sprint.anim
  artifactKey: Guid(ad26de278d749e347b0008e5da072540) Importer(815301076,1909f56bfc062723c751e8b465ee728b)
Start importing Assets/Animation/Characters/Man_Sprint.anim using Guid(ad26de278d749e347b0008e5da072540) Importer(815301076,1909f56bfc062723c751e8b465ee728b)  -> (artifact id: 'b26f2ace8035c2bf6b522d7510876fbe') in 0.007856 seconds
Number of updated asset objects reloaded before import = 0
Number of asset objects unloaded after import = 1
========================================================================
Received Import Request.
  Time since last request: 5.459242 seconds.
  path: Assets/Animation/Characters/Man_Run.anim
  artifactKey: Guid(a73b3a96c0f28664e837640a7ae65ae6) Importer(815301076,1909f56bfc062723c751e8b465ee728b)
Start importing Assets/Animation/Characters/Man_Run.anim using Guid(a73b3a96c0f28664e837640a7ae65ae6) Importer(815301076,1909f56bfc062723c751e8b465ee728b)  -> (artifact id: '4db1c37b318f608d4640974b6da5bada') in 0.006390 seconds
Number of updated asset objects reloaded before import = 0
Number of asset objects unloaded after import = 1
========================================================================
Received Import Request.
  Time since last request: 5.879217 seconds.
  path: Assets/Animation/Characters/Man_Jump.anim
  artifactKey: Guid(33c828318c1a1f84db52333b7f8bd7af) Importer(815301076,1909f56bfc062723c751e8b465ee728b)
Start importing Assets/Animation/Characters/Man_Jump.anim using Guid(33c828318c1a1f84db52333b7f8bd7af) Importer(815301076,1909f56bfc062723c751e8b465ee728b)  -> (artifact id: 'aa2f2413e9069649067ce5d394b3216b') in 0.015421 seconds
Number of updated asset objects reloaded before import = 0
Number of asset objects unloaded after import = 1
========================================================================
Received Import Request.
  Time since last request: 7.464464 seconds.
  path: Assets/Animation/Characters/Man
  artifactKey: Guid(c7476d13aa24f0d419760f26ea27b684) Importer(815301076,1909f56bfc062723c751e8b465ee728b)
Start importing Assets/Animation/Characters/Man using Guid(c7476d13aa24f0d419760f26ea27b684) Importer(815301076,1909f56bfc062723c751e8b465ee728b)  -> (artifact id: '69ec4be08de5408b4a4984cbd4b7113e') in 0.000392 seconds
Number of updated asset objects reloaded before import = 0
Number of asset objects unloaded after import = 0
========================================================================
Received Import Request.
  Time since last request: 3.201306 seconds.
  path: Assets/Animation/Characters/Man 1
  artifactKey: Guid(f21d2ff41f69c354787ff0f9ec851e58) Importer(815301076,1909f56bfc062723c751e8b465ee728b)
Start importing Assets/Animation/Characters/Man 1 using Guid(f21d2ff41f69c354787ff0f9ec851e58) Importer(815301076,1909f56bfc062723c751e8b465ee728b)  -> (artifact id: 'f954367bc142a926c3aa75a46fbd6736') in 0.000380 seconds
Number of updated asset objects reloaded before import = 0
Number of asset objects unloaded after import = 0
========================================================================
Received Import Request.
  Time since last request: 4.212864 seconds.
  path: Assets/Animation/Characters/Woman
  artifactKey: Guid(f21d2ff41f69c354787ff0f9ec851e58) Importer(815301076,1909f56bfc062723c751e8b465ee728b)
Start importing Assets/Animation/Characters/Woman using Guid(f21d2ff41f69c354787ff0f9ec851e58) Importer(815301076,1909f56bfc062723c751e8b465ee728b)  -> (artifact id: '071732a516563b6119056e8818986d2d') in 0.000418 seconds
Number of updated asset objects reloaded before import = 0
Number of asset objects unloaded after import = 0
========================================================================
Received Import Request.
  Time since last request: 1.503431 seconds.
  path: Assets/Animation/Characters/Movement Animation.controller
  artifactKey: Guid(980d4feaf528aad4c92bba6225bab408) Importer(815301076,1909f56bfc062723c751e8b465ee728b)
Start importing Assets/Animation/Characters/Movement Animation.controller using Guid(980d4feaf528aad4c92bba6225bab408) Importer(815301076,1909f56bfc062723c751e8b465ee728b)  -> (artifact id: '79763075e6f642eb9524ed739371e46d') in 0.001467 seconds
Number of updated asset objects reloaded before import = 0
Number of asset objects unloaded after import = 2
========================================================================
Received Import Request.
  Time since last request: 3.763360 seconds.
  path: Assets/Animation/Characters/Man Movement Animation.controller
  artifactKey: Guid(980d4feaf528aad4c92bba6225bab408) Importer(815301076,1909f56bfc062723c751e8b465ee728b)
Start importing Assets/Animation/Characters/Man Movement Animation.controller using Guid(980d4feaf528aad4c92bba6225bab408) Importer(815301076,1909f56bfc062723c751e8b465ee728b)  -> (artifact id: '9b634a4b3dbaece1c9e13a87f02d18e1') in 0.000835 seconds
Number of updated asset objects reloaded before import = 0
Number of asset objects unloaded after import = 2
========================================================================
Received Import Request.
  Time since last request: 39.934071 seconds.
  path: Assets/Kevin Iglesias/Basic Motions/Animations/Idles/Human@Idle02_Variant01.anim
  artifactKey: Guid(59df24695f1b31a498633350c1dc60e9) Importer(815301076,1909f56bfc062723c751e8b465ee728b)
Start importing Assets/Kevin Iglesias/Basic Motions/Animations/Idles/Human@Idle02_Variant01.anim using Guid(59df24695f1b31a498633350c1dc60e9) Importer(815301076,1909f56bfc062723c751e8b465ee728b)  -> (artifact id: '8506177989891ed9de351ab22b13de3f') in 0.049958 seconds
Number of updated asset objects reloaded before import = 0
Number of asset objects unloaded after import = 1
========================================================================
Received Import Request.
  Time since last request: 16.089053 seconds.
  path: Assets/Kevin Iglesias/Basic Motions/Animations/Movement/Human@Jump02.anim
  artifactKey: Guid(a2bb73003a8b8514a9c8483a494fad23) Importer(815301076,1909f56bfc062723c751e8b465ee728b)
Start importing Assets/Kevin Iglesias/Basic Motions/Animations/Movement/Human@Jump02.anim using Guid(a2bb73003a8b8514a9c8483a494fad23) Importer(815301076,1909f56bfc062723c751e8b465ee728b)  -> (artifact id: '7132a4b7bc51e3b157f3aa5684dff7ca') in 0.030069 seconds
Number of updated asset objects reloaded before import = 0
Number of asset objects unloaded after import = 1
========================================================================
Received Import Request.
  Time since last request: 18.679179 seconds.
  path: Assets/Kevin Iglesias/Basic Motions/Animations/Movement/Run/Human@Run02_Forward.anim
  artifactKey: Guid(7b55ea4b41eef3e428c9e1a9173a1f60) Importer(815301076,1909f56bfc062723c751e8b465ee728b)
Start importing Assets/Kevin Iglesias/Basic Motions/Animations/Movement/Run/Human@Run02_Forward.anim using Guid(7b55ea4b41eef3e428c9e1a9173a1f60) Importer(815301076,1909f56bfc062723c751e8b465ee728b)  -> (artifact id: '51260f02a47d09060a7e1a5389648cdd') in 0.012983 seconds
Number of updated asset objects reloaded before import = 0
Number of asset objects unloaded after import = 1
========================================================================
Received Import Request.
  Time since last request: 14.341808 seconds.
  path: Assets/Kevin Iglesias/Basic Motions/Animations/Movement/Sprint/Human@Sprint02_Forward.anim
  artifactKey: Guid(5542e60030d329b4796c30a2f4e38c46) Importer(815301076,1909f56bfc062723c751e8b465ee728b)
Start importing Assets/Kevin Iglesias/Basic Motions/Animations/Movement/Sprint/Human@Sprint02_Forward.anim using Guid(5542e60030d329b4796c30a2f4e38c46) Importer(815301076,1909f56bfc062723c751e8b465ee728b)  -> (artifact id: 'edb42270cb54391a5e3f807b83f87e79') in 0.012210 seconds
Number of updated asset objects reloaded before import = 0
Number of asset objects unloaded after import = 1
========================================================================
Received Import Request.
  Time since last request: 18.523881 seconds.
  path: Assets/Kevin Iglesias/Basic Motions/Animations/Movement/Walk/Human@Walk02_Forward.anim
  artifactKey: Guid(5e5fab3c9569cd043bc2166518ea22f4) Importer(815301076,1909f56bfc062723c751e8b465ee728b)
Start importing Assets/Kevin Iglesias/Basic Motions/Animations/Movement/Walk/Human@Walk02_Forward.anim using Guid(5e5fab3c9569cd043bc2166518ea22f4) Importer(815301076,1909f56bfc062723c751e8b465ee728b)  -> (artifact id: '2895765b3b8639bff480aa3dbb02eb6f') in 0.017307 seconds
Number of updated asset objects reloaded before import = 0
Number of asset objects unloaded after import = 1
========================================================================
Received Import Request.
  Time since last request: 5.681279 seconds.
  path: Assets/Kevin Iglesias/Basic Motions/Animations/Social/Human@Talk02.anim
  artifactKey: Guid(c43bbed4a022ae346bb8e863b2e873cd) Importer(815301076,1909f56bfc062723c751e8b465ee728b)
Start importing Assets/Kevin Iglesias/Basic Motions/Animations/Social/Human@Talk02.anim using Guid(c43bbed4a022ae346bb8e863b2e873cd) Importer(815301076,1909f56bfc062723c751e8b465ee728b)  -> (artifact id: '4957b77c94e5d92c1b6a3df0fc6d504d') in 0.042376 seconds
Number of updated asset objects reloaded before import = 0
Number of asset objects unloaded after import = 1
========================================================================
Received Import Request.
  Time since last request: 14.443721 seconds.
  path: Assets/Animation/Characters/Woman/Women_Idle.anim
  artifactKey: Guid(59df24695f1b31a498633350c1dc60e9) Importer(815301076,1909f56bfc062723c751e8b465ee728b)
Start importing Assets/Animation/Characters/Woman/Women_Idle.anim using Guid(59df24695f1b31a498633350c1dc60e9) Importer(815301076,1909f56bfc062723c751e8b465ee728b)  -> (artifact id: '995bd8685235cec55a7054f2f748815a') in 0.050609 seconds
Number of updated asset objects reloaded before import = 0
Number of asset objects unloaded after import = 1
========================================================================
Received Import Request.
  Time since last request: 8.245854 seconds.
  path: Assets/Animation/Characters/Woman/Women_Jump.anim
  artifactKey: Guid(a2bb73003a8b8514a9c8483a494fad23) Importer(815301076,1909f56bfc062723c751e8b465ee728b)
Start importing Assets/Animation/Characters/Woman/Women_Jump.anim using Guid(a2bb73003a8b8514a9c8483a494fad23) Importer(815301076,1909f56bfc062723c751e8b465ee728b)  -> (artifact id: '200735c6708d6e2c130e3f66fe1b5711') in 0.028882 seconds
Number of updated asset objects reloaded before import = 0
Number of asset objects unloaded after import = 1
========================================================================
Received Import Request.
  Time since last request: 13.285481 seconds.
  path: Assets/Animation/Characters/Woman/Woman_Run.anim
  artifactKey: Guid(7b55ea4b41eef3e428c9e1a9173a1f60) Importer(815301076,1909f56bfc062723c751e8b465ee728b)
Start importing Assets/Animation/Characters/Woman/Woman_Run.anim using Guid(7b55ea4b41eef3e428c9e1a9173a1f60) Importer(815301076,1909f56bfc062723c751e8b465ee728b)  -> (artifact id: 'c57783ed1695fffdc90896cc308e0128') in 0.013653 seconds
Number of updated asset objects reloaded before import = 0
Number of asset objects unloaded after import = 1
========================================================================
Received Import Request.
  Time since last request: 36.490534 seconds.
  path: Assets/Animation/Characters/Woman/Women_Run.anim
  artifactKey: Guid(7b55ea4b41eef3e428c9e1a9173a1f60) Importer(815301076,1909f56bfc062723c751e8b465ee728b)
Start importing Assets/Animation/Characters/Woman/Women_Run.anim using Guid(7b55ea4b41eef3e428c9e1a9173a1f60) Importer(815301076,1909f56bfc062723c751e8b465ee728b)  -> (artifact id: '6d46d8c89f60b950028b87f50e8a8a77') in 0.013328 seconds
Number of updated asset objects reloaded before import = 0
Number of asset objects unloaded after import = 1
========================================================================
Received Import Request.
  Time since last request: 72.235732 seconds.
  path: Assets/Animation/Characters/Male/_M Movement Animation.controller
  artifactKey: Guid(980d4feaf528aad4c92bba6225bab408) Importer(815301076,1909f56bfc062723c751e8b465ee728b)
Start importing Assets/Animation/Characters/Male/_M Movement Animation.controller using Guid(980d4feaf528aad4c92bba6225bab408) Importer(815301076,1909f56bfc062723c751e8b465ee728b)  -> (artifact id: 'c747746a22d8c8a7f18924e1b95e928e') in 0.000858 seconds
Number of updated asset objects reloaded before import = 0
Number of asset objects unloaded after import = 2
========================================================================
Received Import Request.
  Time since last request: 7.768791 seconds.
  path: Assets/Animation/Characters/Male/_M Idle.anim
  artifactKey: Guid(1e31c42f8ba856e4ab87dcc86b321216) Importer(815301076,1909f56bfc062723c751e8b465ee728b)
Start importing Assets/Animation/Characters/Male/_M Idle.anim using Guid(1e31c42f8ba856e4ab87dcc86b321216) Importer(815301076,1909f56bfc062723c751e8b465ee728b)  -> (artifact id: '3b25027fd080665d4f1740fc3f4cc9ef') in 0.025033 seconds
Number of updated asset objects reloaded before import = 0
Number of asset objects unloaded after import = 1
========================================================================
Received Import Request.
  Time since last request: 5.868780 seconds.
  path: Assets/Animation/Characters/Male/_M Jump.anim
  artifactKey: Guid(33c828318c1a1f84db52333b7f8bd7af) Importer(815301076,1909f56bfc062723c751e8b465ee728b)
Start importing Assets/Animation/Characters/Male/_M Jump.anim using Guid(33c828318c1a1f84db52333b7f8bd7af) Importer(815301076,1909f56bfc062723c751e8b465ee728b)  -> (artifact id: 'f1f3f5a35abd150263845b6fd82824e7') in 0.019092 seconds
Number of updated asset objects reloaded before import = 0
Number of asset objects unloaded after import = 1
========================================================================
Received Import Request.
  Time since last request: 6.710241 seconds.
  path: Assets/Animation/Characters/Male/_M Run.anim
  artifactKey: Guid(a73b3a96c0f28664e837640a7ae65ae6) Importer(815301076,1909f56bfc062723c751e8b465ee728b)
Start importing Assets/Animation/Characters/Male/_M Run.anim using Guid(a73b3a96c0f28664e837640a7ae65ae6) Importer(815301076,1909f56bfc062723c751e8b465ee728b)  -> (artifact id: 'f32c83bfdbfadc2b2afea453774b1bc2') in 0.006870 seconds
Number of updated asset objects reloaded before import = 0
Number of asset objects unloaded after import = 1
========================================================================
Received Import Request.
  Time since last request: 9.639012 seconds.
  path: Assets/Animation/Characters/Male/_M Sprint.anim
  artifactKey: Guid(ad26de278d749e347b0008e5da072540) Importer(815301076,1909f56bfc062723c751e8b465ee728b)
Start importing Assets/Animation/Characters/Male/_M Sprint.anim using Guid(ad26de278d749e347b0008e5da072540) Importer(815301076,1909f56bfc062723c751e8b465ee728b)  -> (artifact id: 'b6df899c628fce943e065fd03d0bdc11') in 0.006312 seconds
Number of updated asset objects reloaded before import = 0
Number of asset objects unloaded after import = 1
========================================================================
Received Import Request.
  Time since last request: 13.654899 seconds.
  path: Assets/Animation/Characters/Male/_M Talk.anim
  artifactKey: Guid(d4b9316a9ca20e044966905f26b4e7bd) Importer(815301076,1909f56bfc062723c751e8b465ee728b)
Start importing Assets/Animation/Characters/Male/_M Talk.anim using Guid(d4b9316a9ca20e044966905f26b4e7bd) Importer(815301076,1909f56bfc062723c751e8b465ee728b)  -> (artifact id: 'efdd74ad4abd8b2a8d5580cb277f9676') in 0.020918 seconds
Number of updated asset objects reloaded before import = 0
Number of asset objects unloaded after import = 1
========================================================================
Received Import Request.
  Time since last request: 9.340842 seconds.
  path: Assets/Animation/Characters/Female/_F Sprint.anim
  artifactKey: Guid(5542e60030d329b4796c30a2f4e38c46) Importer(815301076,1909f56bfc062723c751e8b465ee728b)
Start importing Assets/Animation/Characters/Female/_F Sprint.anim using Guid(5542e60030d329b4796c30a2f4e38c46) Importer(815301076,1909f56bfc062723c751e8b465ee728b)  -> (artifact id: 'c6702f0296eb8cb869eb2c25e117c4bd') in 0.012027 seconds
Number of updated asset objects reloaded before import = 0
Number of asset objects unloaded after import = 1
========================================================================
Received Import Request.
  Time since last request: 7.744674 seconds.
  path: Assets/Animation/Characters/Female/_F Talk.anim
  artifactKey: Guid(c43bbed4a022ae346bb8e863b2e873cd) Importer(815301076,1909f56bfc062723c751e8b465ee728b)
Start importing Assets/Animation/Characters/Female/_F Talk.anim using Guid(c43bbed4a022ae346bb8e863b2e873cd) Importer(815301076,1909f56bfc062723c751e8b465ee728b)  -> (artifact id: 'dda2774a109a178595ae9be4797f7638') in 0.047458 seconds
Number of updated asset objects reloaded before import = 0
Number of asset objects unloaded after import = 1
========================================================================
Received Import Request.
  Time since last request: 45.707598 seconds.
  path: Assets/Kevin Iglesias/Basic Motions/Animations/Movement/Walk/Human@Walk01_Forward.anim
  artifactKey: Guid(400e94765d9aa1e49bd7c2b6f97cbb09) Importer(815301076,1909f56bfc062723c751e8b465ee728b)
Start importing Assets/Kevin Iglesias/Basic Motions/Animations/Movement/Walk/Human@Walk01_Forward.anim using Guid(400e94765d9aa1e49bd7c2b6f97cbb09) Importer(815301076,1909f56bfc062723c751e8b465ee728b)  -> (artifact id: '687dece7387e84cd00ec8f354e93aaf6') in 0.017735 seconds
Number of updated asset objects reloaded before import = 0
Number of asset objects unloaded after import = 1
========================================================================
Received Import Request.
  Time since last request: 8.497553 seconds.
  path: Assets/Animation/Characters/Male/_M Walk.anim
  artifactKey: Guid(400e94765d9aa1e49bd7c2b6f97cbb09) Importer(815301076,1909f56bfc062723c751e8b465ee728b)
Start importing Assets/Animation/Characters/Male/_M Walk.anim using Guid(400e94765d9aa1e49bd7c2b6f97cbb09) Importer(815301076,1909f56bfc062723c751e8b465ee728b)  -> (artifact id: '1378a9d5707fadce056afa287e097d6e') in 0.016668 seconds
Number of updated asset objects reloaded before import = 0
Number of asset objects unloaded after import = 1
========================================================================
Received Import Request.
  Time since last request: 15.716545 seconds.
  path: Assets/Animation/Characters/Female/_F Walk.anim
  artifactKey: Guid(5e5fab3c9569cd043bc2166518ea22f4) Importer(815301076,1909f56bfc062723c751e8b465ee728b)
Start importing Assets/Animation/Characters/Female/_F Walk.anim using Guid(5e5fab3c9569cd043bc2166518ea22f4) Importer(815301076,1909f56bfc062723c751e8b465ee728b)  -> (artifact id: '172cad651a6e6c1696190fc4b4fdbf7e') in 0.016388 seconds
Number of updated asset objects reloaded before import = 0
Number of asset objects unloaded after import = 1
========================================================================
Received Import Request.
  Time since last request: 9.479433 seconds.
  path: Assets/Animation/Characters/Female/_F Idle.anim
  artifactKey: Guid(59df24695f1b31a498633350c1dc60e9) Importer(815301076,1909f56bfc062723c751e8b465ee728b)
Start importing Assets/Animation/Characters/Female/_F Idle.anim using Guid(59df24695f1b31a498633350c1dc60e9) Importer(815301076,1909f56bfc062723c751e8b465ee728b)  -> (artifact id: 'dca106b30de346ec72cce9b55668f35a') in 0.049709 seconds
Number of updated asset objects reloaded before import = 0
Number of asset objects unloaded after import = 1
========================================================================
Received Import Request.
  Time since last request: 6.713047 seconds.
  path: Assets/Animation/Characters/Female/_F Jump.anim
  artifactKey: Guid(a2bb73003a8b8514a9c8483a494fad23) Importer(815301076,1909f56bfc062723c751e8b465ee728b)
Start importing Assets/Animation/Characters/Female/_F Jump.anim using Guid(a2bb73003a8b8514a9c8483a494fad23) Importer(815301076,1909f56bfc062723c751e8b465ee728b)  -> (artifact id: '7fc70db431a143f1dad473ee0ddfbbe8') in 0.029316 seconds
Number of updated asset objects reloaded before import = 0
Number of asset objects unloaded after import = 1
========================================================================
Received Import Request.
  Time since last request: 8.152730 seconds.
  path: Assets/Animation/Characters/Female/_F Run.anim
  artifactKey: Guid(7b55ea4b41eef3e428c9e1a9173a1f60) Importer(815301076,1909f56bfc062723c751e8b465ee728b)
Start importing Assets/Animation/Characters/Female/_F Run.anim using Guid(7b55ea4b41eef3e428c9e1a9173a1f60) Importer(815301076,1909f56bfc062723c751e8b465ee728b)  -> (artifact id: 'fde58b17217326acdb48591f7180d24a') in 0.015886 seconds
Number of updated asset objects reloaded before import = 0
Number of asset objects unloaded after import = 1
========================================================================
Received Import Request.
  Time since last request: 4.070320 seconds.
  path: Assets/Animation/Characters/Female
  artifactKey: Guid(f21d2ff41f69c354787ff0f9ec851e58) Importer(815301076,1909f56bfc062723c751e8b465ee728b)
Start importing Assets/Animation/Characters/Female using Guid(f21d2ff41f69c354787ff0f9ec851e58) Importer(815301076,1909f56bfc062723c751e8b465ee728b)  -> (artifact id: 'cd84c6b55e4be4927fe50e8a2ec8648e') in 0.000438 seconds
Number of updated asset objects reloaded before import = 0
Number of asset objects unloaded after import = 0
========================================================================
Received Import Request.
  Time since last request: 17.613119 seconds.
  path: Assets/Animation/Characters/Female/_F Movement Animation Controller.controller
  artifactKey: Guid(c452b4e11495a9e42aa46661900009d1) Importer(815301076,1909f56bfc062723c751e8b465ee728b)
Start importing Assets/Animation/Characters/Female/_F Movement Animation Controller.controller using Guid(c452b4e11495a9e42aa46661900009d1) Importer(815301076,1909f56bfc062723c751e8b465ee728b)  -> (artifact id: '67a984be7c2dd398b7920f56a92ecd3c') in 0.000947 seconds
Number of updated asset objects reloaded before import = 0
Number of asset objects unloaded after import = 1
========================================================================
Received Import Request.
  Time since last request: 10.482490 seconds.
  path: Assets/Animation/Characters/Male/_M Movement Animation Controller.controller
  artifactKey: Guid(980d4feaf528aad4c92bba6225bab408) Importer(815301076,1909f56bfc062723c751e8b465ee728b)
Start importing Assets/Animation/Characters/Male/_M Movement Animation Controller.controller using Guid(980d4feaf528aad4c92bba6225bab408) Importer(815301076,1909f56bfc062723c751e8b465ee728b)  -> (artifact id: '4bd0b120beffa7763f33675e8780ab59') in 0.000927 seconds
Number of updated asset objects reloaded before import = 0
Number of asset objects unloaded after import = 2
========================================================================
Received Prepare
Begin MonoManager ReloadAssembly
- Loaded All Assemblies, in  0.337 seconds
Refreshing native plugins compatible for Editor in 1.71 ms, found 3 plugins.
Native extension for WindowsStandalone target not found
Native extension for Android target not found
[Package Manager] Server::EnsureServerProcessIsRunning -- launch failed, reason: Unity was launched with the -noUpm command-line argument
[Package Manager] UpmClient::Send -- Unable to send message (not connected to UPM process).
[Package Manager] Cannot connect to Unity Package Manager local server
Mono: successfully reloaded assembly
- Finished resetting the current domain, in  0.812 seconds
Domain Reload Profiling: 1149ms
	BeginReloadAssembly (126ms)
		ExecutionOrderSort (0ms)
		DisableScriptedObjects (5ms)
		BackupInstance (0ms)
		ReleaseScriptingObjects (0ms)
		CreateAndSetChildDomain (35ms)
	RebuildCommonClasses (26ms)
	RebuildNativeTypeToScriptingClass (9ms)
	initialDomainReloadingComplete (19ms)
	LoadAllAssembliesAndSetupDomain (157ms)
		LoadAssemblies (207ms)
		RebuildTransferFunctionScriptingTraits (0ms)
		AnalyzeDomain (11ms)
			TypeCache.Refresh (6ms)
				TypeCache.ScanAssembly (0ms)
			ScanForSourceGeneratedMonoScriptInfo (0ms)
			ResolveRequiredComponents (3ms)
	FinalizeReload (812ms)
		ReleaseScriptCaches (0ms)
		RebuildScriptCaches (0ms)
		SetupLoadedEditorAssemblies (446ms)
			LogAssemblyErrors (0ms)
			InitializePlatformSupportModulesInManaged (19ms)
			SetLoadedEditorAssemblies (4ms)
			RefreshPlugins (0ms)
			BeforeProcessingInitializeOnLoad (73ms)
			ProcessInitializeOnLoadAttributes (330ms)
			ProcessInitializeOnLoadMethodAttributes (18ms)
			AfterProcessingInitializeOnLoad (2ms)
			EditorAssembliesLoaded (0ms)
		ExecutionOrderSort2 (0ms)
		AwakeInstancesAfterBackupRestoration (7ms)
Refreshing native plugins compatible for Editor in 1.99 ms, found 3 plugins.
Preloading 0 native plugins for Editor in 0.00 ms.
Unloading 3079 Unused Serialized files (Serialized files now loaded: 0)
Unloading 22 unused Assets / (30.5 KB). Loaded Objects now: 3557.
Memory consumption went from 120.4 MB to 120.4 MB.
Total: 3.419400 ms (FindLiveObjects: 0.250600 ms CreateObjectMapping: 0.114400 ms MarkObjects: 3.009000 ms  DeleteObjects: 0.044500 ms)

Prepare: number of updated asset objects reloaded= 0
AssetImportParameters requested are different than current active one (requested -> active):
  custom:container-demuxer-ogg: 62fdf1f143b41e24485cea50d1cbac27 -> 
  custom:video-decoder-ogg-theora: a1e56fd34408186e4bbccfd4996cb3dc -> 
  custom:framework-win-MediaFoundation: 216162199b28c13a410421893ffa2e32 -> 
  custom:CustomObjectIndexerAttribute: 756ad292c208cfabdd7b50bc23989ffe -> 
  custom:container-demuxer-webm: 4f35f7cbe854078d1ac9338744f61a02 -> 
  custom:container-muxer-webm: aa71ff27fc2769a1b78a27578f13a17b -> 
  custom:video-decoder-webm-vp8: 9c59270c3fd7afecdb556c50c9e8de78 -> 
  custom:SearchIndexIgnoredProperties: e643bd26f0fe6173181afceb89e7c659 -> 
  custom:AudioImporter_EditorPlatform: d09bf68614088b80899f8185d706f6e7 -> 
  custom:video-encoder-webm-vp8: eb34c28f22e8b96e1ab97ce403110664 -> 
  custom:audio-decoder-ogg-vorbis: bf7c407c2cedff20999df2af8eb42d56 -> 
  custom:audio-encoder-webm-vorbis: bf7c407c2cedff20999df2af8eb42d56 -> 
========================================================================
Received Prepare
Begin MonoManager ReloadAssembly
- Loaded All Assemblies, in  0.334 seconds
Refreshing native plugins compatible for Editor in 1.49 ms, found 3 plugins.
Native extension for WindowsStandalone target not found
Native extension for Android target not found
[Package Manager] Server::EnsureServerProcessIsRunning -- launch failed, reason: Unity was launched with the -noUpm command-line argument
[Package Manager] UpmClient::Send -- Unable to send message (not connected to UPM process).
[Package Manager] Cannot connect to Unity Package Manager local server
Mono: successfully reloaded assembly
- Finished resetting the current domain, in  0.779 seconds
Domain Reload Profiling: 1114ms
	BeginReloadAssembly (128ms)
		ExecutionOrderSort (0ms)
		DisableScriptedObjects (5ms)
		BackupInstance (0ms)
		ReleaseScriptingObjects (0ms)
		CreateAndSetChildDomain (35ms)
	RebuildCommonClasses (27ms)
	RebuildNativeTypeToScriptingClass (9ms)
	initialDomainReloadingComplete (18ms)
	LoadAllAssembliesAndSetupDomain (153ms)
		LoadAssemblies (205ms)
		RebuildTransferFunctionScriptingTraits (0ms)
		AnalyzeDomain (11ms)
			TypeCache.Refresh (6ms)
				TypeCache.ScanAssembly (0ms)
			ScanForSourceGeneratedMonoScriptInfo (0ms)
			ResolveRequiredComponents (4ms)
	FinalizeReload (779ms)
		ReleaseScriptCaches (0ms)
		RebuildScriptCaches (0ms)
		SetupLoadedEditorAssemblies (450ms)
			LogAssemblyErrors (0ms)
			InitializePlatformSupportModulesInManaged (18ms)
			SetLoadedEditorAssemblies (5ms)
			RefreshPlugins (0ms)
			BeforeProcessingInitializeOnLoad (74ms)
			ProcessInitializeOnLoadAttributes (332ms)
			ProcessInitializeOnLoadMethodAttributes (19ms)
			AfterProcessingInitializeOnLoad (2ms)
			EditorAssembliesLoaded (0ms)
		ExecutionOrderSort2 (0ms)
		AwakeInstancesAfterBackupRestoration (5ms)
Refreshing native plugins compatible for Editor in 1.56 ms, found 3 plugins.
Preloading 0 native plugins for Editor in 0.00 ms.
Unloading 3080 Unused Serialized files (Serialized files now loaded: 0)
Unloading 22 unused Assets / (30.5 KB). Loaded Objects now: 3560.
Memory consumption went from 120.7 MB to 120.6 MB.
Total: 2.487800 ms (FindLiveObjects: 0.219500 ms CreateObjectMapping: 0.073100 ms MarkObjects: 2.149300 ms  DeleteObjects: 0.044800 ms)

Prepare: number of updated asset objects reloaded= 0
AssetImportParameters requested are different than current active one (requested -> active):
  custom:container-demuxer-ogg: 62fdf1f143b41e24485cea50d1cbac27 -> 
  custom:video-decoder-ogg-theora: a1e56fd34408186e4bbccfd4996cb3dc -> 
  custom:framework-win-MediaFoundation: 216162199b28c13a410421893ffa2e32 -> 
  custom:CustomObjectIndexerAttribute: 756ad292c208cfabdd7b50bc23989ffe -> 
  custom:container-demuxer-webm: 4f35f7cbe854078d1ac9338744f61a02 -> 
  custom:container-muxer-webm: aa71ff27fc2769a1b78a27578f13a17b -> 
  custom:video-decoder-webm-vp8: 9c59270c3fd7afecdb556c50c9e8de78 -> 
  custom:SearchIndexIgnoredProperties: e643bd26f0fe6173181afceb89e7c659 -> 
  custom:AudioImporter_EditorPlatform: d09bf68614088b80899f8185d706f6e7 -> 
  custom:video-encoder-webm-vp8: eb34c28f22e8b96e1ab97ce403110664 -> 
  custom:audio-decoder-ogg-vorbis: bf7c407c2cedff20999df2af8eb42d56 -> 
  custom:audio-encoder-webm-vorbis: bf7c407c2cedff20999df2af8eb42d56 -> 
========================================================================
Received Prepare
Begin MonoManager ReloadAssembly
- Loaded All Assemblies, in  0.320 seconds
Refreshing native plugins compatible for Editor in 1.35 ms, found 3 plugins.
Native extension for WindowsStandalone target not found
Native extension for Android target not found
[Package Manager] Server::EnsureServerProcessIsRunning -- launch failed, reason: Unity was launched with the -noUpm command-line argument
[Package Manager] UpmClient::Send -- Unable to send message (not connected to UPM process).
[Package Manager] Cannot connect to Unity Package Manager local server
Mono: successfully reloaded assembly
- Finished resetting the current domain, in  0.766 seconds
Domain Reload Profiling: 1086ms
	BeginReloadAssembly (121ms)
		ExecutionOrderSort (0ms)
		DisableScriptedObjects (4ms)
		BackupInstance (0ms)
		ReleaseScriptingObjects (0ms)
		CreateAndSetChildDomain (33ms)
	RebuildCommonClasses (25ms)
	RebuildNativeTypeToScriptingClass (9ms)
	initialDomainReloadingComplete (18ms)
	LoadAllAssembliesAndSetupDomain (148ms)
		LoadAssemblies (198ms)
		RebuildTransferFunctionScriptingTraits (0ms)
		AnalyzeDomain (10ms)
			TypeCache.Refresh (5ms)
				TypeCache.ScanAssembly (0ms)
			ScanForSourceGeneratedMonoScriptInfo (0ms)
			ResolveRequiredComponents (4ms)
	FinalizeReload (767ms)
		ReleaseScriptCaches (0ms)
		RebuildScriptCaches (0ms)
		SetupLoadedEditorAssemblies (429ms)
			LogAssemblyErrors (0ms)
			InitializePlatformSupportModulesInManaged (18ms)
			SetLoadedEditorAssemblies (4ms)
			RefreshPlugins (0ms)
			BeforeProcessingInitializeOnLoad (71ms)
			ProcessInitializeOnLoadAttributes (316ms)
			ProcessInitializeOnLoadMethodAttributes (18ms)
			AfterProcessingInitializeOnLoad (1ms)
			EditorAssembliesLoaded (0ms)
		ExecutionOrderSort2 (0ms)
		AwakeInstancesAfterBackupRestoration (5ms)
Refreshing native plugins compatible for Editor in 1.74 ms, found 3 plugins.
Preloading 0 native plugins for Editor in 0.00 ms.
Unloading 3080 Unused Serialized files (Serialized files now loaded: 0)
Unloading 22 unused Assets / (30.4 KB). Loaded Objects now: 3563.
Memory consumption went from 120.7 MB to 120.6 MB.
Total: 2.478800 ms (FindLiveObjects: 0.226500 ms CreateObjectMapping: 0.122500 ms MarkObjects: 2.085900 ms  DeleteObjects: 0.043200 ms)

Prepare: number of updated asset objects reloaded= 0
AssetImportParameters requested are different than current active one (requested -> active):
  custom:container-demuxer-ogg: 62fdf1f143b41e24485cea50d1cbac27 -> 
  custom:video-decoder-ogg-theora: a1e56fd34408186e4bbccfd4996cb3dc -> 
  custom:framework-win-MediaFoundation: 216162199b28c13a410421893ffa2e32 -> 
  custom:CustomObjectIndexerAttribute: 756ad292c208cfabdd7b50bc23989ffe -> 
  custom:container-demuxer-webm: 4f35f7cbe854078d1ac9338744f61a02 -> 
  custom:container-muxer-webm: aa71ff27fc2769a1b78a27578f13a17b -> 
  custom:video-decoder-webm-vp8: 9c59270c3fd7afecdb556c50c9e8de78 -> 
  custom:SearchIndexIgnoredProperties: e643bd26f0fe6173181afceb89e7c659 -> 
  custom:AudioImporter_EditorPlatform: d09bf68614088b80899f8185d706f6e7 -> 
  custom:video-encoder-webm-vp8: eb34c28f22e8b96e1ab97ce403110664 -> 
  custom:audio-decoder-ogg-vorbis: bf7c407c2cedff20999df2af8eb42d56 -> 
  custom:audio-encoder-webm-vorbis: bf7c407c2cedff20999df2af8eb42d56 -> 
========================================================================
Received Prepare
Begin MonoManager ReloadAssembly
- Loaded All Assemblies, in  0.346 seconds
Refreshing native plugins compatible for Editor in 1.50 ms, found 3 plugins.
Native extension for WindowsStandalone target not found
Native extension for Android target not found
[Package Manager] Server::EnsureServerProcessIsRunning -- launch failed, reason: Unity was launched with the -noUpm command-line argument
[Package Manager] UpmClient::Send -- Unable to send message (not connected to UPM process).
[Package Manager] Cannot connect to Unity Package Manager local server
Mono: successfully reloaded assembly
- Finished resetting the current domain, in  0.780 seconds
Domain Reload Profiling: 1127ms
	BeginReloadAssembly (129ms)
		ExecutionOrderSort (0ms)
		DisableScriptedObjects (4ms)
		BackupInstance (0ms)
		ReleaseScriptingObjects (0ms)
		CreateAndSetChildDomain (32ms)
	RebuildCommonClasses (32ms)
	RebuildNativeTypeToScriptingClass (9ms)
	initialDomainReloadingComplete (19ms)
	LoadAllAssembliesAndSetupDomain (158ms)
		LoadAssemblies (215ms)
		RebuildTransferFunctionScriptingTraits (0ms)
		AnalyzeDomain (11ms)
			TypeCache.Refresh (6ms)
				TypeCache.ScanAssembly (0ms)
			ScanForSourceGeneratedMonoScriptInfo (0ms)
			ResolveRequiredComponents (3ms)
	FinalizeReload (781ms)
		ReleaseScriptCaches (0ms)
		RebuildScriptCaches (0ms)
		SetupLoadedEditorAssemblies (441ms)
			LogAssemblyErrors (0ms)
			InitializePlatformSupportModulesInManaged (19ms)
			SetLoadedEditorAssemblies (5ms)
			RefreshPlugins (0ms)
			BeforeProcessingInitializeOnLoad (73ms)
			ProcessInitializeOnLoadAttributes (326ms)
			ProcessInitializeOnLoadMethodAttributes (17ms)
			AfterProcessingInitializeOnLoad (2ms)
			EditorAssembliesLoaded (0ms)
		ExecutionOrderSort2 (0ms)
		AwakeInstancesAfterBackupRestoration (6ms)
Refreshing native plugins compatible for Editor in 1.82 ms, found 3 plugins.
Preloading 0 native plugins for Editor in 0.00 ms.
Unloading 3080 Unused Serialized files (Serialized files now loaded: 0)
Unloading 22 unused Assets / (30.5 KB). Loaded Objects now: 3566.
Memory consumption went from 120.7 MB to 120.6 MB.
Total: 3.540300 ms (FindLiveObjects: 0.243200 ms CreateObjectMapping: 0.082700 ms MarkObjects: 3.167900 ms  DeleteObjects: 0.045600 ms)

Prepare: number of updated asset objects reloaded= 0
AssetImportParameters requested are different than current active one (requested -> active):
  custom:container-demuxer-ogg: 62fdf1f143b41e24485cea50d1cbac27 -> 
  custom:video-decoder-ogg-theora: a1e56fd34408186e4bbccfd4996cb3dc -> 
  custom:framework-win-MediaFoundation: 216162199b28c13a410421893ffa2e32 -> 
  custom:CustomObjectIndexerAttribute: 756ad292c208cfabdd7b50bc23989ffe -> 
  custom:container-demuxer-webm: 4f35f7cbe854078d1ac9338744f61a02 -> 
  custom:container-muxer-webm: aa71ff27fc2769a1b78a27578f13a17b -> 
  custom:video-decoder-webm-vp8: 9c59270c3fd7afecdb556c50c9e8de78 -> 
  custom:SearchIndexIgnoredProperties: e643bd26f0fe6173181afceb89e7c659 -> 
  custom:AudioImporter_EditorPlatform: d09bf68614088b80899f8185d706f6e7 -> 
  custom:video-encoder-webm-vp8: eb34c28f22e8b96e1ab97ce403110664 -> 
  custom:audio-decoder-ogg-vorbis: bf7c407c2cedff20999df2af8eb42d56 -> 
  custom:audio-encoder-webm-vorbis: bf7c407c2cedff20999df2af8eb42d56 -> 
========================================================================
Received Import Request.
  Time since last request: 205.224944 seconds.
  path: Assets/Prefabs
  artifactKey: Guid(1debb3a189a23044a872f09576001634) Importer(815301076,1909f56bfc062723c751e8b465ee728b)
Start importing Assets/Prefabs using Guid(1debb3a189a23044a872f09576001634) Importer(815301076,1909f56bfc062723c751e8b465ee728b)  -> (artifact id: '44edea64f83f2f8eef96d1e1c6836b54') in 0.002828 seconds
Number of updated asset objects reloaded before import = 0
Number of asset objects unloaded after import = 0
========================================================================
Received Import Request.
  Time since last request: 12.374133 seconds.
  path: Assets/Prefabs/Character
  artifactKey: Guid(c87b9138eb1bc0d44a79c821f86660c8) Importer(815301076,1909f56bfc062723c751e8b465ee728b)
Start importing Assets/Prefabs/Character using Guid(c87b9138eb1bc0d44a79c821f86660c8) Importer(815301076,1909f56bfc062723c751e8b465ee728b)  -> (artifact id: 'dfcb3e5c7bff67d66c04ad3fc6ee13ee') in 0.000443 seconds
Number of updated asset objects reloaded before import = 0
Number of asset objects unloaded after import = 0
========================================================================
Received Import Request.
  Time since last request: 7.013854 seconds.
  path: Assets/Prefabs/Character/Characters.prefab
  artifactKey: Guid(943ca52cd162c214e9285ad84cc0376a) Importer(815301076,1909f56bfc062723c751e8b465ee728b)
Start importing Assets/Prefabs/Character/Characters.prefab using Guid(943ca52cd162c214e9285ad84cc0376a) Importer(815301076,1909f56bfc062723c751e8b465ee728b)  -> (artifact id: '8eef8db760e633e3c54d34eb6221771d') in 0.194219 seconds
Number of updated asset objects reloaded before import = 0
Number of asset objects unloaded after import = 599
========================================================================
Received Import Request.
  Time since last request: 31.521422 seconds.
  path: Assets/Prefabs/Character/Characters 1.prefab
  artifactKey: Guid(d592be9906b5a794b9f158e2b13f2e21) Importer(815301076,1909f56bfc062723c751e8b465ee728b)
Start importing Assets/Prefabs/Character/Characters 1.prefab using Guid(d592be9906b5a794b9f158e2b13f2e21) Importer(815301076,1909f56bfc062723c751e8b465ee728b)  -> (artifact id: '7680cdd63fcf9d01dd3635d5026c5d20') in 0.016315 seconds
Number of updated asset objects reloaded before import = 0
Number of asset objects unloaded after import = 584
========================================================================
Received Import Request.
  Time since last request: 19.981162 seconds.
  path: Assets/Prefabs/Character/PLayer.prefab
  artifactKey: Guid(d592be9906b5a794b9f158e2b13f2e21) Importer(815301076,1909f56bfc062723c751e8b465ee728b)
Start importing Assets/Prefabs/Character/PLayer.prefab using Guid(d592be9906b5a794b9f158e2b13f2e21) Importer(815301076,1909f56bfc062723c751e8b465ee728b)  -> (artifact id: '7543f7d0b053cc495c836347249d4735') in 0.010112 seconds
Number of updated asset objects reloaded before import = 0
Number of asset objects unloaded after import = 584
========================================================================
Received Import Request.
  Time since last request: 43.232105 seconds.
  path: Assets/Prefabs/Character/PLayer.prefab
  artifactKey: Guid(d592be9906b5a794b9f158e2b13f2e21) Importer(815301076,1909f56bfc062723c751e8b465ee728b)
Start importing Assets/Prefabs/Character/PLayer.prefab using Guid(d592be9906b5a794b9f158e2b13f2e21) Importer(815301076,1909f56bfc062723c751e8b465ee728b)  -> (artifact id: '4e76810f0beedd3e056b1686ecd5ca78') in 0.112302 seconds
Number of updated asset objects reloaded before import = 0
Number of asset objects unloaded after import = 599
========================================================================
Received Import Request.
  Time since last request: 7.953330 seconds.
  path: Assets/Prefabs/Character/PLayer.prefab
  artifactKey: Guid(d592be9906b5a794b9f158e2b13f2e21) Importer(815301076,1909f56bfc062723c751e8b465ee728b)
Start importing Assets/Prefabs/Character/PLayer.prefab using Guid(d592be9906b5a794b9f158e2b13f2e21) Importer(815301076,1909f56bfc062723c751e8b465ee728b)  -> (artifact id: '83f1088272c764e4bdff1b33ea863c38') in 0.111150 seconds
Number of updated asset objects reloaded before import = 0
Number of asset objects unloaded after import = 599
========================================================================
Received Import Request.
  Time since last request: 95.640714 seconds.
  path: Assets/PolygonPirates/Textures/SimpleSky.png
  artifactKey: Guid(7bab9ac1487e10c40b9ed77d4c551e04) Importer(815301076,1909f56bfc062723c751e8b465ee728b)
Start importing Assets/PolygonPirates/Textures/SimpleSky.png using Guid(7bab9ac1487e10c40b9ed77d4c551e04) Importer(815301076,1909f56bfc062723c751e8b465ee728b)  -> (artifact id: '9bc192a356024d99e58a6caa3d69327a') in 0.019268 seconds
Number of updated asset objects reloaded before import = 0
Number of asset objects unloaded after import = 2
========================================================================
Received Import Request.
  Time since last request: 0.011794 seconds.
  path: Assets/PolygonPirates/Textures/Texture_02_A.png
  artifactKey: Guid(d0aa688723df2fc449e3997cc5ea5d56) Importer(815301076,1909f56bfc062723c751e8b465ee728b)
Start importing Assets/PolygonPirates/Textures/Texture_02_A.png using Guid(d0aa688723df2fc449e3997cc5ea5d56) Importer(815301076,1909f56bfc062723c751e8b465ee728b)  -> (artifact id: 'c614b7d4b5707e1fb53aa26cf91f467b') in 0.015498 seconds
Number of updated asset objects reloaded before import = 0
Number of asset objects unloaded after import = 2
========================================================================
Received Import Request.
  Time since last request: 0.013061 seconds.
  path: Assets/PolygonPirates/Textures/Texture_03_A.png
  artifactKey: Guid(0bf6bc68211326c4a9a49fa9cefb4a68) Importer(815301076,1909f56bfc062723c751e8b465ee728b)
Start importing Assets/PolygonPirates/Textures/Texture_03_A.png using Guid(0bf6bc68211326c4a9a49fa9cefb4a68) Importer(815301076,1909f56bfc062723c751e8b465ee728b)  -> (artifact id: '702159fb86a9f1afaaefcab2fdbaf417') in 0.017717 seconds
Number of updated asset objects reloaded before import = 0
Number of asset objects unloaded after import = 2
========================================================================
Received Import Request.
  Time since last request: 0.000023 seconds.
  path: Assets/PolygonPirates/Textures/Texture_02_C.png
  artifactKey: Guid(0fc20db2ef18bf847b0cb336b3e4867d) Importer(815301076,1909f56bfc062723c751e8b465ee728b)
Start importing Assets/PolygonPirates/Textures/Texture_02_C.png using Guid(0fc20db2ef18bf847b0cb336b3e4867d) Importer(815301076,1909f56bfc062723c751e8b465ee728b)  -> (artifact id: '10054b4d006846581ec1e798563d2093') in 0.015388 seconds
Number of updated asset objects reloaded before import = 0
Number of asset objects unloaded after import = 2
========================================================================
Received Import Request.
  Time since last request: 0.000020 seconds.
  path: Assets/PolygonPirates/Textures/Texture_Emmisive.png
  artifactKey: Guid(875b8ab58396d1840a08ee9d2bd25f70) Importer(815301076,1909f56bfc062723c751e8b465ee728b)
Start importing Assets/PolygonPirates/Textures/Texture_Emmisive.png using Guid(875b8ab58396d1840a08ee9d2bd25f70) Importer(815301076,1909f56bfc062723c751e8b465ee728b)  -> (artifact id: '0356e4b6faee8250453b5f7676f6e4e8') in 0.024214 seconds
Number of updated asset objects reloaded before import = 0
Number of asset objects unloaded after import = 2
========================================================================
Received Import Request.
  Time since last request: 0.000025 seconds.
  path: Assets/PolygonPirates/Textures/Texture_04_A.png
  artifactKey: Guid(75fd15308c42fed4fbfa58bad74ddfcc) Importer(815301076,1909f56bfc062723c751e8b465ee728b)
Start importing Assets/PolygonPirates/Textures/Texture_04_A.png using Guid(75fd15308c42fed4fbfa58bad74ddfcc) Importer(815301076,1909f56bfc062723c751e8b465ee728b)  -> (artifact id: '5f2a179cd02f1b78eee025c6555badca') in 0.104332 seconds
Number of updated asset objects reloaded before import = 0
Number of asset objects unloaded after import = 2
========================================================================
Received Import Request.
  Time since last request: 0.000018 seconds.
  path: Assets/PolygonPirates/Textures/Texture_01_B.png
  artifactKey: Guid(b4c3496630d6c7b4bab216b60b1a7b8f) Importer(815301076,1909f56bfc062723c751e8b465ee728b)
Start importing Assets/PolygonPirates/Textures/Texture_01_B.png using Guid(b4c3496630d6c7b4bab216b60b1a7b8f) Importer(815301076,1909f56bfc062723c751e8b465ee728b)  -> (artifact id: '69575ad5f4d4ef63f130533902526430') in 0.053840 seconds
Number of updated asset objects reloaded before import = 0
Number of asset objects unloaded after import = 2
========================================================================
Received Import Request.
  Time since last request: 14.215677 seconds.
  path: Assets/PolygonPirates/Prefabs/Props/SM_Prop_Anchor_01.prefab
  artifactKey: Guid(e413f3d51baf23a4083ab328e6a57ac6) Importer(815301076,1909f56bfc062723c751e8b465ee728b)
Start importing Assets/PolygonPirates/Prefabs/Props/SM_Prop_Anchor_01.prefab using Guid(e413f3d51baf23a4083ab328e6a57ac6) Importer(815301076,1909f56bfc062723c751e8b465ee728b)  -> (artifact id: '16403c6d5f1723f3945a6e8587603e55') in 0.018165 seconds
Number of updated asset objects reloaded before import = 0
Number of asset objects unloaded after import = 12
========================================================================
Received Import Request.
  Time since last request: 0.000035 seconds.
  path: Assets/PolygonPirates/Prefabs/Props/SM_Prop_Barrel_04.prefab
  artifactKey: Guid(2358940b02b9db840a54974b2aa9010b) Importer(815301076,1909f56bfc062723c751e8b465ee728b)
Start importing Assets/PolygonPirates/Prefabs/Props/SM_Prop_Barrel_04.prefab using Guid(2358940b02b9db840a54974b2aa9010b) Importer(815301076,1909f56bfc062723c751e8b465ee728b)  -> (artifact id: '4163c183a93772aa95a37a6665fa7e23') in 0.018194 seconds
Number of updated asset objects reloaded before import = 0
Number of asset objects unloaded after import = 12
========================================================================
Received Import Request.
  Time since last request: 0.000035 seconds.
  path: Assets/PolygonPirates/Prefabs/Props/SM_Prop_Barrel_Half_01.prefab
  artifactKey: Guid(bdfbbe037a9a3ce47933e26169b92e3f) Importer(815301076,1909f56bfc062723c751e8b465ee728b)
Start importing Assets/PolygonPirates/Prefabs/Props/SM_Prop_Barrel_Half_01.prefab using Guid(bdfbbe037a9a3ce47933e26169b92e3f) Importer(815301076,1909f56bfc062723c751e8b465ee728b)  -> (artifact id: 'd08e90c0b35353767d1145fbb3a55e71') in 0.020795 seconds
Number of updated asset objects reloaded before import = 0
Number of asset objects unloaded after import = 12
========================================================================
Received Import Request.
  Time since last request: 0.000018 seconds.
  path: Assets/PolygonPirates/Prefabs/Props/SM_Prop_BottleTorch_01.prefab
  artifactKey: Guid(8ee445c91f489f34b827e3a7c115b032) Importer(815301076,1909f56bfc062723c751e8b465ee728b)
Start importing Assets/PolygonPirates/Prefabs/Props/SM_Prop_BottleTorch_01.prefab using Guid(8ee445c91f489f34b827e3a7c115b032) Importer(815301076,1909f56bfc062723c751e8b465ee728b)  -> (artifact id: 'dfee5dfd755920c85650473a895efa44') in 0.019800 seconds
Number of updated asset objects reloaded before import = 0
Number of asset objects unloaded after import = 12
========================================================================
Received Import Request.
  Time since last request: 0.000018 seconds.
  path: Assets/PolygonPirates/Prefabs/Props/SM_Prop_Bench_01.prefab
  artifactKey: Guid(4cbb5254bb07df74daa0456bc832306e) Importer(815301076,1909f56bfc062723c751e8b465ee728b)
Start importing Assets/PolygonPirates/Prefabs/Props/SM_Prop_Bench_01.prefab using Guid(4cbb5254bb07df74daa0456bc832306e) Importer(815301076,1909f56bfc062723c751e8b465ee728b)  -> (artifact id: 'dd49b2261b1a33bf623274067314e39c') in 0.021550 seconds
Number of updated asset objects reloaded before import = 0
Number of asset objects unloaded after import = 12
========================================================================
Received Import Request.
  Time since last request: 0.000030 seconds.
  path: Assets/PolygonPirates/Prefabs/Props/SM_Prop_Cannon_03.prefab
  artifactKey: Guid(acf39c14ef903c34f95fc1028f98c2f9) Importer(815301076,1909f56bfc062723c751e8b465ee728b)
Start importing Assets/PolygonPirates/Prefabs/Props/SM_Prop_Cannon_03.prefab using Guid(acf39c14ef903c34f95fc1028f98c2f9) Importer(815301076,1909f56bfc062723c751e8b465ee728b)  -> (artifact id: '18888c3a95e4b5cde6361d6420a80655') in 0.021531 seconds
Number of updated asset objects reloaded before import = 0
Number of asset objects unloaded after import = 12
========================================================================
Received Import Request.
  Time since last request: 0.000040 seconds.
  path: Assets/PolygonPirates/Prefabs/Props/SM_Prop_CannonBalls_02.prefab
  artifactKey: Guid(7e639efc7992b714c8e414e0ba022269) Importer(815301076,1909f56bfc062723c751e8b465ee728b)
Start importing Assets/PolygonPirates/Prefabs/Props/SM_Prop_CannonBalls_02.prefab using Guid(7e639efc7992b714c8e414e0ba022269) Importer(815301076,1909f56bfc062723c751e8b465ee728b)  -> (artifact id: '1f5e405649112e23d75249be996c237b') in 0.023231 seconds
Number of updated asset objects reloaded before import = 0
Number of asset objects unloaded after import = 12
========================================================================
Received Import Request.
  Time since last request: 0.000020 seconds.
  path: Assets/PolygonPirates/Prefabs/Props/SM_Prop_CannonBalls_03.prefab
  artifactKey: Guid(31806e93ca5f1314ea91dfc920a48b52) Importer(815301076,1909f56bfc062723c751e8b465ee728b)
Start importing Assets/PolygonPirates/Prefabs/Props/SM_Prop_CannonBalls_03.prefab using Guid(31806e93ca5f1314ea91dfc920a48b52) Importer(815301076,1909f56bfc062723c751e8b465ee728b)  -> (artifact id: '4d0357dcf9f361d4aa96110a12099d04') in 0.023150 seconds
Number of updated asset objects reloaded before import = 0
Number of asset objects unloaded after import = 12
========================================================================
Received Import Request.
  Time since last request: 0.421638 seconds.
  path: Assets/PolygonPirates/Prefabs/Environments/SM_Env_Background_Hills_01.prefab
  artifactKey: Guid(db926916daadf5647aa23f6c671db7e4) Importer(815301076,1909f56bfc062723c751e8b465ee728b)
Start importing Assets/PolygonPirates/Prefabs/Environments/SM_Env_Background_Hills_01.prefab using Guid(db926916daadf5647aa23f6c671db7e4) Importer(815301076,1909f56bfc062723c751e8b465ee728b)  -> (artifact id: '29ff5f4e8ee702ecc057b4cf00cf649b') in 0.017726 seconds
Number of updated asset objects reloaded before import = 0
Number of asset objects unloaded after import = 10
========================================================================
Received Import Request.
  Time since last request: 0.000972 seconds.
  path: Assets/PolygonPirates/Prefabs/Environments/SM_Env_Background_Island_04.prefab
  artifactKey: Guid(5d22557a6ae88c94f9463d673b84f441) Importer(815301076,1909f56bfc062723c751e8b465ee728b)
Start importing Assets/PolygonPirates/Prefabs/Environments/SM_Env_Background_Island_04.prefab using Guid(5d22557a6ae88c94f9463d673b84f441) Importer(815301076,1909f56bfc062723c751e8b465ee728b)  -> (artifact id: '482a1508c02cfa8982a2b301acc27d87') in 0.015560 seconds
Number of updated asset objects reloaded before import = 0
Number of asset objects unloaded after import = 10
========================================================================
Received Import Request.
  Time since last request: 0.003802 seconds.
  path: Assets/PolygonPirates/Prefabs/Environments/SM_Env_Beach_02.prefab
  artifactKey: Guid(aa20fb1f8fc0c534b9ece3c761be15f1) Importer(815301076,1909f56bfc062723c751e8b465ee728b)
Start importing Assets/PolygonPirates/Prefabs/Environments/SM_Env_Beach_02.prefab using Guid(aa20fb1f8fc0c534b9ece3c761be15f1) Importer(815301076,1909f56bfc062723c751e8b465ee728b)  -> (artifact id: '853ae4b88247b7ce1e85bc38d7a4f2ee') in 0.017121 seconds
Number of updated asset objects reloaded before import = 0
Number of asset objects unloaded after import = 11
========================================================================
Received Import Request.
  Time since last request: 0.003611 seconds.
  path: Assets/PolygonPirates/Prefabs/Environments/SM_Env_Beach_06.prefab
  artifactKey: Guid(2e125cab6d871274396100e655d03414) Importer(815301076,1909f56bfc062723c751e8b465ee728b)
Start importing Assets/PolygonPirates/Prefabs/Environments/SM_Env_Beach_06.prefab using Guid(2e125cab6d871274396100e655d03414) Importer(815301076,1909f56bfc062723c751e8b465ee728b)  -> (artifact id: '77474c698dba45de45b44e45c8181401') in 0.016257 seconds
Number of updated asset objects reloaded before import = 0
Number of asset objects unloaded after import = 11
========================================================================
Received Import Request.
  Time since last request: 0.003390 seconds.
  path: Assets/PolygonPirates/Prefabs/Environments/SM_Env_Beach_Piles_01.prefab
  artifactKey: Guid(37d922e251b1fdb45b60981f1e4b16e3) Importer(815301076,1909f56bfc062723c751e8b465ee728b)
Start importing Assets/PolygonPirates/Prefabs/Environments/SM_Env_Beach_Piles_01.prefab using Guid(37d922e251b1fdb45b60981f1e4b16e3) Importer(815301076,1909f56bfc062723c751e8b465ee728b)  -> (artifact id: '4a5b0d280970a3a21d37da04d0bb4762') in 0.016732 seconds
Number of updated asset objects reloaded before import = 0
Number of asset objects unloaded after import = 10
========================================================================
Received Import Request.
  Time since last request: 0.003722 seconds.
  path: Assets/PolygonPirates/Prefabs/Environments/SM_Env_Cloud_02.prefab
  artifactKey: Guid(51bb7a40181ecd7458c3c5718fca2b88) Importer(815301076,1909f56bfc062723c751e8b465ee728b)
Start importing Assets/PolygonPirates/Prefabs/Environments/SM_Env_Cloud_02.prefab using Guid(51bb7a40181ecd7458c3c5718fca2b88) Importer(815301076,1909f56bfc062723c751e8b465ee728b)  -> (artifact id: '0d67343873e8a102f4c761f2d1640271') in 0.015154 seconds
Number of updated asset objects reloaded before import = 0
Number of asset objects unloaded after import = 8
========================================================================
Received Import Request.
  Time since last request: 0.004811 seconds.
  path: Assets/PolygonPirates/Prefabs/Environments/SM_Env_Flat_Sand_02.prefab
  artifactKey: Guid(c14b2a441bcbe1a4f94f3ec4db969ba7) Importer(815301076,1909f56bfc062723c751e8b465ee728b)
Start importing Assets/PolygonPirates/Prefabs/Environments/SM_Env_Flat_Sand_02.prefab using Guid(c14b2a441bcbe1a4f94f3ec4db969ba7) Importer(815301076,1909f56bfc062723c751e8b465ee728b)  -> (artifact id: '09eb3d6ea21d58548de17f4e02cdc770') in 0.018002 seconds
Number of updated asset objects reloaded before import = 0
Number of asset objects unloaded after import = 11
========================================================================
Received Import Request.
  Time since last request: 2.796537 seconds.
  path: Assets/PolygonPirates/Materials/PolygonPirates_Characters_Material_01_A.mat
  artifactKey: Guid(f81a978cf85038f41a62cf0aad8c2981) Importer(815301076,1909f56bfc062723c751e8b465ee728b)
Start importing Assets/PolygonPirates/Materials/PolygonPirates_Characters_Material_01_A.mat using Guid(f81a978cf85038f41a62cf0aad8c2981) Importer(815301076,1909f56bfc062723c751e8b465ee728b)  -> (artifact id: 'aca5fcc928449da076029dce310a665b') in 0.032864 seconds
Number of updated asset objects reloaded before import = 0
Number of asset objects unloaded after import = 2
========================================================================
Received Import Request.
  Time since last request: 0.000042 seconds.
  path: Assets/PolygonPirates/Materials/Texture_01_A.mat
  artifactKey: Guid(64ffca111ca900f46ac4fe748ec2ae84) Importer(815301076,1909f56bfc062723c751e8b465ee728b)
Start importing Assets/PolygonPirates/Materials/Texture_01_A.mat using Guid(64ffca111ca900f46ac4fe748ec2ae84) Importer(815301076,1909f56bfc062723c751e8b465ee728b)  -> (artifact id: 'ade1d9266450d3a2a1aff196c0b04eb7') in 0.024645 seconds
Number of updated asset objects reloaded before import = 0
Number of asset objects unloaded after import = 2
========================================================================
Received Import Request.
  Time since last request: 0.000015 seconds.
  path: Assets/PolygonPirates/Materials/PolygonPirates_Material_02_C.mat
  artifactKey: Guid(0b4aaac00d4747e409de6522be78c34f) Importer(815301076,1909f56bfc062723c751e8b465ee728b)
Start importing Assets/PolygonPirates/Materials/PolygonPirates_Material_02_C.mat using Guid(0b4aaac00d4747e409de6522be78c34f) Importer(815301076,1909f56bfc062723c751e8b465ee728b)  -> (artifact id: '1a262dc981520dce01b1a212b893d26f') in 0.016174 seconds
Number of updated asset objects reloaded before import = 0
Number of asset objects unloaded after import = 3
========================================================================
Received Import Request.
  Time since last request: 0.288427 seconds.
  path: Assets/PolygonPirates/Materials/FX/Background_Islands.mat
  artifactKey: Guid(f83b71054ae27c442997190ce76460f4) Importer(815301076,1909f56bfc062723c751e8b465ee728b)
Start importing Assets/PolygonPirates/Materials/FX/Background_Islands.mat using Guid(f83b71054ae27c442997190ce76460f4) Importer(815301076,1909f56bfc062723c751e8b465ee728b)  -> (artifact id: 'fea0f46f4accac949cbf9e572dc4ab08') in 0.196715 seconds
Number of updated asset objects reloaded before import = 0
Number of asset objects unloaded after import = 2
Editor requested this worker to shutdown with reason: Scaling down because of idle timeout
TcpMessagingSession - receive error: operation aborted. errorcode: 995, details: The I/O operation has been aborted because of either a thread exit or an application request.
AssetImportWorker is now disconnected from the server
Process exiting
Exiting without the bug reporter. Application will terminate with return code 0