Using pre-set license
Built from '2022.3/staging' branch; Version is '2022.3.9f1 (ea401c316338) revision 15351836'; Using compiler version '192829333'; Build Type 'Release'
OS: 'Windows 11  (10.0.22631) 64bit CoreSingleLanguage' Language: 'en' Physical Memory: 24355 MB
BatchMode: 1, IsHumanControllingUs: 0, StartBugReporterOnCrash: 0, Is64bit: 1, IsPro: 1

COMMAND LINE ARGUMENTS:
E:\Unity\2022.3.9f1\Editor\Unity.exe
-adb2
-batchMode
-noUpm
-name
AssetImportWorker6
-projectPath
F:/Unity Project/Final Project VTCA-PirateGame
-logFile
Logs/AssetImportWorker6.log
-srvPort
51336
Successfully changed project path to: F:/Unity Project/Final Project VTCA-PirateGame
F:/Unity Project/Final Project VTCA-PirateGame
[UnityMemory] Configuration Parameters - Can be set up in boot.config
    "memorysetup-bucket-allocator-granularity=16"
    "memorysetup-bucket-allocator-bucket-count=8"
    "memorysetup-bucket-allocator-block-size=33554432"
    "memorysetup-bucket-allocator-block-count=8"
    "memorysetup-main-allocator-block-size=16777216"
    "memorysetup-thread-allocator-block-size=16777216"
    "memorysetup-gfx-main-allocator-block-size=16777216"
    "memorysetup-gfx-thread-allocator-block-size=16777216"
    "memorysetup-cache-allocator-block-size=4194304"
    "memorysetup-typetree-allocator-block-size=2097152"
    "memorysetup-profiler-bucket-allocator-granularity=16"
    "memorysetup-profiler-bucket-allocator-bucket-count=8"
    "memorysetup-profiler-bucket-allocator-block-size=33554432"
    "memorysetup-profiler-bucket-allocator-block-count=8"
    "memorysetup-profiler-allocator-block-size=16777216"
    "memorysetup-profiler-editor-allocator-block-size=1048576"
    "memorysetup-temp-allocator-size-main=16777216"
    "memorysetup-job-temp-allocator-block-size=2097152"
    "memorysetup-job-temp-allocator-block-size-background=1048576"
    "memorysetup-job-temp-allocator-reduction-small-platforms=262144"
    "memorysetup-allocator-temp-initial-block-size-main=262144"
    "memorysetup-allocator-temp-initial-block-size-worker=262144"
    "memorysetup-temp-allocator-size-background-worker=32768"
    "memorysetup-temp-allocator-size-job-worker=262144"
    "memorysetup-temp-allocator-size-preload-manager=33554432"
    "memorysetup-temp-allocator-size-nav-mesh-worker=65536"
    "memorysetup-temp-allocator-size-audio-worker=65536"
    "memorysetup-temp-allocator-size-cloud-worker=32768"
    "memorysetup-temp-allocator-size-gi-baking-worker=262144"
    "memorysetup-temp-allocator-size-gfx=262144"
Player connection [7688] Host "[IP] 192.168.1.112 [Port] 0 [Flags] 2 [Guid] 4234693522 [EditorId] 4234693522 [Version] 1048832 [Id] WindowsEditor(7,LAPTOP-LPCI8Q8O) [Debug] 1 [PackageName] WindowsEditor [ProjectName] Editor" joined multi-casting on [225.0.0.222:54997]...

Player connection [7688] Host "[IP] 192.168.1.112 [Port] 0 [Flags] 2 [Guid] 4234693522 [EditorId] 4234693522 [Version] 1048832 [Id] WindowsEditor(7,LAPTOP-LPCI8Q8O) [Debug] 1 [PackageName] WindowsEditor [ProjectName] Editor" joined alternative multi-casting on [225.0.0.222:34997]...

[Physics::Module] Initialized MultithreadedJobDispatcher with 15 workers.
Refreshing native plugins compatible for Editor in 69.05 ms, found 3 plugins.
Preloading 0 native plugins for Editor in 0.00 ms.
Initialize engine version: 2022.3.9f1 (ea401c316338)
[Subsystems] Discovering subsystems at path E:/Unity/2022.3.9f1/Editor/Data/Resources/UnitySubsystems
[Subsystems] Discovering subsystems at path F:/Unity Project/Final Project VTCA-PirateGame/Assets
GfxDevice: creating device client; threaded=0; jobified=0
Direct3D:
    Version:  Direct3D 11.0 [level 11.1]
    Renderer: NVIDIA GeForce RTX 3050 Ti Laptop GPU (ID=0x25a0)
    Vendor:   NVIDIA
    VRAM:     3962 MB
    Driver:   32.0.15.6070
Initialize mono
Mono path[0] = 'E:/Unity/2022.3.9f1/Editor/Data/Managed'
Mono path[1] = 'E:/Unity/2022.3.9f1/Editor/Data/MonoBleedingEdge/lib/mono/unityjit-win32'
Mono config path = 'E:/Unity/2022.3.9f1/Editor/Data/MonoBleedingEdge/etc'
Using monoOptions --debugger-agent=transport=dt_socket,embedding=1,server=y,suspend=n,address=127.0.0.1:56668
Begin MonoManager ReloadAssembly
Registering precompiled unity dll's ...
Register platform support module: E:/Unity/2022.3.9f1/Editor/Data/PlaybackEngines/AndroidPlayer/UnityEditor.Android.Extensions.dll
Register platform support module: E:/Unity/2022.3.9f1/Editor/Data/PlaybackEngines/WindowsStandaloneSupport/UnityEditor.WindowsStandalone.Extensions.dll
Registered in 0.002631 seconds.
- Loaded All Assemblies, in  0.562 seconds
Native extension for WindowsStandalone target not found
Native extension for Android target not found
Android Extension - Scanning For ADB Devices 356 ms
Mono: successfully reloaded assembly
- Finished resetting the current domain, in  0.623 seconds
Domain Reload Profiling: 1185ms
	BeginReloadAssembly (79ms)
		ExecutionOrderSort (0ms)
		DisableScriptedObjects (0ms)
		BackupInstance (0ms)
		ReleaseScriptingObjects (0ms)
		CreateAndSetChildDomain (1ms)
	RebuildCommonClasses (152ms)
	RebuildNativeTypeToScriptingClass (9ms)
	initialDomainReloadingComplete (35ms)
	LoadAllAssembliesAndSetupDomain (287ms)
		LoadAssemblies (79ms)
		RebuildTransferFunctionScriptingTraits (0ms)
		AnalyzeDomain (285ms)
			TypeCache.Refresh (284ms)
				TypeCache.ScanAssembly (273ms)
			ScanForSourceGeneratedMonoScriptInfo (0ms)
			ResolveRequiredComponents (0ms)
	FinalizeReload (623ms)
		ReleaseScriptCaches (0ms)
		RebuildScriptCaches (0ms)
		SetupLoadedEditorAssemblies (570ms)
			LogAssemblyErrors (0ms)
			InitializePlatformSupportModulesInManaged (446ms)
			SetLoadedEditorAssemblies (4ms)
			RefreshPlugins (0ms)
			BeforeProcessingInitializeOnLoad (2ms)
			ProcessInitializeOnLoadAttributes (75ms)
			ProcessInitializeOnLoadMethodAttributes (43ms)
			AfterProcessingInitializeOnLoad (0ms)
			EditorAssembliesLoaded (0ms)
		ExecutionOrderSort2 (0ms)
		AwakeInstancesAfterBackupRestoration (0ms)
========================================================================
Worker process is ready to serve import requests
Begin MonoManager ReloadAssembly
- Loaded All Assemblies, in  0.627 seconds
Refreshing native plugins compatible for Editor in 2.07 ms, found 3 plugins.
Native extension for WindowsStandalone target not found
Native extension for Android target not found
Package Manager log level set to [2]
[Package Manager] Server::EnsureServerProcessIsRunning -- launch failed, reason: Unity was launched with the -noUpm command-line argument
[Package Manager] UpmClient::Send -- Unable to send message (not connected to UPM process).
[Package Manager] Cannot connect to Unity Package Manager local server
Mono: successfully reloaded assembly
- Finished resetting the current domain, in  0.530 seconds
Domain Reload Profiling: 1158ms
	BeginReloadAssembly (112ms)
		ExecutionOrderSort (0ms)
		DisableScriptedObjects (5ms)
		BackupInstance (0ms)
		ReleaseScriptingObjects (0ms)
		CreateAndSetChildDomain (19ms)
	RebuildCommonClasses (26ms)
	RebuildNativeTypeToScriptingClass (8ms)
	initialDomainReloadingComplete (27ms)
	LoadAllAssembliesAndSetupDomain (454ms)
		LoadAssemblies (232ms)
		RebuildTransferFunctionScriptingTraits (0ms)
		AnalyzeDomain (285ms)
			TypeCache.Refresh (269ms)
				TypeCache.ScanAssembly (213ms)
			ScanForSourceGeneratedMonoScriptInfo (11ms)
			ResolveRequiredComponents (3ms)
	FinalizeReload (531ms)
		ReleaseScriptCaches (0ms)
		RebuildScriptCaches (0ms)
		SetupLoadedEditorAssemblies (408ms)
			LogAssemblyErrors (0ms)
			InitializePlatformSupportModulesInManaged (17ms)
			SetLoadedEditorAssemblies (5ms)
			RefreshPlugins (0ms)
			BeforeProcessingInitializeOnLoad (64ms)
			ProcessInitializeOnLoadAttributes (304ms)
			ProcessInitializeOnLoadMethodAttributes (16ms)
			AfterProcessingInitializeOnLoad (2ms)
			EditorAssembliesLoaded (0ms)
		ExecutionOrderSort2 (0ms)
		AwakeInstancesAfterBackupRestoration (5ms)
Launched and connected shader compiler UnityShaderCompiler.exe after 0.06 seconds
Refreshing native plugins compatible for Editor in 1.45 ms, found 3 plugins.
Preloading 0 native plugins for Editor in 0.00 ms.
Unloading 3088 Unused Serialized files (Serialized files now loaded: 0)
Unloading 31 unused Assets / (56.3 KB). Loaded Objects now: 3553.
Memory consumption went from 122.7 MB to 122.7 MB.
Total: 2.771000 ms (FindLiveObjects: 0.225000 ms CreateObjectMapping: 0.072700 ms MarkObjects: 2.379500 ms  DeleteObjects: 0.093200 ms)

AssetImportParameters requested are different than current active one (requested -> active):
  custom:container-demuxer-ogg: 62fdf1f143b41e24485cea50d1cbac27 -> 
  custom:video-decoder-ogg-theora: a1e56fd34408186e4bbccfd4996cb3dc -> 
  custom:framework-win-MediaFoundation: 216162199b28c13a410421893ffa2e32 -> 
  custom:CustomObjectIndexerAttribute: 756ad292c208cfabdd7b50bc23989ffe -> 
  custom:container-demuxer-webm: 4f35f7cbe854078d1ac9338744f61a02 -> 
  custom:container-muxer-webm: aa71ff27fc2769a1b78a27578f13a17b -> 
  custom:video-decoder-webm-vp8: 9c59270c3fd7afecdb556c50c9e8de78 -> 
  custom:SearchIndexIgnoredProperties: e643bd26f0fe6173181afceb89e7c659 -> 
  custom:AudioImporter_EditorPlatform: d09bf68614088b80899f8185d706f6e7 -> 
  custom:video-encoder-webm-vp8: eb34c28f22e8b96e1ab97ce403110664 -> 
  custom:audio-decoder-ogg-vorbis: bf7c407c2cedff20999df2af8eb42d56 -> 
  custom:audio-encoder-webm-vorbis: bf7c407c2cedff20999df2af8eb42d56 -> 
========================================================================
Received Import Request.
  Time since last request: 517514.619322 seconds.
  path: Assets/Kevin Iglesias/Basic Motions/Animations/Movement/Human@Fall01.fbx
  artifactKey: Guid(d4f295b55050f1c4eb379ec3b6065e52) Importer(815301076,1909f56bfc062723c751e8b465ee728b)
Start importing Assets/Kevin Iglesias/Basic Motions/Animations/Movement/Human@Fall01.fbx using Guid(d4f295b55050f1c4eb379ec3b6065e52) Importer(815301076,1909f56bfc062723c751e8b465ee728b)  -> (artifact id: '19f28ab0fa3a751d18e5e172676431c8') in 0.025020 seconds
Number of updated asset objects reloaded before import = 0
Number of asset objects unloaded after import = 113
========================================================================
Received Import Request.
  Time since last request: 83.194190 seconds.
  path: Assets/Kevin Iglesias/Basic Motions/Animations/Movement/Run/Human@Run01_Backward.fbx
  artifactKey: Guid(292090fc357178941bcfe32cff4dea3c) Importer(815301076,1909f56bfc062723c751e8b465ee728b)
Start importing Assets/Kevin Iglesias/Basic Motions/Animations/Movement/Run/Human@Run01_Backward.fbx using Guid(292090fc357178941bcfe32cff4dea3c) Importer(815301076,1909f56bfc062723c751e8b465ee728b)  -> (artifact id: 'd4b7462ac2d93d2b2323e1f6fc5743ab') in 0.003708 seconds
Number of updated asset objects reloaded before import = 0
Number of asset objects unloaded after import = 113
========================================================================
Received Import Request.
  Time since last request: 0.000160 seconds.
  path: Assets/Kevin Iglesias/Basic Motions/Animations/Movement/Run/Human@Run01_BackwardLeft.fbx
  artifactKey: Guid(5725d37141b42f141bd02865887607b1) Importer(815301076,1909f56bfc062723c751e8b465ee728b)
Start importing Assets/Kevin Iglesias/Basic Motions/Animations/Movement/Run/Human@Run01_BackwardLeft.fbx using Guid(5725d37141b42f141bd02865887607b1) Importer(815301076,1909f56bfc062723c751e8b465ee728b)  -> (artifact id: '0919ca97ce56380611ace0bf3b7dc9b1') in 0.002427 seconds
Number of updated asset objects reloaded before import = 0
Number of asset objects unloaded after import = 113
========================================================================
Received Import Request.
  Time since last request: 0.001219 seconds.
  path: Assets/Kevin Iglesias/Basic Motions/Animations/Movement/Run/Human@Run01_BackwardRight.fbx
  artifactKey: Guid(7066c7da905f5d448ba84659f541cefb) Importer(815301076,1909f56bfc062723c751e8b465ee728b)
Start importing Assets/Kevin Iglesias/Basic Motions/Animations/Movement/Run/Human@Run01_BackwardRight.fbx using Guid(7066c7da905f5d448ba84659f541cefb) Importer(815301076,1909f56bfc062723c751e8b465ee728b)  -> (artifact id: 'c82548844e2539022bede87c42ae86ff') in 0.002459 seconds
Number of updated asset objects reloaded before import = 0
Number of asset objects unloaded after import = 113
========================================================================
Received Import Request.
  Time since last request: 0.001270 seconds.
  path: Assets/Kevin Iglesias/Basic Motions/Animations/Movement/Run/Human@Run01_Forward.fbx
  artifactKey: Guid(5b9f2116e8d5baa44800f37488936054) Importer(815301076,1909f56bfc062723c751e8b465ee728b)
Start importing Assets/Kevin Iglesias/Basic Motions/Animations/Movement/Run/Human@Run01_Forward.fbx using Guid(5b9f2116e8d5baa44800f37488936054) Importer(815301076,1909f56bfc062723c751e8b465ee728b)  -> (artifact id: '680c8450e1cb503633bcb4eb08375794') in 0.002646 seconds
Number of updated asset objects reloaded before import = 0
Number of asset objects unloaded after import = 113
========================================================================
Received Import Request.
  Time since last request: 0.001285 seconds.
  path: Assets/Kevin Iglesias/Basic Motions/Animations/Movement/Run/Human@Run01_ForwardLeft.fbx
  artifactKey: Guid(2cf9d8d8892dea34ba74fdf44f864cff) Importer(815301076,1909f56bfc062723c751e8b465ee728b)
Start importing Assets/Kevin Iglesias/Basic Motions/Animations/Movement/Run/Human@Run01_ForwardLeft.fbx using Guid(2cf9d8d8892dea34ba74fdf44f864cff) Importer(815301076,1909f56bfc062723c751e8b465ee728b)  -> (artifact id: '419975b2a88fd5c3e3c6da463cddcbd3') in 0.002473 seconds
Number of updated asset objects reloaded before import = 0
Number of asset objects unloaded after import = 113
========================================================================
Received Import Request.
  Time since last request: 0.001378 seconds.
  path: Assets/Kevin Iglesias/Basic Motions/Animations/Movement/Run/Human@Run01_ForwardRight.fbx
  artifactKey: Guid(d62f49b762344ef449016e0a86426995) Importer(815301076,1909f56bfc062723c751e8b465ee728b)
Start importing Assets/Kevin Iglesias/Basic Motions/Animations/Movement/Run/Human@Run01_ForwardRight.fbx using Guid(d62f49b762344ef449016e0a86426995) Importer(815301076,1909f56bfc062723c751e8b465ee728b)  -> (artifact id: '677e7aefd5f011e2d7b773a2aafea22a') in 0.002379 seconds
Number of updated asset objects reloaded before import = 0
Number of asset objects unloaded after import = 113
========================================================================
Received Import Request.
  Time since last request: 0.001148 seconds.
  path: Assets/Kevin Iglesias/Basic Motions/Animations/Movement/Run/Human@Run01_Left.fbx
  artifactKey: Guid(549fdcd3a20518d4fa8462f77d16a532) Importer(815301076,1909f56bfc062723c751e8b465ee728b)
Start importing Assets/Kevin Iglesias/Basic Motions/Animations/Movement/Run/Human@Run01_Left.fbx using Guid(549fdcd3a20518d4fa8462f77d16a532) Importer(815301076,1909f56bfc062723c751e8b465ee728b)  -> (artifact id: 'cffd9034ba667a68fbd3538d6c1e8c04') in 0.002343 seconds
Number of updated asset objects reloaded before import = 0
Number of asset objects unloaded after import = 113
========================================================================
Received Import Request.
  Time since last request: 0.001099 seconds.
  path: Assets/Kevin Iglesias/Basic Motions/Animations/Movement/Run/Human@Run01_Right.fbx
  artifactKey: Guid(bf1ae9d142e46c44f9f84cb41f729eab) Importer(815301076,1909f56bfc062723c751e8b465ee728b)
Start importing Assets/Kevin Iglesias/Basic Motions/Animations/Movement/Run/Human@Run01_Right.fbx using Guid(bf1ae9d142e46c44f9f84cb41f729eab) Importer(815301076,1909f56bfc062723c751e8b465ee728b)  -> (artifact id: '6d031fe179e1495cf75114a0c76fad48') in 0.002745 seconds
Number of updated asset objects reloaded before import = 0
Number of asset objects unloaded after import = 113
========================================================================
Received Import Request.
  Time since last request: 0.001129 seconds.
  path: Assets/Kevin Iglesias/Basic Motions/Animations/Movement/Run/Human@Run02_Backward.fbx
  artifactKey: Guid(70e966b72f5352c4b90353c707fa37a8) Importer(815301076,1909f56bfc062723c751e8b465ee728b)
Start importing Assets/Kevin Iglesias/Basic Motions/Animations/Movement/Run/Human@Run02_Backward.fbx using Guid(70e966b72f5352c4b90353c707fa37a8) Importer(815301076,1909f56bfc062723c751e8b465ee728b)  -> (artifact id: '661372e9b5b978b245b678f4d9a50359') in 0.002461 seconds
Number of updated asset objects reloaded before import = 0
Number of asset objects unloaded after import = 113
========================================================================
Received Import Request.
  Time since last request: 0.001144 seconds.
  path: Assets/Kevin Iglesias/Basic Motions/Animations/Movement/Run/Human@Run02_BackwardLeft.fbx
  artifactKey: Guid(07ee54d3cb33e3144af714cb662427ba) Importer(815301076,1909f56bfc062723c751e8b465ee728b)
Start importing Assets/Kevin Iglesias/Basic Motions/Animations/Movement/Run/Human@Run02_BackwardLeft.fbx using Guid(07ee54d3cb33e3144af714cb662427ba) Importer(815301076,1909f56bfc062723c751e8b465ee728b)  -> (artifact id: 'a257af1056826f8f2d45ecfba121321c') in 0.002456 seconds
Number of updated asset objects reloaded before import = 0
Number of asset objects unloaded after import = 113
========================================================================
Received Import Request.
  Time since last request: 0.001027 seconds.
  path: Assets/Kevin Iglesias/Basic Motions/Animations/Movement/Run/Human@Run02_BackwardRight.fbx
  artifactKey: Guid(856893dc9d7ba1a4db1402b9fba9d5ed) Importer(815301076,1909f56bfc062723c751e8b465ee728b)
Start importing Assets/Kevin Iglesias/Basic Motions/Animations/Movement/Run/Human@Run02_BackwardRight.fbx using Guid(856893dc9d7ba1a4db1402b9fba9d5ed) Importer(815301076,1909f56bfc062723c751e8b465ee728b)  -> (artifact id: 'c476a1516633cf884d8662217b73d043') in 0.002342 seconds
Number of updated asset objects reloaded before import = 0
Number of asset objects unloaded after import = 113
========================================================================
Received Import Request.
  Time since last request: 0.001305 seconds.
  path: Assets/Kevin Iglesias/Basic Motions/Animations/Movement/Run/Human@Run02_Forward.fbx
  artifactKey: Guid(05ab35d27bb28ad49bc9c2b098b821ae) Importer(815301076,1909f56bfc062723c751e8b465ee728b)
Start importing Assets/Kevin Iglesias/Basic Motions/Animations/Movement/Run/Human@Run02_Forward.fbx using Guid(05ab35d27bb28ad49bc9c2b098b821ae) Importer(815301076,1909f56bfc062723c751e8b465ee728b)  -> (artifact id: 'fdeda767618c5a5828ae10c93df1ff53') in 0.002561 seconds
Number of updated asset objects reloaded before import = 0
Number of asset objects unloaded after import = 113
========================================================================
Received Import Request.
  Time since last request: 0.001237 seconds.
  path: Assets/Kevin Iglesias/Basic Motions/Animations/Movement/Run/Human@Run02_ForwardLeft.fbx
  artifactKey: Guid(fd77981efc8375b4e9b63e4fdc2d5578) Importer(815301076,1909f56bfc062723c751e8b465ee728b)
Start importing Assets/Kevin Iglesias/Basic Motions/Animations/Movement/Run/Human@Run02_ForwardLeft.fbx using Guid(fd77981efc8375b4e9b63e4fdc2d5578) Importer(815301076,1909f56bfc062723c751e8b465ee728b)  -> (artifact id: 'ec8462f53ce89fd613c2c7539b1b684f') in 0.002392 seconds
Number of updated asset objects reloaded before import = 0
Number of asset objects unloaded after import = 113
========================================================================
Received Import Request.
  Time since last request: 0.002026 seconds.
  path: Assets/Kevin Iglesias/Basic Motions/Animations/Movement/Run/Human@Run02_ForwardRight.fbx
  artifactKey: Guid(a8265a611bc2c6b439b6c31f7c59c358) Importer(815301076,1909f56bfc062723c751e8b465ee728b)
Start importing Assets/Kevin Iglesias/Basic Motions/Animations/Movement/Run/Human@Run02_ForwardRight.fbx using Guid(a8265a611bc2c6b439b6c31f7c59c358) Importer(815301076,1909f56bfc062723c751e8b465ee728b)  -> (artifact id: 'fbab04107253be5578a6b67edabc05a8') in 0.002320 seconds
Number of updated asset objects reloaded before import = 0
Number of asset objects unloaded after import = 113
========================================================================
Received Import Request.
  Time since last request: 0.001252 seconds.
  path: Assets/Kevin Iglesias/Basic Motions/Animations/Movement/Run/Human@Run02_Left.fbx
  artifactKey: Guid(5ac49e1c49a277d448a1583b73e57e67) Importer(815301076,1909f56bfc062723c751e8b465ee728b)
Start importing Assets/Kevin Iglesias/Basic Motions/Animations/Movement/Run/Human@Run02_Left.fbx using Guid(5ac49e1c49a277d448a1583b73e57e67) Importer(815301076,1909f56bfc062723c751e8b465ee728b)  -> (artifact id: 'dd31d9dd05201c3a987e8eecd3928d55') in 0.002401 seconds
Number of updated asset objects reloaded before import = 0
Number of asset objects unloaded after import = 113
========================================================================
Received Import Request.
  Time since last request: 0.001165 seconds.
  path: Assets/Kevin Iglesias/Basic Motions/Animations/Movement/Run/Human@Run02_Right.fbx
  artifactKey: Guid(2badc2ceb85e7dc4183cea51a62d1379) Importer(815301076,1909f56bfc062723c751e8b465ee728b)
Start importing Assets/Kevin Iglesias/Basic Motions/Animations/Movement/Run/Human@Run02_Right.fbx using Guid(2badc2ceb85e7dc4183cea51a62d1379) Importer(815301076,1909f56bfc062723c751e8b465ee728b)  -> (artifact id: '68d4cfd8cd96d066c25138b9fa7a5c5e') in 0.002786 seconds
Number of updated asset objects reloaded before import = 0
Number of asset objects unloaded after import = 113
========================================================================
Received Import Request.
  Time since last request: 45.465442 seconds.
  path: Assets/Kevin Iglesias/Basic Motions/Animations/Idles/Human@Idle01_Variant01.anim
  artifactKey: Guid(1e31c42f8ba856e4ab87dcc86b321216) Importer(815301076,1909f56bfc062723c751e8b465ee728b)
Start importing Assets/Kevin Iglesias/Basic Motions/Animations/Idles/Human@Idle01_Variant01.anim using Guid(1e31c42f8ba856e4ab87dcc86b321216) Importer(815301076,1909f56bfc062723c751e8b465ee728b)  -> (artifact id: 'c9ad8fd2a3a8e3cfade6ec0c972e9495') in 0.027880 seconds
Number of updated asset objects reloaded before import = 0
Number of asset objects unloaded after import = 1
========================================================================
Received Import Request.
  Time since last request: 12.114869 seconds.
  path: Assets/Kevin Iglesias/Basic Motions/Animations/Movement/Human@Jump01 [RM].anim
  artifactKey: Guid(cf725f146db475141a9edd06743408d8) Importer(815301076,1909f56bfc062723c751e8b465ee728b)
Start importing Assets/Kevin Iglesias/Basic Motions/Animations/Movement/Human@Jump01 [RM].anim using Guid(cf725f146db475141a9edd06743408d8) Importer(815301076,1909f56bfc062723c751e8b465ee728b)  -> (artifact id: '94fb8d4677809c708d64e70431724e1b') in 0.014359 seconds
Number of updated asset objects reloaded before import = 0
Number of asset objects unloaded after import = 1
========================================================================
Received Import Request.
  Time since last request: 10.000310 seconds.
  path: Assets/Kevin Iglesias/Basic Motions/Animations/Movement/Run/Rootmotion
  artifactKey: Guid(e4b3b55635c81e546af10a4deb4ea340) Importer(815301076,1909f56bfc062723c751e8b465ee728b)
Start importing Assets/Kevin Iglesias/Basic Motions/Animations/Movement/Run/Rootmotion using Guid(e4b3b55635c81e546af10a4deb4ea340) Importer(815301076,1909f56bfc062723c751e8b465ee728b)  -> (artifact id: '13044849ab119f86e6032ea51b5502b2') in 0.000404 seconds
Number of updated asset objects reloaded before import = 0
Number of asset objects unloaded after import = 0
========================================================================
Received Import Request.
  Time since last request: 0.066065 seconds.
  path: Assets/Kevin Iglesias/Basic Motions/Animations/Movement/Run/Rootmotion/Human@Run01_Backward [RM].fbx
  artifactKey: Guid(43ef596f78225224cb7f83a461194e6c) Importer(815301076,1909f56bfc062723c751e8b465ee728b)
Start importing Assets/Kevin Iglesias/Basic Motions/Animations/Movement/Run/Rootmotion/Human@Run01_Backward [RM].fbx using Guid(43ef596f78225224cb7f83a461194e6c) Importer(815301076,1909f56bfc062723c751e8b465ee728b)  -> (artifact id: '886f385990c18153e206d8928ffd215e') in 0.003674 seconds
Number of updated asset objects reloaded before import = 0
Number of asset objects unloaded after import = 113
========================================================================
Received Import Request.
  Time since last request: 0.000888 seconds.
  path: Assets/Kevin Iglesias/Basic Motions/Animations/Movement/Run/Rootmotion/Human@Run01_BackwardLeft [RM].fbx
  artifactKey: Guid(c61cb4bd125007e4a83393ff033e4689) Importer(815301076,1909f56bfc062723c751e8b465ee728b)
Start importing Assets/Kevin Iglesias/Basic Motions/Animations/Movement/Run/Rootmotion/Human@Run01_BackwardLeft [RM].fbx using Guid(c61cb4bd125007e4a83393ff033e4689) Importer(815301076,1909f56bfc062723c751e8b465ee728b)  -> (artifact id: 'd014ed1882763d1dd081b658c428c7d5') in 0.002567 seconds
Number of updated asset objects reloaded before import = 0
Number of asset objects unloaded after import = 113
========================================================================
Received Import Request.
  Time since last request: 0.001787 seconds.
  path: Assets/Kevin Iglesias/Basic Motions/Animations/Movement/Run/Rootmotion/Human@Run01_BackwardRight [RM].fbx
  artifactKey: Guid(783ab4114902b6a40a73e98ae8eed6ee) Importer(815301076,1909f56bfc062723c751e8b465ee728b)
Start importing Assets/Kevin Iglesias/Basic Motions/Animations/Movement/Run/Rootmotion/Human@Run01_BackwardRight [RM].fbx using Guid(783ab4114902b6a40a73e98ae8eed6ee) Importer(815301076,1909f56bfc062723c751e8b465ee728b)  -> (artifact id: '96c73a193f2e8cb60a569a70bddddcb3') in 0.003615 seconds
Number of updated asset objects reloaded before import = 0
Number of asset objects unloaded after import = 113
========================================================================
Received Import Request.
  Time since last request: 0.000613 seconds.
  path: Assets/Kevin Iglesias/Basic Motions/Animations/Movement/Run/Rootmotion/Human@Run01_Forward [RM].fbx
  artifactKey: Guid(e6d40ad7ea567f142b50c4e65d3ab030) Importer(815301076,1909f56bfc062723c751e8b465ee728b)
Start importing Assets/Kevin Iglesias/Basic Motions/Animations/Movement/Run/Rootmotion/Human@Run01_Forward [RM].fbx using Guid(e6d40ad7ea567f142b50c4e65d3ab030) Importer(815301076,1909f56bfc062723c751e8b465ee728b)  -> (artifact id: '26135dc1b1994c8365539be2a1d90330') in 0.002524 seconds
Number of updated asset objects reloaded before import = 0
Number of asset objects unloaded after import = 113
========================================================================
Received Import Request.
  Time since last request: 0.002001 seconds.
  path: Assets/Kevin Iglesias/Basic Motions/Animations/Movement/Run/Rootmotion/Human@Run01_ForwardLeft [RM].fbx
  artifactKey: Guid(ba511ca48dc3da344873ad895c348f5b) Importer(815301076,1909f56bfc062723c751e8b465ee728b)
Start importing Assets/Kevin Iglesias/Basic Motions/Animations/Movement/Run/Rootmotion/Human@Run01_ForwardLeft [RM].fbx using Guid(ba511ca48dc3da344873ad895c348f5b) Importer(815301076,1909f56bfc062723c751e8b465ee728b)  -> (artifact id: 'c3ef2f4bafb3a7dd379a3a60daf16707') in 0.002408 seconds
Number of updated asset objects reloaded before import = 0
Number of asset objects unloaded after import = 113
========================================================================
Received Import Request.
  Time since last request: 0.001425 seconds.
  path: Assets/Kevin Iglesias/Basic Motions/Animations/Movement/Run/Rootmotion/Human@Run01_ForwardRight [RM].fbx
  artifactKey: Guid(4ce97366434c71842934c916abcd2665) Importer(815301076,1909f56bfc062723c751e8b465ee728b)
Start importing Assets/Kevin Iglesias/Basic Motions/Animations/Movement/Run/Rootmotion/Human@Run01_ForwardRight [RM].fbx using Guid(4ce97366434c71842934c916abcd2665) Importer(815301076,1909f56bfc062723c751e8b465ee728b)  -> (artifact id: '8163f2e6d735adfb312cde3c03996ea6') in 0.002557 seconds
Number of updated asset objects reloaded before import = 0
Number of asset objects unloaded after import = 113
========================================================================
Received Import Request.
  Time since last request: 0.001204 seconds.
  path: Assets/Kevin Iglesias/Basic Motions/Animations/Movement/Run/Rootmotion/Human@Run01_Left [RM].fbx
  artifactKey: Guid(3188e42eb0ee6584a8bd6854f755d63a) Importer(815301076,1909f56bfc062723c751e8b465ee728b)
Start importing Assets/Kevin Iglesias/Basic Motions/Animations/Movement/Run/Rootmotion/Human@Run01_Left [RM].fbx using Guid(3188e42eb0ee6584a8bd6854f755d63a) Importer(815301076,1909f56bfc062723c751e8b465ee728b)  -> (artifact id: '49e816c3b4b21f640b290707e3b9a677') in 0.002325 seconds
Number of updated asset objects reloaded before import = 0
Number of asset objects unloaded after import = 113
========================================================================
Received Import Request.
  Time since last request: 0.001481 seconds.
  path: Assets/Kevin Iglesias/Basic Motions/Animations/Movement/Run/Rootmotion/Human@Run01_Right [RM].fbx
  artifactKey: Guid(a6234aa106c48fa41996e3aff4b3f6a7) Importer(815301076,1909f56bfc062723c751e8b465ee728b)
Start importing Assets/Kevin Iglesias/Basic Motions/Animations/Movement/Run/Rootmotion/Human@Run01_Right [RM].fbx using Guid(a6234aa106c48fa41996e3aff4b3f6a7) Importer(815301076,1909f56bfc062723c751e8b465ee728b)  -> (artifact id: '233fa77894b1d091dc1d0120b1556ed7') in 0.002438 seconds
Number of updated asset objects reloaded before import = 0
Number of asset objects unloaded after import = 113
========================================================================
Received Import Request.
  Time since last request: 0.001279 seconds.
  path: Assets/Kevin Iglesias/Basic Motions/Animations/Movement/Run/Rootmotion/Human@Run02_Backward [RM].fbx
  artifactKey: Guid(3b850780f864aa240b77e11e099bfc39) Importer(815301076,1909f56bfc062723c751e8b465ee728b)
Start importing Assets/Kevin Iglesias/Basic Motions/Animations/Movement/Run/Rootmotion/Human@Run02_Backward [RM].fbx using Guid(3b850780f864aa240b77e11e099bfc39) Importer(815301076,1909f56bfc062723c751e8b465ee728b)  -> (artifact id: '11efe09f493fc41cbee3763f0415e014') in 0.002420 seconds
Number of updated asset objects reloaded before import = 0
Number of asset objects unloaded after import = 113
========================================================================
Received Import Request.
  Time since last request: 0.001338 seconds.
  path: Assets/Kevin Iglesias/Basic Motions/Animations/Movement/Run/Rootmotion/Human@Run02_BackwardLeft [RM].fbx
  artifactKey: Guid(e15c71122d372314a8d0a0850f2cb27d) Importer(815301076,1909f56bfc062723c751e8b465ee728b)
Start importing Assets/Kevin Iglesias/Basic Motions/Animations/Movement/Run/Rootmotion/Human@Run02_BackwardLeft [RM].fbx using Guid(e15c71122d372314a8d0a0850f2cb27d) Importer(815301076,1909f56bfc062723c751e8b465ee728b)  -> (artifact id: '74c3b9254a6517622916b3ba6a2512a3') in 0.002465 seconds
Number of updated asset objects reloaded before import = 0
Number of asset objects unloaded after import = 113
========================================================================
Received Import Request.
  Time since last request: 0.001311 seconds.
  path: Assets/Kevin Iglesias/Basic Motions/Animations/Movement/Run/Rootmotion/Human@Run02_BackwardRight [RM].fbx
  artifactKey: Guid(7845e2a598f33264ab539c9c510974fb) Importer(815301076,1909f56bfc062723c751e8b465ee728b)
Start importing Assets/Kevin Iglesias/Basic Motions/Animations/Movement/Run/Rootmotion/Human@Run02_BackwardRight [RM].fbx using Guid(7845e2a598f33264ab539c9c510974fb) Importer(815301076,1909f56bfc062723c751e8b465ee728b)  -> (artifact id: 'efccabe2d6ae7184e319531aa0e4145d') in 0.002369 seconds
Number of updated asset objects reloaded before import = 0
Number of asset objects unloaded after import = 113
========================================================================
Received Import Request.
  Time since last request: 0.001389 seconds.
  path: Assets/Kevin Iglesias/Basic Motions/Animations/Movement/Run/Rootmotion/Human@Run02_Forward [RM].fbx
  artifactKey: Guid(03bf1c96adac62b46a0e488a76375af9) Importer(815301076,1909f56bfc062723c751e8b465ee728b)
Start importing Assets/Kevin Iglesias/Basic Motions/Animations/Movement/Run/Rootmotion/Human@Run02_Forward [RM].fbx using Guid(03bf1c96adac62b46a0e488a76375af9) Importer(815301076,1909f56bfc062723c751e8b465ee728b)  -> (artifact id: '3d01a42351bb4b1b80f80c0a37ae878a') in 0.002633 seconds
Number of updated asset objects reloaded before import = 0
Number of asset objects unloaded after import = 113
========================================================================
Received Import Request.
  Time since last request: 0.001232 seconds.
  path: Assets/Kevin Iglesias/Basic Motions/Animations/Movement/Run/Rootmotion/Human@Run02_ForwardLeft [RM].fbx
  artifactKey: Guid(faafa64dd80e3fc40b18e8b3eb9cd2c4) Importer(815301076,1909f56bfc062723c751e8b465ee728b)
Start importing Assets/Kevin Iglesias/Basic Motions/Animations/Movement/Run/Rootmotion/Human@Run02_ForwardLeft [RM].fbx using Guid(faafa64dd80e3fc40b18e8b3eb9cd2c4) Importer(815301076,1909f56bfc062723c751e8b465ee728b)  -> (artifact id: '26df144b1745d6370f977c3f693fad1c') in 0.002596 seconds
Number of updated asset objects reloaded before import = 0
Number of asset objects unloaded after import = 113
========================================================================
Received Import Request.
  Time since last request: 0.001502 seconds.
  path: Assets/Kevin Iglesias/Basic Motions/Animations/Movement/Run/Rootmotion/Human@Run02_ForwardRight [RM].fbx
  artifactKey: Guid(8bae35a6e070b2e43bd0607763dd548f) Importer(815301076,1909f56bfc062723c751e8b465ee728b)
Start importing Assets/Kevin Iglesias/Basic Motions/Animations/Movement/Run/Rootmotion/Human@Run02_ForwardRight [RM].fbx using Guid(8bae35a6e070b2e43bd0607763dd548f) Importer(815301076,1909f56bfc062723c751e8b465ee728b)  -> (artifact id: '439a4ad772f3313de302d87b48ecec7b') in 0.002433 seconds
Number of updated asset objects reloaded before import = 0
Number of asset objects unloaded after import = 113
========================================================================
Received Import Request.
  Time since last request: 0.001344 seconds.
  path: Assets/Kevin Iglesias/Basic Motions/Animations/Movement/Run/Rootmotion/Human@Run02_Left [RM].fbx
  artifactKey: Guid(3dcef214b43b1cc4fb0cd9fcee13197f) Importer(815301076,1909f56bfc062723c751e8b465ee728b)
Start importing Assets/Kevin Iglesias/Basic Motions/Animations/Movement/Run/Rootmotion/Human@Run02_Left [RM].fbx using Guid(3dcef214b43b1cc4fb0cd9fcee13197f) Importer(815301076,1909f56bfc062723c751e8b465ee728b)  -> (artifact id: '9f93d45cb39c41a762d5b85c45022cd5') in 0.002347 seconds
Number of updated asset objects reloaded before import = 0
Number of asset objects unloaded after import = 113
========================================================================
Received Import Request.
  Time since last request: 0.001426 seconds.
  path: Assets/Kevin Iglesias/Basic Motions/Animations/Movement/Run/Rootmotion/Human@Run02_Right [RM].fbx
  artifactKey: Guid(9f2295dc3d5baa140b5bd5432e02ebf4) Importer(815301076,1909f56bfc062723c751e8b465ee728b)
Start importing Assets/Kevin Iglesias/Basic Motions/Animations/Movement/Run/Rootmotion/Human@Run02_Right [RM].fbx using Guid(9f2295dc3d5baa140b5bd5432e02ebf4) Importer(815301076,1909f56bfc062723c751e8b465ee728b)  -> (artifact id: 'b24ea7bda4b76f19e57bc6a01f893b98') in 0.002891 seconds
Number of updated asset objects reloaded before import = 0
Number of asset objects unloaded after import = 113
========================================================================
Received Prepare
Begin MonoManager ReloadAssembly
- Loaded All Assemblies, in  0.329 seconds
Refreshing native plugins compatible for Editor in 1.62 ms, found 3 plugins.
Native extension for WindowsStandalone target not found
Native extension for Android target not found
[Package Manager] Server::EnsureServerProcessIsRunning -- launch failed, reason: Unity was launched with the -noUpm command-line argument
[Package Manager] UpmClient::Send -- Unable to send message (not connected to UPM process).
[Package Manager] Cannot connect to Unity Package Manager local server
Mono: successfully reloaded assembly
- Finished resetting the current domain, in  0.785 seconds
Domain Reload Profiling: 1114ms
	BeginReloadAssembly (125ms)
		ExecutionOrderSort (0ms)
		DisableScriptedObjects (4ms)
		BackupInstance (0ms)
		ReleaseScriptingObjects (0ms)
		CreateAndSetChildDomain (34ms)
	RebuildCommonClasses (25ms)
	RebuildNativeTypeToScriptingClass (9ms)
	initialDomainReloadingComplete (18ms)
	LoadAllAssembliesAndSetupDomain (152ms)
		LoadAssemblies (203ms)
		RebuildTransferFunctionScriptingTraits (0ms)
		AnalyzeDomain (11ms)
			TypeCache.Refresh (6ms)
				TypeCache.ScanAssembly (0ms)
			ScanForSourceGeneratedMonoScriptInfo (0ms)
			ResolveRequiredComponents (4ms)
	FinalizeReload (786ms)
		ReleaseScriptCaches (0ms)
		RebuildScriptCaches (0ms)
		SetupLoadedEditorAssemblies (450ms)
			LogAssemblyErrors (0ms)
			InitializePlatformSupportModulesInManaged (18ms)
			SetLoadedEditorAssemblies (4ms)
			RefreshPlugins (0ms)
			BeforeProcessingInitializeOnLoad (77ms)
			ProcessInitializeOnLoadAttributes (331ms)
			ProcessInitializeOnLoadMethodAttributes (18ms)
			AfterProcessingInitializeOnLoad (1ms)
			EditorAssembliesLoaded (0ms)
		ExecutionOrderSort2 (0ms)
		AwakeInstancesAfterBackupRestoration (5ms)
Refreshing native plugins compatible for Editor in 1.80 ms, found 3 plugins.
Preloading 0 native plugins for Editor in 0.00 ms.
Unloading 3079 Unused Serialized files (Serialized files now loaded: 0)
Unloading 22 unused Assets / (30.5 KB). Loaded Objects now: 3557.
Memory consumption went from 121.0 MB to 121.0 MB.
Total: 2.473900 ms (FindLiveObjects: 0.233900 ms CreateObjectMapping: 0.113300 ms MarkObjects: 2.082200 ms  DeleteObjects: 0.043200 ms)

Prepare: number of updated asset objects reloaded= 0
AssetImportParameters requested are different than current active one (requested -> active):
  custom:container-demuxer-ogg: 62fdf1f143b41e24485cea50d1cbac27 -> 
  custom:video-decoder-ogg-theora: a1e56fd34408186e4bbccfd4996cb3dc -> 
  custom:framework-win-MediaFoundation: 216162199b28c13a410421893ffa2e32 -> 
  custom:CustomObjectIndexerAttribute: 756ad292c208cfabdd7b50bc23989ffe -> 
  custom:container-demuxer-webm: 4f35f7cbe854078d1ac9338744f61a02 -> 
  custom:container-muxer-webm: aa71ff27fc2769a1b78a27578f13a17b -> 
  custom:video-decoder-webm-vp8: 9c59270c3fd7afecdb556c50c9e8de78 -> 
  custom:SearchIndexIgnoredProperties: e643bd26f0fe6173181afceb89e7c659 -> 
  custom:AudioImporter_EditorPlatform: d09bf68614088b80899f8185d706f6e7 -> 
  custom:video-encoder-webm-vp8: eb34c28f22e8b96e1ab97ce403110664 -> 
  custom:audio-decoder-ogg-vorbis: bf7c407c2cedff20999df2af8eb42d56 -> 
  custom:audio-encoder-webm-vorbis: bf7c407c2cedff20999df2af8eb42d56 -> 
========================================================================
Received Import Request.
  Time since last request: 39.037508 seconds.
  path: Assets/Kevin Iglesias/Basic Motions/Animations/Movement/Human@Jump01.anim
  artifactKey: Guid(33c828318c1a1f84db52333b7f8bd7af) Importer(815301076,1909f56bfc062723c751e8b465ee728b)
Start importing Assets/Kevin Iglesias/Basic Motions/Animations/Movement/Human@Jump01.anim using Guid(33c828318c1a1f84db52333b7f8bd7af) Importer(815301076,1909f56bfc062723c751e8b465ee728b)  -> (artifact id: 'ebae0d5751ed9cfae8f26fd62d8d307f') in 0.024876 seconds
Number of updated asset objects reloaded before import = 0
Number of asset objects unloaded after import = 1
========================================================================
Received Import Request.
  Time since last request: 51.982662 seconds.
  path: Assets/Kevin Iglesias/Basic Motions/Animations/Movement/Run/Human@Run01_Forward.anim
  artifactKey: Guid(a73b3a96c0f28664e837640a7ae65ae6) Importer(815301076,1909f56bfc062723c751e8b465ee728b)
Start importing Assets/Kevin Iglesias/Basic Motions/Animations/Movement/Run/Human@Run01_Forward.anim using Guid(a73b3a96c0f28664e837640a7ae65ae6) Importer(815301076,1909f56bfc062723c751e8b465ee728b)  -> (artifact id: 'f8387c67a64c263b7233701f77b1625c') in 0.006966 seconds
Number of updated asset objects reloaded before import = 0
Number of asset objects unloaded after import = 1
========================================================================
Received Import Request.
  Time since last request: 4.884308 seconds.
  path: Assets/Kevin Iglesias/Basic Motions/Animations/Movement/Sprint/Human@Sprint01_Forward.fbx
  artifactKey: Guid(357a014fc50a6ae4aa9ea8347010fb60) Importer(815301076,1909f56bfc062723c751e8b465ee728b)
Start importing Assets/Kevin Iglesias/Basic Motions/Animations/Movement/Sprint/Human@Sprint01_Forward.fbx using Guid(357a014fc50a6ae4aa9ea8347010fb60) Importer(815301076,1909f56bfc062723c751e8b465ee728b)  -> (artifact id: 'a2e4dc6f018c93e6a18252470ab8a7fd') in 0.018091 seconds
Number of updated asset objects reloaded before import = 0
Number of asset objects unloaded after import = 113
========================================================================
Received Import Request.
  Time since last request: 0.014070 seconds.
  path: Assets/Kevin Iglesias/Basic Motions/Animations/Movement/Sprint/Human@Sprint02_Forward.fbx
  artifactKey: Guid(8e86aed4685f43b4f8fb6a9b306ea786) Importer(815301076,1909f56bfc062723c751e8b465ee728b)
Start importing Assets/Kevin Iglesias/Basic Motions/Animations/Movement/Sprint/Human@Sprint02_Forward.fbx using Guid(8e86aed4685f43b4f8fb6a9b306ea786) Importer(815301076,1909f56bfc062723c751e8b465ee728b)  -> (artifact id: 'e0d1085fe2900c98d74758a89342cdc0') in 0.004060 seconds
Number of updated asset objects reloaded before import = 0
Number of asset objects unloaded after import = 113
========================================================================
Received Import Request.
  Time since last request: 0.000012 seconds.
  path: Assets/Kevin Iglesias/Basic Motions/Animations/Movement/Sprint/Human@Sprint01_ForwardRight.fbx
  artifactKey: Guid(12699ef2e572e3944a02284d64418e82) Importer(815301076,1909f56bfc062723c751e8b465ee728b)
Start importing Assets/Kevin Iglesias/Basic Motions/Animations/Movement/Sprint/Human@Sprint01_ForwardRight.fbx using Guid(12699ef2e572e3944a02284d64418e82) Importer(815301076,1909f56bfc062723c751e8b465ee728b)  -> (artifact id: '01e67df6bb6da57a433e2a8764d95ec7') in 0.002984 seconds
Number of updated asset objects reloaded before import = 0
Number of asset objects unloaded after import = 113
========================================================================
Received Import Request.
  Time since last request: 1.474817 seconds.
  path: Assets/Kevin Iglesias/Basic Motions/Animations/Movement/Sprint/Rootmotion/Human@Sprint01_Forward [RM].fbx
  artifactKey: Guid(60ce564cb0bcd8c4bba6cecbf7c3703f) Importer(815301076,1909f56bfc062723c751e8b465ee728b)
Start importing Assets/Kevin Iglesias/Basic Motions/Animations/Movement/Sprint/Rootmotion/Human@Sprint01_Forward [RM].fbx using Guid(60ce564cb0bcd8c4bba6cecbf7c3703f) Importer(815301076,1909f56bfc062723c751e8b465ee728b)  -> (artifact id: 'e3e566a720dffdf49399acc22cf357c3') in 0.003113 seconds
Number of updated asset objects reloaded before import = 0
Number of asset objects unloaded after import = 113
========================================================================
Received Import Request.
  Time since last request: 0.001982 seconds.
  path: Assets/Kevin Iglesias/Basic Motions/Animations/Movement/Sprint/Rootmotion/Human@Sprint01_ForwardLeft [RM].fbx
  artifactKey: Guid(5cb42faa270a0e44a869bf1204fdf95b) Importer(815301076,1909f56bfc062723c751e8b465ee728b)
Start importing Assets/Kevin Iglesias/Basic Motions/Animations/Movement/Sprint/Rootmotion/Human@Sprint01_ForwardLeft [RM].fbx using Guid(5cb42faa270a0e44a869bf1204fdf95b) Importer(815301076,1909f56bfc062723c751e8b465ee728b)  -> (artifact id: 'b66de1b400e61647ff05373a81e31669') in 0.002904 seconds
Number of updated asset objects reloaded before import = 0
Number of asset objects unloaded after import = 113
========================================================================
Received Import Request.
  Time since last request: 0.001382 seconds.
  path: Assets/Kevin Iglesias/Basic Motions/Animations/Movement/Sprint/Rootmotion/Human@Sprint01_ForwardRight [RM].fbx
  artifactKey: Guid(a7d450fa4f07a3f4e9fcb7894d556674) Importer(815301076,1909f56bfc062723c751e8b465ee728b)
Start importing Assets/Kevin Iglesias/Basic Motions/Animations/Movement/Sprint/Rootmotion/Human@Sprint01_ForwardRight [RM].fbx using Guid(a7d450fa4f07a3f4e9fcb7894d556674) Importer(815301076,1909f56bfc062723c751e8b465ee728b)  -> (artifact id: '0a24f66434802f7cc1dc35dc604805c2') in 0.002480 seconds
Number of updated asset objects reloaded before import = 0
Number of asset objects unloaded after import = 113
========================================================================
Received Import Request.
  Time since last request: 0.001444 seconds.
  path: Assets/Kevin Iglesias/Basic Motions/Animations/Movement/Sprint/Rootmotion/Human@Sprint02_Forward [RM].fbx
  artifactKey: Guid(29f9b17ef50fbbf4cb8e686efa00a917) Importer(815301076,1909f56bfc062723c751e8b465ee728b)
Start importing Assets/Kevin Iglesias/Basic Motions/Animations/Movement/Sprint/Rootmotion/Human@Sprint02_Forward [RM].fbx using Guid(29f9b17ef50fbbf4cb8e686efa00a917) Importer(815301076,1909f56bfc062723c751e8b465ee728b)  -> (artifact id: 'bfaef80258e9eb9c27c3e7d7d4196b56') in 0.002565 seconds
Number of updated asset objects reloaded before import = 0
Number of asset objects unloaded after import = 113
========================================================================
Received Import Request.
  Time since last request: 0.001381 seconds.
  path: Assets/Kevin Iglesias/Basic Motions/Animations/Movement/Sprint/Rootmotion/Human@Sprint02_ForwardLeft [RM].fbx
  artifactKey: Guid(c630ab8c35758e2499b3809a483d58db) Importer(815301076,1909f56bfc062723c751e8b465ee728b)
Start importing Assets/Kevin Iglesias/Basic Motions/Animations/Movement/Sprint/Rootmotion/Human@Sprint02_ForwardLeft [RM].fbx using Guid(c630ab8c35758e2499b3809a483d58db) Importer(815301076,1909f56bfc062723c751e8b465ee728b)  -> (artifact id: '43505e57088338bf8aa0695411ceb517') in 0.002394 seconds
Number of updated asset objects reloaded before import = 0
Number of asset objects unloaded after import = 113
========================================================================
Received Import Request.
  Time since last request: 0.001240 seconds.
  path: Assets/Kevin Iglesias/Basic Motions/Animations/Movement/Sprint/Rootmotion/Human@Sprint02_ForwardRight [RM].fbx
  artifactKey: Guid(15beb0142d7fb7341ace9a53818e8690) Importer(815301076,1909f56bfc062723c751e8b465ee728b)
Start importing Assets/Kevin Iglesias/Basic Motions/Animations/Movement/Sprint/Rootmotion/Human@Sprint02_ForwardRight [RM].fbx using Guid(15beb0142d7fb7341ace9a53818e8690) Importer(815301076,1909f56bfc062723c751e8b465ee728b)  -> (artifact id: 'd393e4a3ed71cfe0b3b8f2d1652fdce8') in 0.003686 seconds
Number of updated asset objects reloaded before import = 0
Number of asset objects unloaded after import = 113
========================================================================
Received Import Request.
  Time since last request: 17.565915 seconds.
  path: Assets/Kevin Iglesias/Basic Motions/Animations/Movement/Sprint/Human@Sprint01_Forward.anim
  artifactKey: Guid(ad26de278d749e347b0008e5da072540) Importer(815301076,1909f56bfc062723c751e8b465ee728b)
Start importing Assets/Kevin Iglesias/Basic Motions/Animations/Movement/Sprint/Human@Sprint01_Forward.anim using Guid(ad26de278d749e347b0008e5da072540) Importer(815301076,1909f56bfc062723c751e8b465ee728b)  -> (artifact id: '2ff87ed52a4702d09a8ce1ae064e350b') in 0.006211 seconds
Number of updated asset objects reloaded before import = 0
Number of asset objects unloaded after import = 1
========================================================================
Received Import Request.
  Time since last request: 2.940715 seconds.
  path: Assets/Kevin Iglesias/Basic Motions/Animations/Movement/Walk/Human@Walk01_Backward.fbx
  artifactKey: Guid(cb46d61a31f3bb34395ab55c7580ebee) Importer(815301076,1909f56bfc062723c751e8b465ee728b)
Start importing Assets/Kevin Iglesias/Basic Motions/Animations/Movement/Walk/Human@Walk01_Backward.fbx using Guid(cb46d61a31f3bb34395ab55c7580ebee) Importer(815301076,1909f56bfc062723c751e8b465ee728b)  -> (artifact id: '68f95ab892ab33abdad4b98c9970cd2c') in 0.003284 seconds
Number of updated asset objects reloaded before import = 0
Number of asset objects unloaded after import = 113
========================================================================
Received Import Request.
  Time since last request: 0.000880 seconds.
  path: Assets/Kevin Iglesias/Basic Motions/Animations/Movement/Walk/Human@Walk01_BackwardLeft.fbx
  artifactKey: Guid(a93c9bed55def714b8836fe9a9e09a2a) Importer(815301076,1909f56bfc062723c751e8b465ee728b)
Start importing Assets/Kevin Iglesias/Basic Motions/Animations/Movement/Walk/Human@Walk01_BackwardLeft.fbx using Guid(a93c9bed55def714b8836fe9a9e09a2a) Importer(815301076,1909f56bfc062723c751e8b465ee728b)  -> (artifact id: '84f7e24dd3819949827447fb940e5ee3') in 0.002466 seconds
Number of updated asset objects reloaded before import = 0
Number of asset objects unloaded after import = 113
========================================================================
Received Import Request.
  Time since last request: 0.001154 seconds.
  path: Assets/Kevin Iglesias/Basic Motions/Animations/Movement/Walk/Human@Walk01_BackwardRight.fbx
  artifactKey: Guid(b77841f73a04243498d7c233cd4f21d0) Importer(815301076,1909f56bfc062723c751e8b465ee728b)
Start importing Assets/Kevin Iglesias/Basic Motions/Animations/Movement/Walk/Human@Walk01_BackwardRight.fbx using Guid(b77841f73a04243498d7c233cd4f21d0) Importer(815301076,1909f56bfc062723c751e8b465ee728b)  -> (artifact id: 'b5025c6ac87933f89757871644255c84') in 0.002506 seconds
Number of updated asset objects reloaded before import = 0
Number of asset objects unloaded after import = 113
========================================================================
Received Import Request.
  Time since last request: 0.001231 seconds.
  path: Assets/Kevin Iglesias/Basic Motions/Animations/Movement/Walk/Human@Walk01_Forward.fbx
  artifactKey: Guid(012fd8b7e910f804caadf295d5d45e2f) Importer(815301076,1909f56bfc062723c751e8b465ee728b)
Start importing Assets/Kevin Iglesias/Basic Motions/Animations/Movement/Walk/Human@Walk01_Forward.fbx using Guid(012fd8b7e910f804caadf295d5d45e2f) Importer(815301076,1909f56bfc062723c751e8b465ee728b)  -> (artifact id: '8d1610a2c2c3cc782e2a0d682df5eed4') in 0.002887 seconds
Number of updated asset objects reloaded before import = 0
Number of asset objects unloaded after import = 113
========================================================================
Received Import Request.
  Time since last request: 0.001137 seconds.
  path: Assets/Kevin Iglesias/Basic Motions/Animations/Movement/Walk/Human@Walk01_ForwardLeft.fbx
  artifactKey: Guid(b06ebacf4f8320c4cb1c07046898d862) Importer(815301076,1909f56bfc062723c751e8b465ee728b)
Start importing Assets/Kevin Iglesias/Basic Motions/Animations/Movement/Walk/Human@Walk01_ForwardLeft.fbx using Guid(b06ebacf4f8320c4cb1c07046898d862) Importer(815301076,1909f56bfc062723c751e8b465ee728b)  -> (artifact id: '50b2cb37e799adb2887859624d2c4489') in 0.002485 seconds
Number of updated asset objects reloaded before import = 0
Number of asset objects unloaded after import = 113
========================================================================
Received Import Request.
  Time since last request: 0.001208 seconds.
  path: Assets/Kevin Iglesias/Basic Motions/Animations/Movement/Walk/Human@Walk01_ForwardRight.fbx
  artifactKey: Guid(6c1c5513c95aed44e9db044c2d6406a1) Importer(815301076,1909f56bfc062723c751e8b465ee728b)
Start importing Assets/Kevin Iglesias/Basic Motions/Animations/Movement/Walk/Human@Walk01_ForwardRight.fbx using Guid(6c1c5513c95aed44e9db044c2d6406a1) Importer(815301076,1909f56bfc062723c751e8b465ee728b)  -> (artifact id: 'cd7832f7241fc7821eae1b2cdad69bea') in 0.002413 seconds
Number of updated asset objects reloaded before import = 0
Number of asset objects unloaded after import = 113
========================================================================
Received Import Request.
  Time since last request: 0.001123 seconds.
  path: Assets/Kevin Iglesias/Basic Motions/Animations/Movement/Walk/Human@Walk01_Left.fbx
  artifactKey: Guid(ff44bb82f0146a74fb98ea1824cae44a) Importer(815301076,1909f56bfc062723c751e8b465ee728b)
Start importing Assets/Kevin Iglesias/Basic Motions/Animations/Movement/Walk/Human@Walk01_Left.fbx using Guid(ff44bb82f0146a74fb98ea1824cae44a) Importer(815301076,1909f56bfc062723c751e8b465ee728b)  -> (artifact id: 'a4fb2bb5ea10efe83a17b891d6f3ce24') in 0.002383 seconds
Number of updated asset objects reloaded before import = 0
Number of asset objects unloaded after import = 113
========================================================================
Received Import Request.
  Time since last request: 0.001031 seconds.
  path: Assets/Kevin Iglesias/Basic Motions/Animations/Movement/Walk/Human@Walk01_Right.fbx
  artifactKey: Guid(6ae6fc1ae59ede345b4fb194814f318f) Importer(815301076,1909f56bfc062723c751e8b465ee728b)
Start importing Assets/Kevin Iglesias/Basic Motions/Animations/Movement/Walk/Human@Walk01_Right.fbx using Guid(6ae6fc1ae59ede345b4fb194814f318f) Importer(815301076,1909f56bfc062723c751e8b465ee728b)  -> (artifact id: 'a53b8309e61844e424d2662bffaca318') in 0.002664 seconds
Number of updated asset objects reloaded before import = 0
Number of asset objects unloaded after import = 113
========================================================================
Received Import Request.
  Time since last request: 0.000994 seconds.
  path: Assets/Kevin Iglesias/Basic Motions/Animations/Movement/Walk/Human@Walk02_Backward.fbx
  artifactKey: Guid(ea1152d3598363b4ba8e5a2aaf1b9590) Importer(815301076,1909f56bfc062723c751e8b465ee728b)
Start importing Assets/Kevin Iglesias/Basic Motions/Animations/Movement/Walk/Human@Walk02_Backward.fbx using Guid(ea1152d3598363b4ba8e5a2aaf1b9590) Importer(815301076,1909f56bfc062723c751e8b465ee728b)  -> (artifact id: '6b1df7b34e27a91b4012b707dd5f5801') in 0.002416 seconds
Number of updated asset objects reloaded before import = 0
Number of asset objects unloaded after import = 113
========================================================================
Received Import Request.
  Time since last request: 0.001314 seconds.
  path: Assets/Kevin Iglesias/Basic Motions/Animations/Movement/Walk/Human@Walk02_BackwardLeft.fbx
  artifactKey: Guid(873980f978ad4ae498266ffafd5bf1d0) Importer(815301076,1909f56bfc062723c751e8b465ee728b)
Start importing Assets/Kevin Iglesias/Basic Motions/Animations/Movement/Walk/Human@Walk02_BackwardLeft.fbx using Guid(873980f978ad4ae498266ffafd5bf1d0) Importer(815301076,1909f56bfc062723c751e8b465ee728b)  -> (artifact id: '903200d6f9b11914d0d07ac19b46d433') in 0.003355 seconds
Number of updated asset objects reloaded before import = 0
Number of asset objects unloaded after import = 113
========================================================================
Received Import Request.
  Time since last request: 0.000008 seconds.
  path: Assets/Kevin Iglesias/Basic Motions/Animations/Movement/Walk/Human@Walk02_BackwardRight.fbx
  artifactKey: Guid(af6414bbb9bacf943bcbdf44d233bc7a) Importer(815301076,1909f56bfc062723c751e8b465ee728b)
Start importing Assets/Kevin Iglesias/Basic Motions/Animations/Movement/Walk/Human@Walk02_BackwardRight.fbx using Guid(af6414bbb9bacf943bcbdf44d233bc7a) Importer(815301076,1909f56bfc062723c751e8b465ee728b)  -> (artifact id: '78285416af66c784d9948cf3dc006520') in 0.002369 seconds
Number of updated asset objects reloaded before import = 0
Number of asset objects unloaded after import = 113
========================================================================
Received Import Request.
  Time since last request: 0.001522 seconds.
  path: Assets/Kevin Iglesias/Basic Motions/Animations/Movement/Walk/Human@Walk02_Forward.fbx
  artifactKey: Guid(d18c13a5b4b923244a524a76a303e61d) Importer(815301076,1909f56bfc062723c751e8b465ee728b)
Start importing Assets/Kevin Iglesias/Basic Motions/Animations/Movement/Walk/Human@Walk02_Forward.fbx using Guid(d18c13a5b4b923244a524a76a303e61d) Importer(815301076,1909f56bfc062723c751e8b465ee728b)  -> (artifact id: '7c6f93597038891cac3d9b6a394d8c41') in 0.002530 seconds
Number of updated asset objects reloaded before import = 0
Number of asset objects unloaded after import = 113
========================================================================
Received Import Request.
  Time since last request: 0.001014 seconds.
  path: Assets/Kevin Iglesias/Basic Motions/Animations/Movement/Walk/Human@Walk02_ForwardLeft.fbx
  artifactKey: Guid(59b6f459adee1bf4cbe2053a8f8c9f7f) Importer(815301076,1909f56bfc062723c751e8b465ee728b)
Start importing Assets/Kevin Iglesias/Basic Motions/Animations/Movement/Walk/Human@Walk02_ForwardLeft.fbx using Guid(59b6f459adee1bf4cbe2053a8f8c9f7f) Importer(815301076,1909f56bfc062723c751e8b465ee728b)  -> (artifact id: 'b1d2a145fe69b3c3d19555dc232e47e5') in 0.002380 seconds
Number of updated asset objects reloaded before import = 0
Number of asset objects unloaded after import = 113
========================================================================
Received Import Request.
  Time since last request: 0.001936 seconds.
  path: Assets/Kevin Iglesias/Basic Motions/Animations/Movement/Walk/Human@Walk02_ForwardRight.fbx
  artifactKey: Guid(387b197aeb151d64686b217c74607f6d) Importer(815301076,1909f56bfc062723c751e8b465ee728b)
Start importing Assets/Kevin Iglesias/Basic Motions/Animations/Movement/Walk/Human@Walk02_ForwardRight.fbx using Guid(387b197aeb151d64686b217c74607f6d) Importer(815301076,1909f56bfc062723c751e8b465ee728b)  -> (artifact id: 'f22f66c91589f5ce62450ead41bef692') in 0.002599 seconds
Number of updated asset objects reloaded before import = 0
Number of asset objects unloaded after import = 113
========================================================================
Received Import Request.
  Time since last request: 0.001040 seconds.
  path: Assets/Kevin Iglesias/Basic Motions/Animations/Movement/Walk/Human@Walk02_Left.fbx
  artifactKey: Guid(53ee308983da34a4d9eae29e5b8ebcf0) Importer(815301076,1909f56bfc062723c751e8b465ee728b)
Start importing Assets/Kevin Iglesias/Basic Motions/Animations/Movement/Walk/Human@Walk02_Left.fbx using Guid(53ee308983da34a4d9eae29e5b8ebcf0) Importer(815301076,1909f56bfc062723c751e8b465ee728b)  -> (artifact id: '3f0a5f007bba335ad946a128533603f8') in 0.002950 seconds
Number of updated asset objects reloaded before import = 0
Number of asset objects unloaded after import = 113
========================================================================
Received Import Request.
  Time since last request: 0.001107 seconds.
  path: Assets/Kevin Iglesias/Basic Motions/Animations/Movement/Walk/Human@Walk02_Right.fbx
  artifactKey: Guid(1cb35aa1eecdc0a44a7574a2f50af956) Importer(815301076,1909f56bfc062723c751e8b465ee728b)
Start importing Assets/Kevin Iglesias/Basic Motions/Animations/Movement/Walk/Human@Walk02_Right.fbx using Guid(1cb35aa1eecdc0a44a7574a2f50af956) Importer(815301076,1909f56bfc062723c751e8b465ee728b)  -> (artifact id: 'fbce12f945f3cd872cbcca05e7ed12a7') in 0.002609 seconds
Number of updated asset objects reloaded before import = 0
Number of asset objects unloaded after import = 113
========================================================================
Received Import Request.
  Time since last request: 33.031698 seconds.
  path: Assets/Kevin Iglesias/Basic Motions/Animations/Movement/Walk/Human@Walk01_Forward.anim
  artifactKey: Guid(ff4268be3b1a28049973311e09a6fe9f) Importer(815301076,1909f56bfc062723c751e8b465ee728b)
Start importing Assets/Kevin Iglesias/Basic Motions/Animations/Movement/Walk/Human@Walk01_Forward.anim using Guid(ff4268be3b1a28049973311e09a6fe9f) Importer(815301076,1909f56bfc062723c751e8b465ee728b)  -> (artifact id: '66fdbbe3ac0272e3258332d5bf68e692') in 0.008667 seconds
Number of updated asset objects reloaded before import = 0
Number of asset objects unloaded after import = 1
========================================================================
Received Import Request.
  Time since last request: 8.303331 seconds.
  path: Assets/Kevin Iglesias/Basic Motions/Animations/Social/Human@Talk01.fbx
  artifactKey: Guid(5277e5180e302184fb73653674a14c85) Importer(815301076,1909f56bfc062723c751e8b465ee728b)
Start importing Assets/Kevin Iglesias/Basic Motions/Animations/Social/Human@Talk01.fbx using Guid(5277e5180e302184fb73653674a14c85) Importer(815301076,1909f56bfc062723c751e8b465ee728b)  -> (artifact id: '489e881c3a2107273c660e9c2ef9edfd') in 0.004803 seconds
Number of updated asset objects reloaded before import = 0
Number of asset objects unloaded after import = 113
========================================================================
Received Import Request.
  Time since last request: 17.073671 seconds.
  path: Assets/Kevin Iglesias/Basic Motions/Animations/Social/Human@Talk01.anim
  artifactKey: Guid(d4b9316a9ca20e044966905f26b4e7bd) Importer(815301076,1909f56bfc062723c751e8b465ee728b)
Start importing Assets/Kevin Iglesias/Basic Motions/Animations/Social/Human@Talk01.anim using Guid(d4b9316a9ca20e044966905f26b4e7bd) Importer(815301076,1909f56bfc062723c751e8b465ee728b)  -> (artifact id: '90384c546b613f3c05184eb7115a2fa9') in 0.021156 seconds
Number of updated asset objects reloaded before import = 0
Number of asset objects unloaded after import = 1
========================================================================
Received Import Request.
  Time since last request: 4.476589 seconds.
  path: Assets/Kevin Iglesias/Basic Motions/Models/BasicMotions_DummyModel.fbx
  artifactKey: Guid(0e1e29b35a3700748811d120b13ed8d6) Importer(815301076,1909f56bfc062723c751e8b465ee728b)
Start importing Assets/Kevin Iglesias/Basic Motions/Models/BasicMotions_DummyModel.fbx using Guid(0e1e29b35a3700748811d120b13ed8d6) Importer(815301076,1909f56bfc062723c751e8b465ee728b)  -> (artifact id: 'af5678b0dfb921b93cf2c55e50776394') in 0.132913 seconds
Number of updated asset objects reloaded before import = 0
Number of asset objects unloaded after import = 152
========================================================================
Received Import Request.
  Time since last request: 0.742155 seconds.
  path: Assets/Kevin Iglesias/Basic Motions/Prefabs/BasicMotions_DummyModel01.prefab
  artifactKey: Guid(9650c348af697a345b97687c4ac8f362) Importer(815301076,1909f56bfc062723c751e8b465ee728b)
Start importing Assets/Kevin Iglesias/Basic Motions/Prefabs/BasicMotions_DummyModel01.prefab using Guid(9650c348af697a345b97687c4ac8f362) Importer(815301076,1909f56bfc062723c751e8b465ee728b)  -> (artifact id: 'd784220730756097518b2a1ce87aa87e') in 0.254218 seconds
Number of updated asset objects reloaded before import = 0
Number of asset objects unloaded after import = 138
========================================================================
Received Import Request.
  Time since last request: 0.000017 seconds.
  path: Assets/Kevin Iglesias/Basic Motions/Prefabs/BasicMotions_DummyModel02 HDRP.prefab
  artifactKey: Guid(e3447d8e12c8e864383f682e8c4b1116) Importer(815301076,1909f56bfc062723c751e8b465ee728b)
Start importing Assets/Kevin Iglesias/Basic Motions/Prefabs/BasicMotions_DummyModel02 HDRP.prefab using Guid(e3447d8e12c8e864383f682e8c4b1116) Importer(815301076,1909f56bfc062723c751e8b465ee728b)  -> (artifact id: '967af99030c0f037b2cb03080bce2c48') in 0.018357 seconds
Number of updated asset objects reloaded before import = 0
Number of asset objects unloaded after import = 140
========================================================================
Received Import Request.
  Time since last request: 0.000029 seconds.
  path: Assets/Kevin Iglesias/Basic Motions/Prefabs/BasicMotions_DummyModel02 URP.prefab
  artifactKey: Guid(c2f595e2513ed1d459fcf37843299b4f) Importer(815301076,1909f56bfc062723c751e8b465ee728b)
Start importing Assets/Kevin Iglesias/Basic Motions/Prefabs/BasicMotions_DummyModel02 URP.prefab using Guid(c2f595e2513ed1d459fcf37843299b4f) Importer(815301076,1909f56bfc062723c751e8b465ee728b)  -> (artifact id: 'b6e415452c84350a421d5632ff9593ad') in 0.029598 seconds
Number of updated asset objects reloaded before import = 0
Number of asset objects unloaded after import = 138
Editor requested this worker to shutdown with reason: Scaling down because of idle timeout
TcpMessagingSession - receive error: operation aborted. errorcode: 995, details: The I/O operation has been aborted because of either a thread exit or an application request.
AssetImportWorker is now disconnected from the server
Process exiting
Exiting without the bug reporter. Application will terminate with return code 0