Using pre-set license
Built from '2022.3/staging' branch; Version is '2022.3.9f1 (ea401c316338) revision 15351836'; Using compiler version '192829333'; Build Type 'Release'
OS: 'Windows 11  (10.0.22631) 64bit CoreSingleLanguage' Language: 'en' Physical Memory: 24355 MB
BatchMode: 1, IsHumanControllingUs: 0, StartBugReporterOnCrash: 0, Is64bit: 1, IsPro: 1

COMMAND LINE ARGUMENTS:
E:\Unity\2022.3.9f1\Editor\Unity.exe
-adb2
-batchMode
-noUpm
-name
AssetImportWorker15
-projectPath
F:/Unity Project/Final Project VTCA-PirateGame
-logFile
Logs/AssetImportWorker15.log
-srvPort
51336
Successfully changed project path to: F:/Unity Project/Final Project VTCA-PirateGame
F:/Unity Project/Final Project VTCA-PirateGame
[UnityMemory] Configuration Parameters - Can be set up in boot.config
    "memorysetup-bucket-allocator-granularity=16"
    "memorysetup-bucket-allocator-bucket-count=8"
    "memorysetup-bucket-allocator-block-size=33554432"
    "memorysetup-bucket-allocator-block-count=8"
    "memorysetup-main-allocator-block-size=16777216"
    "memorysetup-thread-allocator-block-size=16777216"
    "memorysetup-gfx-main-allocator-block-size=16777216"
    "memorysetup-gfx-thread-allocator-block-size=16777216"
    "memorysetup-cache-allocator-block-size=4194304"
    "memorysetup-typetree-allocator-block-size=2097152"
    "memorysetup-profiler-bucket-allocator-granularity=16"
    "memorysetup-profiler-bucket-allocator-bucket-count=8"
    "memorysetup-profiler-bucket-allocator-block-size=33554432"
    "memorysetup-profiler-bucket-allocator-block-count=8"
    "memorysetup-profiler-allocator-block-size=16777216"
    "memorysetup-profiler-editor-allocator-block-size=1048576"
    "memorysetup-temp-allocator-size-main=16777216"
    "memorysetup-job-temp-allocator-block-size=2097152"
    "memorysetup-job-temp-allocator-block-size-background=1048576"
    "memorysetup-job-temp-allocator-reduction-small-platforms=262144"
    "memorysetup-allocator-temp-initial-block-size-main=262144"
    "memorysetup-allocator-temp-initial-block-size-worker=262144"
    "memorysetup-temp-allocator-size-background-worker=32768"
    "memorysetup-temp-allocator-size-job-worker=262144"
    "memorysetup-temp-allocator-size-preload-manager=33554432"
    "memorysetup-temp-allocator-size-nav-mesh-worker=65536"
    "memorysetup-temp-allocator-size-audio-worker=65536"
    "memorysetup-temp-allocator-size-cloud-worker=32768"
    "memorysetup-temp-allocator-size-gi-baking-worker=262144"
    "memorysetup-temp-allocator-size-gfx=262144"
Player connection [29500] Host "[IP] 192.168.1.112 [Port] 0 [Flags] 2 [Guid] 2090117193 [EditorId] 2090117193 [Version] 1048832 [Id] WindowsEditor(7,LAPTOP-LPCI8Q8O) [Debug] 1 [PackageName] WindowsEditor [ProjectName] Editor" joined multi-casting on [225.0.0.222:54997]...

Player connection [29500] Host "[IP] 192.168.1.112 [Port] 0 [Flags] 2 [Guid] 2090117193 [EditorId] 2090117193 [Version] 1048832 [Id] WindowsEditor(7,LAPTOP-LPCI8Q8O) [Debug] 1 [PackageName] WindowsEditor [ProjectName] Editor" joined alternative multi-casting on [225.0.0.222:34997]...

[Physics::Module] Initialized MultithreadedJobDispatcher with 15 workers.
Refreshing native plugins compatible for Editor in 4.79 ms, found 3 plugins.
Preloading 0 native plugins for Editor in 0.00 ms.
Initialize engine version: 2022.3.9f1 (ea401c316338)
[Subsystems] Discovering subsystems at path E:/Unity/2022.3.9f1/Editor/Data/Resources/UnitySubsystems
[Subsystems] Discovering subsystems at path F:/Unity Project/Final Project VTCA-PirateGame/Assets
GfxDevice: creating device client; threaded=0; jobified=0
Direct3D:
    Version:  Direct3D 11.0 [level 11.1]
    Renderer: NVIDIA GeForce RTX 3050 Ti Laptop GPU (ID=0x25a0)
    Vendor:   NVIDIA
    VRAM:     3962 MB
    Driver:   32.0.15.6070
Initialize mono
Mono path[0] = 'E:/Unity/2022.3.9f1/Editor/Data/Managed'
Mono path[1] = 'E:/Unity/2022.3.9f1/Editor/Data/MonoBleedingEdge/lib/mono/unityjit-win32'
Mono config path = 'E:/Unity/2022.3.9f1/Editor/Data/MonoBleedingEdge/etc'
Using monoOptions --debugger-agent=transport=dt_socket,embedding=1,server=y,suspend=n,address=127.0.0.1:56368
Begin MonoManager ReloadAssembly
Registering precompiled unity dll's ...
Register platform support module: E:/Unity/2022.3.9f1/Editor/Data/PlaybackEngines/AndroidPlayer/UnityEditor.Android.Extensions.dll
Register platform support module: E:/Unity/2022.3.9f1/Editor/Data/PlaybackEngines/WindowsStandaloneSupport/UnityEditor.WindowsStandalone.Extensions.dll
Registered in 0.002699 seconds.
- Loaded All Assemblies, in  0.267 seconds
Native extension for WindowsStandalone target not found
Native extension for Android target not found
Android Extension - Scanning For ADB Devices 264 ms
Mono: successfully reloaded assembly
- Finished resetting the current domain, in  0.517 seconds
Domain Reload Profiling: 784ms
	BeginReloadAssembly (82ms)
		ExecutionOrderSort (0ms)
		DisableScriptedObjects (0ms)
		BackupInstance (0ms)
		ReleaseScriptingObjects (0ms)
		CreateAndSetChildDomain (1ms)
	RebuildCommonClasses (27ms)
	RebuildNativeTypeToScriptingClass (8ms)
	initialDomainReloadingComplete (38ms)
	LoadAllAssembliesAndSetupDomain (112ms)
		LoadAssemblies (82ms)
		RebuildTransferFunctionScriptingTraits (0ms)
		AnalyzeDomain (110ms)
			TypeCache.Refresh (109ms)
				TypeCache.ScanAssembly (97ms)
			ScanForSourceGeneratedMonoScriptInfo (0ms)
			ResolveRequiredComponents (0ms)
	FinalizeReload (517ms)
		ReleaseScriptCaches (0ms)
		RebuildScriptCaches (0ms)
		SetupLoadedEditorAssemblies (469ms)
			LogAssemblyErrors (0ms)
			InitializePlatformSupportModulesInManaged (347ms)
			SetLoadedEditorAssemblies (4ms)
			RefreshPlugins (0ms)
			BeforeProcessingInitializeOnLoad (2ms)
			ProcessInitializeOnLoadAttributes (81ms)
			ProcessInitializeOnLoadMethodAttributes (36ms)
			AfterProcessingInitializeOnLoad (0ms)
			EditorAssembliesLoaded (0ms)
		ExecutionOrderSort2 (0ms)
		AwakeInstancesAfterBackupRestoration (0ms)
========================================================================
Worker process is ready to serve import requests
Begin MonoManager ReloadAssembly
- Loaded All Assemblies, in  0.514 seconds
Refreshing native plugins compatible for Editor in 1.81 ms, found 3 plugins.
Native extension for WindowsStandalone target not found
Native extension for Android target not found
Package Manager log level set to [2]
[Package Manager] Server::EnsureServerProcessIsRunning -- launch failed, reason: Unity was launched with the -noUpm command-line argument
[Package Manager] UpmClient::Send -- Unable to send message (not connected to UPM process).
[Package Manager] Cannot connect to Unity Package Manager local server
Mono: successfully reloaded assembly
- Finished resetting the current domain, in  0.594 seconds
Domain Reload Profiling: 1108ms
	BeginReloadAssembly (121ms)
		ExecutionOrderSort (0ms)
		DisableScriptedObjects (4ms)
		BackupInstance (0ms)
		ReleaseScriptingObjects (0ms)
		CreateAndSetChildDomain (21ms)
	RebuildCommonClasses (26ms)
	RebuildNativeTypeToScriptingClass (9ms)
	initialDomainReloadingComplete (27ms)
	LoadAllAssembliesAndSetupDomain (331ms)
		LoadAssemblies (234ms)
		RebuildTransferFunctionScriptingTraits (0ms)
		AnalyzeDomain (168ms)
			TypeCache.Refresh (151ms)
				TypeCache.ScanAssembly (133ms)
			ScanForSourceGeneratedMonoScriptInfo (13ms)
			ResolveRequiredComponents (3ms)
	FinalizeReload (594ms)
		ReleaseScriptCaches (0ms)
		RebuildScriptCaches (0ms)
		SetupLoadedEditorAssemblies (456ms)
			LogAssemblyErrors (0ms)
			InitializePlatformSupportModulesInManaged (18ms)
			SetLoadedEditorAssemblies (4ms)
			RefreshPlugins (0ms)
			BeforeProcessingInitializeOnLoad (78ms)
			ProcessInitializeOnLoadAttributes (338ms)
			ProcessInitializeOnLoadMethodAttributes (16ms)
			AfterProcessingInitializeOnLoad (2ms)
			EditorAssembliesLoaded (0ms)
		ExecutionOrderSort2 (0ms)
		AwakeInstancesAfterBackupRestoration (5ms)
Launched and connected shader compiler UnityShaderCompiler.exe after 0.03 seconds
Refreshing native plugins compatible for Editor in 1.63 ms, found 3 plugins.
Preloading 0 native plugins for Editor in 0.00 ms.
Unloading 3088 Unused Serialized files (Serialized files now loaded: 0)
Unloading 31 unused Assets / (56.4 KB). Loaded Objects now: 3553.
Memory consumption went from 122.6 MB to 122.6 MB.
Total: 2.764100 ms (FindLiveObjects: 0.260400 ms CreateObjectMapping: 0.079900 ms MarkObjects: 2.325900 ms  DeleteObjects: 0.097100 ms)

AssetImportParameters requested are different than current active one (requested -> active):
  custom:container-demuxer-ogg: 62fdf1f143b41e24485cea50d1cbac27 -> 
  custom:video-decoder-ogg-theora: a1e56fd34408186e4bbccfd4996cb3dc -> 
  custom:framework-win-MediaFoundation: 216162199b28c13a410421893ffa2e32 -> 
  custom:CustomObjectIndexerAttribute: 756ad292c208cfabdd7b50bc23989ffe -> 
  custom:container-demuxer-webm: 4f35f7cbe854078d1ac9338744f61a02 -> 
  custom:container-muxer-webm: aa71ff27fc2769a1b78a27578f13a17b -> 
  custom:video-decoder-webm-vp8: 9c59270c3fd7afecdb556c50c9e8de78 -> 
  custom:SearchIndexIgnoredProperties: e643bd26f0fe6173181afceb89e7c659 -> 
  custom:AudioImporter_EditorPlatform: d09bf68614088b80899f8185d706f6e7 -> 
  custom:video-encoder-webm-vp8: eb34c28f22e8b96e1ab97ce403110664 -> 
  custom:audio-decoder-ogg-vorbis: bf7c407c2cedff20999df2af8eb42d56 -> 
  custom:audio-encoder-webm-vorbis: bf7c407c2cedff20999df2af8eb42d56 -> 
========================================================================
Received Import Request.
  Time since last request: 519358.580193 seconds.
  path: Assets/PolygonPirates/FX/FX_BloodShot.prefab
  artifactKey: Guid(48b64b0452dbc384692f9377afab3cd9) Importer(815301076,1909f56bfc062723c751e8b465ee728b)
Start importing Assets/PolygonPirates/FX/FX_BloodShot.prefab using Guid(48b64b0452dbc384692f9377afab3cd9) Importer(815301076,1909f56bfc062723c751e8b465ee728b)  -> (artifact id: '81320129b2e4fa17918568bbc3abff48') in 0.081610 seconds
Number of updated asset objects reloaded before import = 0
Number of asset objects unloaded after import = 7
========================================================================
Received Import Request.
  Time since last request: 1.095126 seconds.
  path: Assets/PolygonPirates/Prefabs/Vehicles/SM_Flag_British_01.prefab
  artifactKey: Guid(9976885bd41aa534192c9d2fe06beea9) Importer(815301076,1909f56bfc062723c751e8b465ee728b)
Start importing Assets/PolygonPirates/Prefabs/Vehicles/SM_Flag_British_01.prefab using Guid(9976885bd41aa534192c9d2fe06beea9) Importer(815301076,1909f56bfc062723c751e8b465ee728b)  -> (artifact id: 'e76e63aee6014ef3270727bf7ee3abef') in 0.023427 seconds
Number of updated asset objects reloaded before import = 0
Number of asset objects unloaded after import = 11
========================================================================
Received Import Request.
  Time since last request: 0.000025 seconds.
  path: Assets/PolygonPirates/Prefabs/Vehicles/SM_Flag_Pirate_04.prefab
  artifactKey: Guid(cd7ed245816409a44abb8ad454d68f86) Importer(815301076,1909f56bfc062723c751e8b465ee728b)
Start importing Assets/PolygonPirates/Prefabs/Vehicles/SM_Flag_Pirate_04.prefab using Guid(cd7ed245816409a44abb8ad454d68f86) Importer(815301076,1909f56bfc062723c751e8b465ee728b)  -> (artifact id: '5b1b90b88af75f87798457c7cf43b033') in 0.016644 seconds
Number of updated asset objects reloaded before import = 0
Number of asset objects unloaded after import = 11
========================================================================
Received Import Request.
  Time since last request: 0.002371 seconds.
  path: Assets/PolygonPirates/Prefabs/Vehicles/SM_Veh_Boat_Medium_01_Hull_Pirate.prefab
  artifactKey: Guid(ef94ea0131455ed4cbdd3b8edf856594) Importer(815301076,1909f56bfc062723c751e8b465ee728b)
Start importing Assets/PolygonPirates/Prefabs/Vehicles/SM_Veh_Boat_Medium_01_Hull_Pirate.prefab using Guid(ef94ea0131455ed4cbdd3b8edf856594) Importer(815301076,1909f56bfc062723c751e8b465ee728b)  -> (artifact id: 'f6525d57edd603ac77036e26c006db1c') in 0.023910 seconds
Number of updated asset objects reloaded before import = 0
Number of asset objects unloaded after import = 35
========================================================================
Received Import Request.
  Time since last request: 0.000014 seconds.
  path: Assets/PolygonPirates/Prefabs/Vehicles/SM_Veh_Boat_Rowing_01_Hull_Attachments.prefab
  artifactKey: Guid(e3e9d09d9323c334dac1a53a409fa1f4) Importer(815301076,1909f56bfc062723c751e8b465ee728b)
Start importing Assets/PolygonPirates/Prefabs/Vehicles/SM_Veh_Boat_Rowing_01_Hull_Attachments.prefab using Guid(e3e9d09d9323c334dac1a53a409fa1f4) Importer(815301076,1909f56bfc062723c751e8b465ee728b)  -> (artifact id: '9ab6f8190a1a29a5f5c358e3493f947e') in 0.024512 seconds
Number of updated asset objects reloaded before import = 0
Number of asset objects unloaded after import = 31
========================================================================
Received Import Request.
  Time since last request: 0.000019 seconds.
  path: Assets/PolygonPirates/Prefabs/Vehicles/SM_Veh_Boat_Small_01_Hull_Pirate_Attachments.prefab
  artifactKey: Guid(e8f7a726f3bf5914887ea1bc9bcb701e) Importer(815301076,1909f56bfc062723c751e8b465ee728b)
Start importing Assets/PolygonPirates/Prefabs/Vehicles/SM_Veh_Boat_Small_01_Hull_Pirate_Attachments.prefab using Guid(e8f7a726f3bf5914887ea1bc9bcb701e) Importer(815301076,1909f56bfc062723c751e8b465ee728b)  -> (artifact id: 'cda3c2d34746ff68b700cc9b0bfd0900') in 0.021532 seconds
Number of updated asset objects reloaded before import = 0
Number of asset objects unloaded after import = 31
========================================================================
Received Import Request.
  Time since last request: 0.000017 seconds.
  path: Assets/PolygonPirates/Prefabs/Vehicles/SM_Veh_Boat_Warship_01_Hull_Pirate_Attachments.prefab
  artifactKey: Guid(546543ec887821441bb4deff0e363c1e) Importer(815301076,1909f56bfc062723c751e8b465ee728b)
Start importing Assets/PolygonPirates/Prefabs/Vehicles/SM_Veh_Boat_Warship_01_Hull_Pirate_Attachments.prefab using Guid(546543ec887821441bb4deff0e363c1e) Importer(815301076,1909f56bfc062723c751e8b465ee728b)  -> (artifact id: 'fd900f957bb7ceeee98580b09d603bca') in 0.162213 seconds
Number of updated asset objects reloaded before import = 0
Number of asset objects unloaded after import = 276
========================================================================
Received Import Request.
  Time since last request: 0.000017 seconds.
  path: Assets/PolygonPirates/Prefabs/Vehicles/SM_Veh_Boat_Warship_01_Hull_Bare.prefab
  artifactKey: Guid(00f2a498c7e05f64ca529c8b767d9bbc) Importer(815301076,1909f56bfc062723c751e8b465ee728b)
Start importing Assets/PolygonPirates/Prefabs/Vehicles/SM_Veh_Boat_Warship_01_Hull_Bare.prefab using Guid(00f2a498c7e05f64ca529c8b767d9bbc) Importer(815301076,1909f56bfc062723c751e8b465ee728b)  -> (artifact id: 'bf9bde5304de5f51e69f5c9087a871dc') in 0.022766 seconds
Number of updated asset objects reloaded before import = 0
Number of asset objects unloaded after import = 12
========================================================================
Received Import Request.
  Time since last request: 12.739929 seconds.
  path: Assets/Prefabs/Character/PLayer 1.prefab
  artifactKey: Guid(f90f20c4bd92935458534cdbdd044f31) Importer(815301076,1909f56bfc062723c751e8b465ee728b)
Start importing Assets/Prefabs/Character/PLayer 1.prefab using Guid(f90f20c4bd92935458534cdbdd044f31) Importer(815301076,1909f56bfc062723c751e8b465ee728b)  -> (artifact id: '92c3d2363cfaa2634d941c4f09e070e8') in 0.126951 seconds
Number of updated asset objects reloaded before import = 0
Number of asset objects unloaded after import = 564
========================================================================
Received Import Request.
  Time since last request: 60.751132 seconds.
  path: Assets/Prefabs/Character/Characters.prefab
  artifactKey: Guid(943ca52cd162c214e9285ad84cc0376a) Importer(815301076,1909f56bfc062723c751e8b465ee728b)
Start importing Assets/Prefabs/Character/Characters.prefab using Guid(943ca52cd162c214e9285ad84cc0376a) Importer(815301076,1909f56bfc062723c751e8b465ee728b)  -> (artifact id: '96aff4166c645b60f137c7b263520749') in 0.014088 seconds
Number of updated asset objects reloaded before import = 0
Number of asset objects unloaded after import = 582
========================================================================
Received Import Request.
  Time since last request: 15.466856 seconds.
  path: Assets/Prefabs/Character/Characters 1.prefab
  artifactKey: Guid(7da0ade193eb29246819a74c56f83b3a) Importer(815301076,1909f56bfc062723c751e8b465ee728b)
Start importing Assets/Prefabs/Character/Characters 1.prefab using Guid(7da0ade193eb29246819a74c56f83b3a) Importer(815301076,1909f56bfc062723c751e8b465ee728b)  -> (artifact id: '0ad977bdb3895e70d5a72282c81b4c17') in 0.009422 seconds
Number of updated asset objects reloaded before import = 0
Number of asset objects unloaded after import = 582
========================================================================
Received Import Request.
  Time since last request: 15.525839 seconds.
  path: Assets/Prefabs/Character/Characters 1.prefab
  artifactKey: Guid(7da0ade193eb29246819a74c56f83b3a) Importer(815301076,1909f56bfc062723c751e8b465ee728b)
Start importing Assets/Prefabs/Character/Characters 1.prefab using Guid(7da0ade193eb29246819a74c56f83b3a) Importer(815301076,1909f56bfc062723c751e8b465ee728b)  -> (artifact id: '495d93226c3d7724ea8003ba6906e6d1') in 0.009157 seconds
Number of updated asset objects reloaded before import = 0
Number of asset objects unloaded after import = 582
========================================================================
Received Import Request.
  Time since last request: 2.000237 seconds.
  path: Assets/Prefabs/Character/Characters 1.prefab
  artifactKey: Guid(7da0ade193eb29246819a74c56f83b3a) Importer(815301076,1909f56bfc062723c751e8b465ee728b)
Start importing Assets/Prefabs/Character/Characters 1.prefab using Guid(7da0ade193eb29246819a74c56f83b3a) Importer(815301076,1909f56bfc062723c751e8b465ee728b)  -> (artifact id: '598a03f220c8f059dda28f4c6603f507') in 0.009009 seconds
Number of updated asset objects reloaded before import = 0
Number of asset objects unloaded after import = 582
========================================================================
Received Import Request.
  Time since last request: 11.085326 seconds.
  path: Assets/Prefabs/Character/Captain.prefab
  artifactKey: Guid(7da0ade193eb29246819a74c56f83b3a) Importer(815301076,1909f56bfc062723c751e8b465ee728b)
Start importing Assets/Prefabs/Character/Captain.prefab using Guid(7da0ade193eb29246819a74c56f83b3a) Importer(815301076,1909f56bfc062723c751e8b465ee728b)  -> (artifact id: '9030e9dc96eb1969532a04d52c949afb') in 0.009458 seconds
Number of updated asset objects reloaded before import = 0
Number of asset objects unloaded after import = 582
========================================================================
Received Import Request.
  Time since last request: 5.294188 seconds.
  path: Assets/Prefabs/Character/Captain.prefab
  artifactKey: Guid(7da0ade193eb29246819a74c56f83b3a) Importer(815301076,1909f56bfc062723c751e8b465ee728b)
Start importing Assets/Prefabs/Character/Captain.prefab using Guid(7da0ade193eb29246819a74c56f83b3a) Importer(815301076,1909f56bfc062723c751e8b465ee728b)  -> (artifact id: 'bd15f064c39f31944e91dc4013403226') in 0.023681 seconds
Number of updated asset objects reloaded before import = 0
Number of asset objects unloaded after import = 583
========================================================================
Received Import Request.
  Time since last request: 6.483903 seconds.
  path: Assets/PolygonPirates/Prefabs/Items/SM_Item_Bag_01.prefab
  artifactKey: Guid(b620df130404a9944af5b799b9b4750b) Importer(815301076,1909f56bfc062723c751e8b465ee728b)
Start importing Assets/PolygonPirates/Prefabs/Items/SM_Item_Bag_01.prefab using Guid(b620df130404a9944af5b799b9b4750b) Importer(815301076,1909f56bfc062723c751e8b465ee728b)  -> (artifact id: 'b62f07c4c67b013c2374a0cd673740b0') in 0.019838 seconds
Number of updated asset objects reloaded before import = 0
Number of asset objects unloaded after import = 12
========================================================================
Received Import Request.
  Time since last request: 0.012540 seconds.
  path: Assets/PolygonPirates/Prefabs/Items/SM_Item_Bag_Attachment_03.prefab
  artifactKey: Guid(2a6b1f810ea94934da73f1391a39deaa) Importer(815301076,1909f56bfc062723c751e8b465ee728b)
Start importing Assets/PolygonPirates/Prefabs/Items/SM_Item_Bag_Attachment_03.prefab using Guid(2a6b1f810ea94934da73f1391a39deaa) Importer(815301076,1909f56bfc062723c751e8b465ee728b)  -> (artifact id: '3c262a04fc5bd809c6cbcaf122e1638a') in 0.012529 seconds
Number of updated asset objects reloaded before import = 0
Number of asset objects unloaded after import = 9
========================================================================
Received Import Request.
  Time since last request: 0.000020 seconds.
  path: Assets/PolygonPirates/Prefabs/Items/SM_Item_Bomb_01.prefab
  artifactKey: Guid(0c74bb863bb2ece4193dd15ae219eb9b) Importer(815301076,1909f56bfc062723c751e8b465ee728b)
Start importing Assets/PolygonPirates/Prefabs/Items/SM_Item_Bomb_01.prefab using Guid(0c74bb863bb2ece4193dd15ae219eb9b) Importer(815301076,1909f56bfc062723c751e8b465ee728b)  -> (artifact id: '779341fafcb442c07facf6cd3cb115e0') in 0.019914 seconds
Number of updated asset objects reloaded before import = 0
Number of asset objects unloaded after import = 12
========================================================================
Received Import Request.
  Time since last request: 0.014740 seconds.
  path: Assets/PolygonPirates/Prefabs/Items/SM_Item_Bottle_03.prefab
  artifactKey: Guid(eb2834de9304430498a4187bc75d9c2d) Importer(815301076,1909f56bfc062723c751e8b465ee728b)
Start importing Assets/PolygonPirates/Prefabs/Items/SM_Item_Bottle_03.prefab using Guid(eb2834de9304430498a4187bc75d9c2d) Importer(815301076,1909f56bfc062723c751e8b465ee728b)  -> (artifact id: 'aa065ebdc0de0f29b1fa70beec355337') in 0.019806 seconds
Number of updated asset objects reloaded before import = 0
Number of asset objects unloaded after import = 12
========================================================================
Received Import Request.
  Time since last request: 0.000015 seconds.
  path: Assets/PolygonPirates/Prefabs/Items/SM_Item_Bottle_Attachment_01.prefab
  artifactKey: Guid(4318f89cf0c834647a6b517d0203fe4f) Importer(815301076,1909f56bfc062723c751e8b465ee728b)
Start importing Assets/PolygonPirates/Prefabs/Items/SM_Item_Bottle_Attachment_01.prefab using Guid(4318f89cf0c834647a6b517d0203fe4f) Importer(815301076,1909f56bfc062723c751e8b465ee728b)  -> (artifact id: 'a528f8da93414b3796da4c8170b2ed8b') in 0.019607 seconds
Number of updated asset objects reloaded before import = 0
Number of asset objects unloaded after import = 12
========================================================================
Received Import Request.
  Time since last request: 0.000015 seconds.
  path: Assets/PolygonPirates/Prefabs/Items/SM_Item_Candle_01.prefab
  artifactKey: Guid(3b7fea9a60142b441881a77769d1523d) Importer(815301076,1909f56bfc062723c751e8b465ee728b)
Start importing Assets/PolygonPirates/Prefabs/Items/SM_Item_Candle_01.prefab using Guid(3b7fea9a60142b441881a77769d1523d) Importer(815301076,1909f56bfc062723c751e8b465ee728b)  -> (artifact id: '5b70d87ac963fa78d3f2f5cfb170fd9a') in 0.018477 seconds
Number of updated asset objects reloaded before import = 0
Number of asset objects unloaded after import = 12
========================================================================
Received Import Request.
  Time since last request: 0.000022 seconds.
  path: Assets/PolygonPirates/Prefabs/Items/SM_Item_Coins_02.prefab
  artifactKey: Guid(69af1ce6715b80744a7ffab71c4a40a4) Importer(815301076,1909f56bfc062723c751e8b465ee728b)
Start importing Assets/PolygonPirates/Prefabs/Items/SM_Item_Coins_02.prefab using Guid(69af1ce6715b80744a7ffab71c4a40a4) Importer(815301076,1909f56bfc062723c751e8b465ee728b)  -> (artifact id: 'a6981eadb362e21bf73073da1ae27f1d') in 0.018428 seconds
Number of updated asset objects reloaded before import = 0
Number of asset objects unloaded after import = 12
========================================================================
Received Import Request.
  Time since last request: 0.000020 seconds.
  path: Assets/PolygonPirates/Prefabs/Items/SM_Item_Flask_01.prefab
  artifactKey: Guid(d7d03568cdf14ed4fa3cea675f76b366) Importer(815301076,1909f56bfc062723c751e8b465ee728b)
Start importing Assets/PolygonPirates/Prefabs/Items/SM_Item_Flask_01.prefab using Guid(d7d03568cdf14ed4fa3cea675f76b366) Importer(815301076,1909f56bfc062723c751e8b465ee728b)  -> (artifact id: 'de9a190e8cce245bf0fb4249a2830328') in 0.025901 seconds
Number of updated asset objects reloaded before import = 0
Number of asset objects unloaded after import = 12
========================================================================
Received Import Request.
  Time since last request: 0.000015 seconds.
  path: Assets/PolygonPirates/Prefabs/Items/SM_Item_Bottle_Candle_02.prefab
  artifactKey: Guid(cfdf9904baa544d47bbc141a59d04908) Importer(815301076,1909f56bfc062723c751e8b465ee728b)
Start importing Assets/PolygonPirates/Prefabs/Items/SM_Item_Bottle_Candle_02.prefab using Guid(cfdf9904baa544d47bbc141a59d04908) Importer(815301076,1909f56bfc062723c751e8b465ee728b)  -> (artifact id: 'a48750242635683095168921ad99b295') in 0.022986 seconds
Number of updated asset objects reloaded before import = 0
Number of asset objects unloaded after import = 12
========================================================================
Received Import Request.
  Time since last request: 0.000012 seconds.
  path: Assets/PolygonPirates/Prefabs/Items/SM_Item_Candelabra_01.prefab
  artifactKey: Guid(69a1e128858f35f439089bf0602936cd) Importer(815301076,1909f56bfc062723c751e8b465ee728b)
Start importing Assets/PolygonPirates/Prefabs/Items/SM_Item_Candelabra_01.prefab using Guid(69a1e128858f35f439089bf0602936cd) Importer(815301076,1909f56bfc062723c751e8b465ee728b)  -> (artifact id: '806e287348afcc9a6d2cb3c41455cdb2') in 0.021515 seconds
Number of updated asset objects reloaded before import = 0
Number of asset objects unloaded after import = 12
========================================================================
Received Import Request.
  Time since last request: 0.000015 seconds.
  path: Assets/PolygonPirates/Prefabs/Items/SM_Item_Compass_01.prefab
  artifactKey: Guid(6d6269edd55ce0e48ba037de57852c02) Importer(815301076,1909f56bfc062723c751e8b465ee728b)
Start importing Assets/PolygonPirates/Prefabs/Items/SM_Item_Compass_01.prefab using Guid(6d6269edd55ce0e48ba037de57852c02) Importer(815301076,1909f56bfc062723c751e8b465ee728b)  -> (artifact id: '2ce5dba72bbae3651c028f55edb5c417') in 0.027353 seconds
Number of updated asset objects reloaded before import = 0
Number of asset objects unloaded after import = 12
========================================================================
Received Import Request.
  Time since last request: 0.000015 seconds.
  path: Assets/PolygonPirates/Prefabs/Items/SM_Item_Bottle_Candle_01.prefab
  artifactKey: Guid(20f2557ed4f8d9b4393e2dac74eead8a) Importer(815301076,1909f56bfc062723c751e8b465ee728b)
Start importing Assets/PolygonPirates/Prefabs/Items/SM_Item_Bottle_Candle_01.prefab using Guid(20f2557ed4f8d9b4393e2dac74eead8a) Importer(815301076,1909f56bfc062723c751e8b465ee728b)  -> (artifact id: '68d2705d57eecef0c9059f11ef5190d8') in 0.029333 seconds
Number of updated asset objects reloaded before import = 0
Number of asset objects unloaded after import = 12
Editor requested this worker to shutdown with reason: Scaling down because of idle timeout
TcpMessagingSession - receive error: operation aborted. errorcode: 995, details: The I/O operation has been aborted because of either a thread exit or an application request.
AssetImportWorker is now disconnected from the server
Process exiting
Exiting without the bug reporter. Application will terminate with return code 0